{"/Users/lillywu/Altheros-Capital/server/index.js": {"path":"/Users/lillywu/Altheros-Capital/server/index.js","statementMap":{"0":{"start":{"line":3,"column":0},"end":{"line":3,"column":45}},"1":{"start":{"line":4,"column":16},"end":{"line":4,"column":34}},"2":{"start":{"line":5,"column":13},"end":{"line":5,"column":28}},"3":{"start":{"line":6,"column":13},"end":{"line":6,"column":28}},"4":{"start":{"line":7,"column":19},"end":{"line":7,"column":49}},"5":{"start":{"line":8,"column":24},"end":{"line":8,"column":58}},"6":{"start":{"line":9,"column":17},"end":{"line":9,"column":45}},"7":{"start":{"line":10,"column":23},"end":{"line":10,"column":56}},"8":{"start":{"line":11,"column":29},"end":{"line":11,"column":64}},"9":{"start":{"line":12,"column":19},"end":{"line":12,"column":49}},"10":{"start":{"line":13,"column":23},"end":{"line":13,"column":57}},"11":{"start":{"line":16,"column":12},"end":{"line":16,"column":21}},"12":{"start":{"line":19,"column":15},"end":{"line":19,"column":37}},"13":{"start":{"line":22,"column":13},"end":{"line":22,"column":37}},"14":{"start":{"line":25,"column":0},"end":{"line":25,"column":16}},"15":{"start":{"line":26,"column":0},"end":{"line":26,"column":24}},"16":{"start":{"line":29,"column":0},"end":{"line":29,"column":33}},"17":{"start":{"line":31,"column":0},"end":{"line":31,"column":39}},"18":{"start":{"line":35,"column":0},"end":{"line":35,"column":25}},"19":{"start":{"line":38,"column":0},"end":{"line":38,"column":37}},"20":{"start":{"line":40,"column":0},"end":{"line":40,"column":29}},"21":{"start":{"line":42,"column":0},"end":{"line":42,"column":42}},"22":{"start":{"line":44,"column":0},"end":{"line":46,"column":3}},"23":{"start":{"line":45,"column":2},"end":{"line":45,"column":27}},"24":{"start":{"line":49,"column":0},"end":{"line":49,"column":25}},"25":{"start":{"line":51,"column":0},"end":{"line":53,"column":3}},"26":{"start":{"line":52,"column":2},"end":{"line":52,"column":48}},"27":{"start":{"line":55,"column":0},"end":{"line":55,"column":21}}},"fnMap":{"0":{"name":"(anonymous_0)","decl":{"start":{"line":44,"column":8},"end":{"line":44,"column":9}},"loc":{"start":{"line":44,"column":33},"end":{"line":46,"column":1}},"line":44},"1":{"name":"(anonymous_1)","decl":{"start":{"line":51,"column":20},"end":{"line":51,"column":21}},"loc":{"start":{"line":51,"column":26},"end":{"line":53,"column":1}},"line":51}},"branchMap":{"0":{"loc":{"start":{"line":22,"column":13},"end":{"line":22,"column":37}},"type":"binary-expr","locations":[{"start":{"line":22,"column":13},"end":{"line":22,"column":29}},{"start":{"line":22,"column":33},"end":{"line":22,"column":37}}],"line":22}},"s":{"0":1,"1":1,"2":1,"3":1,"4":1,"5":1,"6":1,"7":1,"8":1,"9":1,"10":1,"11":1,"12":1,"13":1,"14":1,"15":1,"16":1,"17":1,"18":1,"19":1,"20":1,"21":1,"22":1,"23":0,"24":1,"25":1,"26":1,"27":1},"f":{"0":0,"1":1},"b":{"0":[1,1]},"_coverageSchema":"1a1c01bbd47fc00a2c39e90264f33305004495a9","hash":"e135cfba31776d29d872df7cecf9291ae91cf31a"}
,"/Users/lillywu/Altheros-Capital/server/controllers/aiController.js": {"path":"/Users/lillywu/Altheros-Capital/server/controllers/aiController.js","statementMap":{"0":{"start":{"line":1,"column":28},"end":{"line":1,"column":60}},"1":{"start":{"line":4,"column":4},"end":{"line":16,"column":5}},"2":{"start":{"line":5,"column":27},"end":{"line":5,"column":35}},"3":{"start":{"line":6,"column":8},"end":{"line":8,"column":9}},"4":{"start":{"line":7,"column":12},"end":{"line":7,"column":73}},"5":{"start":{"line":10,"column":23},"end":{"line":10,"column":54}},"6":{"start":{"line":11,"column":8},"end":{"line":11,"column":29}},"7":{"start":{"line":14,"column":8},"end":{"line":14,"column":27}},"8":{"start":{"line":15,"column":8},"end":{"line":15,"column":61}},"9":{"start":{"line":20,"column":0},"end":{"line":20,"column":28}}},"fnMap":{"0":{"name":"postAI","decl":{"start":{"line":3,"column":15},"end":{"line":3,"column":21}},"loc":{"start":{"line":3,"column":32},"end":{"line":18,"column":1}},"line":3}},"branchMap":{"0":{"loc":{"start":{"line":6,"column":8},"end":{"line":8,"column":9}},"type":"if","locations":[{"start":{"line":6,"column":8},"end":{"line":8,"column":9}},{"start":{},"end":{}}],"line":6}},"s":{"0":1,"1":0,"2":0,"3":0,"4":0,"5":0,"6":0,"7":0,"8":0,"9":1},"f":{"0":0},"b":{"0":[0,0]},"_coverageSchema":"1a1c01bbd47fc00a2c39e90264f33305004495a9","hash":"47c1dc62ed16d1b06140b04fe093126c52f13598"}
,"/Users/lillywu/Altheros-Capital/server/controllers/authController.js": {"path":"/Users/lillywu/Altheros-Capital/server/controllers/authController.js","statementMap":{"0":{"start":{"line":1,"column":13},"end":{"line":1,"column":34}},"1":{"start":{"line":2,"column":39},"end":{"line":2,"column":76}},"2":{"start":{"line":3,"column":11},"end":{"line":3,"column":32}},"3":{"start":{"line":4,"column":15},"end":{"line":4,"column":32}},"4":{"start":{"line":5,"column":19},"end":{"line":5,"column":21}},"5":{"start":{"line":9,"column":2},"end":{"line":21,"column":3}},"6":{"start":{"line":10,"column":58},"end":{"line":10,"column":66}},"7":{"start":{"line":11,"column":21},"end":{"line":16,"column":6}},"8":{"start":{"line":17,"column":4},"end":{"line":17,"column":59}},"9":{"start":{"line":19,"column":4},"end":{"line":19,"column":41}},"10":{"start":{"line":20,"column":4},"end":{"line":20,"column":49}},"11":{"start":{"line":26,"column":2},"end":{"line":205,"column":3}},"12":{"start":{"line":27,"column":17},"end":{"line":27,"column":30}},"13":{"start":{"line":28,"column":16},"end":{"line":28,"column":40}},"14":{"start":{"line":30,"column":4},"end":{"line":199,"column":5}},"15":{"start":{"line":48,"column":10},"end":{"line":48,"column":18}},"16":{"start":{"line":49,"column":60},"end":{"line":49,"column":64}},"17":{"start":{"line":56,"column":10},"end":{"line":56,"column":21}},"18":{"start":{"line":58,"column":29},"end":{"line":58,"column":68}},"19":{"start":{"line":61,"column":20},"end":{"line":68,"column":7}},"20":{"start":{"line":70,"column":21},"end":{"line":86,"column":7}},"21":{"start":{"line":88,"column":21},"end":{"line":88,"column":50}},"22":{"start":{"line":89,"column":24},"end":{"line":89,"column":49}},"23":{"start":{"line":92,"column":6},"end":{"line":99,"column":7}},"24":{"start":{"line":93,"column":35},"end":{"line":96,"column":9}},"25":{"start":{"line":97,"column":30},"end":{"line":97,"column":55}},"26":{"start":{"line":98,"column":8},"end":{"line":98,"column":58}},"27":{"start":{"line":102,"column":25},"end":{"line":102,"column":44}},"28":{"start":{"line":103,"column":34},"end":{"line":106,"column":7}},"29":{"start":{"line":107,"column":29},"end":{"line":107,"column":52}},"30":{"start":{"line":108,"column":6},"end":{"line":108,"column":58}},"31":{"start":{"line":111,"column":30},"end":{"line":122,"column":7}},"32":{"start":{"line":124,"column":31},"end":{"line":132,"column":7}},"33":{"start":{"line":134,"column":6},"end":{"line":134,"column":56}},"34":{"start":{"line":136,"column":6},"end":{"line":136,"column":41}},"35":{"start":{"line":137,"column":11},"end":{"line":199,"column":5}},"36":{"start":{"line":154,"column":10},"end":{"line":154,"column":18}},"37":{"start":{"line":156,"column":60},"end":{"line":156,"column":64}},"38":{"start":{"line":157,"column":29},"end":{"line":157,"column":68}},"39":{"start":{"line":159,"column":20},"end":{"line":171,"column":5}},"40":{"start":{"line":173,"column":21},"end":{"line":194,"column":7}},"41":{"start":{"line":196,"column":6},"end":{"line":196,"column":36}},"42":{"start":{"line":198,"column":6},"end":{"line":198,"column":41}},"43":{"start":{"line":201,"column":4},"end":{"line":201,"column":68}},"44":{"start":{"line":203,"column":4},"end":{"line":203,"column":49}},"45":{"start":{"line":204,"column":4},"end":{"line":204,"column":68}},"46":{"start":{"line":209,"column":20},"end":{"line":209,"column":28}},"47":{"start":{"line":210,"column":19},"end":{"line":210,"column":39}},"48":{"start":{"line":211,"column":20},"end":{"line":211,"column":74}},"49":{"start":{"line":212,"column":2},"end":{"line":212,"column":44}},"50":{"start":{"line":213,"column":2},"end":{"line":213,"column":72}},"51":{"start":{"line":216,"column":0},"end":{"line":216,"column":62}}},"fnMap":{"0":{"name":"cognito_signup","decl":{"start":{"line":8,"column":15},"end":{"line":8,"column":29}},"loc":{"start":{"line":8,"column":40},"end":{"line":22,"column":1}},"line":8},"1":{"name":"signUpHelper","decl":{"start":{"line":24,"column":15},"end":{"line":24,"column":27}},"loc":{"start":{"line":24,"column":38},"end":{"line":206,"column":1}},"line":24},"2":{"name":"addToGroup","decl":{"start":{"line":208,"column":15},"end":{"line":208,"column":25}},"loc":{"start":{"line":208,"column":36},"end":{"line":214,"column":1}},"line":208}},"branchMap":{"0":{"loc":{"start":{"line":30,"column":4},"end":{"line":199,"column":5}},"type":"if","locations":[{"start":{"line":30,"column":4},"end":{"line":199,"column":5}},{"start":{"line":137,"column":11},"end":{"line":199,"column":5}}],"line":30},"1":{"loc":{"start":{"line":39,"column":8},"end":{"line":39,"column":24}},"type":"default-arg","locations":[{"start":{"line":39,"column":20},"end":{"line":39,"column":24}}],"line":39},"2":{"loc":{"start":{"line":40,"column":8},"end":{"line":40,"column":33}},"type":"default-arg","locations":[{"start":{"line":40,"column":29},"end":{"line":40,"column":33}}],"line":40},"3":{"loc":{"start":{"line":44,"column":8},"end":{"line":44,"column":21}},"type":"default-arg","locations":[{"start":{"line":44,"column":19},"end":{"line":44,"column":21}}],"line":44},"4":{"loc":{"start":{"line":45,"column":8},"end":{"line":45,"column":22}},"type":"default-arg","locations":[{"start":{"line":45,"column":20},"end":{"line":45,"column":22}}],"line":45},"5":{"loc":{"start":{"line":46,"column":8},"end":{"line":46,"column":24}},"type":"default-arg","locations":[{"start":{"line":46,"column":22},"end":{"line":46,"column":24}}],"line":46},"6":{"loc":{"start":{"line":47,"column":8},"end":{"line":47,"column":17}},"type":"default-arg","locations":[{"start":{"line":47,"column":15},"end":{"line":47,"column":17}}],"line":47},"7":{"loc":{"start":{"line":51,"column":8},"end":{"line":51,"column":38}},"type":"default-arg","locations":[{"start":{"line":51,"column":34},"end":{"line":51,"column":38}}],"line":51},"8":{"loc":{"start":{"line":52,"column":8},"end":{"line":52,"column":24}},"type":"default-arg","locations":[{"start":{"line":52,"column":19},"end":{"line":52,"column":24}}],"line":52},"9":{"loc":{"start":{"line":53,"column":8},"end":{"line":53,"column":33}},"type":"default-arg","locations":[{"start":{"line":53,"column":29},"end":{"line":53,"column":33}}],"line":53},"10":{"loc":{"start":{"line":54,"column":8},"end":{"line":54,"column":33}},"type":"default-arg","locations":[{"start":{"line":54,"column":28},"end":{"line":54,"column":33}}],"line":54},"11":{"loc":{"start":{"line":55,"column":8},"end":{"line":55,"column":28}},"type":"default-arg","locations":[{"start":{"line":55,"column":23},"end":{"line":55,"column":28}}],"line":55},"12":{"loc":{"start":{"line":137,"column":11},"end":{"line":199,"column":5}},"type":"if","locations":[{"start":{"line":137,"column":11},"end":{"line":199,"column":5}},{"start":{},"end":{}}],"line":137},"13":{"loc":{"start":{"line":139,"column":8},"end":{"line":139,"column":31}},"type":"default-arg","locations":[{"start":{"line":139,"column":29},"end":{"line":139,"column":31}}],"line":139},"14":{"loc":{"start":{"line":141,"column":8},"end":{"line":141,"column":22}},"type":"default-arg","locations":[{"start":{"line":141,"column":20},"end":{"line":141,"column":22}}],"line":141},"15":{"loc":{"start":{"line":145,"column":8},"end":{"line":145,"column":25}},"type":"default-arg","locations":[{"start":{"line":145,"column":23},"end":{"line":145,"column":25}}],"line":145},"16":{"loc":{"start":{"line":147,"column":8},"end":{"line":147,"column":22}},"type":"default-arg","locations":[{"start":{"line":147,"column":20},"end":{"line":147,"column":22}}],"line":147},"17":{"loc":{"start":{"line":153,"column":8},"end":{"line":153,"column":17}},"type":"default-arg","locations":[{"start":{"line":153,"column":15},"end":{"line":153,"column":17}}],"line":153},"18":{"loc":{"start":{"line":211,"column":20},"end":{"line":211,"column":74}},"type":"cond-expr","locations":[{"start":{"line":211,"column":50},"end":{"line":211,"column":60}},{"start":{"line":211,"column":63},"end":{"line":211,"column":74}}],"line":211}},"s":{"0":1,"1":1,"2":1,"3":1,"4":1,"5":0,"6":0,"7":0,"8":0,"9":0,"10":0,"11":0,"12":0,"13":0,"14":0,"15":0,"16":0,"17":0,"18":0,"19":0,"20":0,"21":0,"22":0,"23":0,"24":0,"25":0,"26":0,"27":0,"28":0,"29":0,"30":0,"31":0,"32":0,"33":0,"34":0,"35":0,"36":0,"37":0,"38":0,"39":0,"40":0,"41":0,"42":0,"43":0,"44":0,"45":0,"46":0,"47":0,"48":0,"49":0,"50":0,"51":1},"f":{"0":0,"1":0,"2":0},"b":{"0":[0,0],"1":[0],"2":[0],"3":[0],"4":[0],"5":[0],"6":[0],"7":[0],"8":[0],"9":[0],"10":[0],"11":[0],"12":[0,0],"13":[0],"14":[0],"15":[0],"16":[0],"17":[0],"18":[0,0]},"_coverageSchema":"1a1c01bbd47fc00a2c39e90264f33305004495a9","hash":"d1809972ff499859179b18f1ad34b29b58fa770e"}
,"/Users/lillywu/Altheros-Capital/server/controllers/calendlyController.js": {"path":"/Users/lillywu/Altheros-Capital/server/controllers/calendlyController.js","statementMap":{"0":{"start":{"line":2,"column":4},"end":{"line":2,"column":51}},"1":{"start":{"line":3,"column":31},"end":{"line":3,"column":39}},"2":{"start":{"line":4,"column":4},"end":{"line":4,"column":46}},"3":{"start":{"line":5,"column":4},"end":{"line":13,"column":5}},"4":{"start":{"line":6,"column":26},"end":{"line":6,"column":75}},"5":{"start":{"line":7,"column":24},"end":{"line":7,"column":39}},"6":{"start":{"line":8,"column":21},"end":{"line":8,"column":45}},"7":{"start":{"line":9,"column":8},"end":{"line":9,"column":40}},"8":{"start":{"line":10,"column":8},"end":{"line":10,"column":42}},"9":{"start":{"line":11,"column":8},"end":{"line":11,"column":61}},"10":{"start":{"line":12,"column":8},"end":{"line":12,"column":35}},"11":{"start":{"line":14,"column":4},"end":{"line":20,"column":5}},"12":{"start":{"line":15,"column":26},"end":{"line":15,"column":75}},"13":{"start":{"line":16,"column":24},"end":{"line":16,"column":39}},"14":{"start":{"line":17,"column":8},"end":{"line":17,"column":45}},"15":{"start":{"line":18,"column":8},"end":{"line":18,"column":42}},"16":{"start":{"line":19,"column":8},"end":{"line":19,"column":61}},"17":{"start":{"line":21,"column":4},"end":{"line":21,"column":24}},"18":{"start":{"line":24,"column":0},"end":{"line":24,"column":37}}},"fnMap":{"0":{"name":"getCalendlyEvents","decl":{"start":{"line":1,"column":15},"end":{"line":1,"column":32}},"loc":{"start":{"line":1,"column":43},"end":{"line":22,"column":1}},"line":1}},"branchMap":{"0":{"loc":{"start":{"line":5,"column":4},"end":{"line":13,"column":5}},"type":"if","locations":[{"start":{"line":5,"column":4},"end":{"line":13,"column":5}},{"start":{},"end":{}}],"line":5},"1":{"loc":{"start":{"line":14,"column":4},"end":{"line":20,"column":5}},"type":"if","locations":[{"start":{"line":14,"column":4},"end":{"line":20,"column":5}},{"start":{},"end":{}}],"line":14}},"s":{"0":0,"1":0,"2":0,"3":0,"4":0,"5":0,"6":0,"7":0,"8":0,"9":0,"10":0,"11":0,"12":0,"13":0,"14":0,"15":0,"16":0,"17":0,"18":1},"f":{"0":0},"b":{"0":[0,0],"1":[0,0]},"_coverageSchema":"1a1c01bbd47fc00a2c39e90264f33305004495a9","hash":"478340f750a5f7d5036fd30f896b4597eedb180e"}
,"/Users/lillywu/Altheros-Capital/server/controllers/chatController.js": {"path":"/Users/lillywu/Altheros-Capital/server/controllers/chatController.js","statementMap":{"0":{"start":{"line":1,"column":20},"end":{"line":1,"column":54}},"1":{"start":{"line":2,"column":16},"end":{"line":2,"column":46}},"2":{"start":{"line":3,"column":0},"end":{"line":3,"column":45}},"3":{"start":{"line":14,"column":2},"end":{"line":14,"column":22}},"4":{"start":{"line":16,"column":18},"end":{"line":20,"column":3}},"5":{"start":{"line":21,"column":2},"end":{"line":21,"column":60}},"6":{"start":{"line":22,"column":2},"end":{"line":22,"column":51}},"7":{"start":{"line":35,"column":48},"end":{"line":35,"column":52}},"8":{"start":{"line":36,"column":17},"end":{"line":36,"column":33}},"9":{"start":{"line":39,"column":4},"end":{"line":45,"column":58}},"10":{"start":{"line":48,"column":2},"end":{"line":48,"column":49}},"11":{"start":{"line":55,"column":15},"end":{"line":55,"column":32}},"12":{"start":{"line":66,"column":18},"end":{"line":70,"column":3}},"13":{"start":{"line":72,"column":2},"end":{"line":74,"column":3}},"14":{"start":{"line":73,"column":4},"end":{"line":73,"column":49}},"15":{"start":{"line":76,"column":2},"end":{"line":76,"column":38}},"16":{"start":{"line":80,"column":27},"end":{"line":80,"column":35}},"17":{"start":{"line":82,"column":15},"end":{"line":82,"column":76}},"18":{"start":{"line":83,"column":2},"end":{"line":83,"column":17}},"19":{"start":{"line":87,"column":21},"end":{"line":87,"column":31}},"20":{"start":{"line":88,"column":19},"end":{"line":88,"column":64}},"21":{"start":{"line":89,"column":2},"end":{"line":89,"column":21}},"22":{"start":{"line":93,"column":21},"end":{"line":93,"column":31}},"23":{"start":{"line":94,"column":19},"end":{"line":94,"column":48}},"24":{"start":{"line":95,"column":2},"end":{"line":95,"column":61}},"25":{"start":{"line":96,"column":2},"end":{"line":96,"column":25}},"26":{"start":{"line":100,"column":19},"end":{"line":100,"column":48}},"27":{"start":{"line":101,"column":18},"end":{"line":101,"column":56}},"28":{"start":{"line":102,"column":2},"end":{"line":102,"column":20}},"29":{"start":{"line":106,"column":22},"end":{"line":106,"column":30}},"30":{"start":{"line":107,"column":15},"end":{"line":107,"column":23}},"31":{"start":{"line":108,"column":2},"end":{"line":119,"column":3}},"32":{"start":{"line":109,"column":4},"end":{"line":109,"column":75}},"33":{"start":{"line":110,"column":9},"end":{"line":119,"column":3}},"34":{"start":{"line":111,"column":4},"end":{"line":111,"column":47}},"35":{"start":{"line":112,"column":4},"end":{"line":112,"column":33}},"36":{"start":{"line":113,"column":4},"end":{"line":115,"column":7}},"37":{"start":{"line":117,"column":4},"end":{"line":117,"column":28}},"38":{"start":{"line":118,"column":4},"end":{"line":118,"column":23}},"39":{"start":{"line":121,"column":21},"end":{"line":126,"column":4}},"40":{"start":{"line":128,"column":2},"end":{"line":128,"column":35}},"41":{"start":{"line":132,"column":24},"end":{"line":132,"column":34}},"42":{"start":{"line":133,"column":24},"end":{"line":133,"column":32}},"43":{"start":{"line":134,"column":2},"end":{"line":137,"column":5}},"44":{"start":{"line":138,"column":2},"end":{"line":138,"column":25}},"45":{"start":{"line":141,"column":0},"end":{"line":151,"column":2}}},"fnMap":{"0":{"name":"handleJoin","decl":{"start":{"line":13,"column":9},"end":{"line":13,"column":19}},"loc":{"start":{"line":13,"column":57},"end":{"line":23,"column":1}},"line":13},"1":{"name":"handleMessage","decl":{"start":{"line":34,"column":9},"end":{"line":34,"column":22}},"loc":{"start":{"line":34,"column":41},"end":{"line":49,"column":1}},"line":34},"2":{"name":"handleDisconnect","decl":{"start":{"line":54,"column":9},"end":{"line":54,"column":25}},"loc":{"start":{"line":54,"column":38},"end":{"line":77,"column":1}},"line":54},"3":{"name":"createOrGetChat","decl":{"start":{"line":79,"column":15},"end":{"line":79,"column":30}},"loc":{"start":{"line":79,"column":41},"end":{"line":84,"column":1}},"line":79},"4":{"name":"getChatMessages","decl":{"start":{"line":86,"column":15},"end":{"line":86,"column":30}},"loc":{"start":{"line":86,"column":41},"end":{"line":90,"column":1}},"line":86},"5":{"name":"deleteChat","decl":{"start":{"line":92,"column":15},"end":{"line":92,"column":25}},"loc":{"start":{"line":92,"column":36},"end":{"line":97,"column":1}},"line":92},"6":{"name":"getChatIds","decl":{"start":{"line":99,"column":15},"end":{"line":99,"column":25}},"loc":{"start":{"line":99,"column":36},"end":{"line":103,"column":1}},"line":99},"7":{"name":"createMessage","decl":{"start":{"line":105,"column":15},"end":{"line":105,"column":28}},"loc":{"start":{"line":105,"column":39},"end":{"line":129,"column":1}},"line":105},"8":{"name":"deleteMessage","decl":{"start":{"line":131,"column":15},"end":{"line":131,"column":28}},"loc":{"start":{"line":131,"column":39},"end":{"line":139,"column":1}},"line":131}},"branchMap":{"0":{"loc":{"start":{"line":39,"column":4},"end":{"line":45,"column":58}},"type":"cond-expr","locations":[{"start":{"line":40,"column":8},"end":{"line":44,"column":9}},{"start":{"line":45,"column":8},"end":{"line":45,"column":58}}],"line":39},"1":{"loc":{"start":{"line":108,"column":2},"end":{"line":119,"column":3}},"type":"if","locations":[{"start":{"line":108,"column":2},"end":{"line":119,"column":3}},{"start":{"line":110,"column":9},"end":{"line":119,"column":3}}],"line":108},"2":{"loc":{"start":{"line":108,"column":6},"end":{"line":108,"column":23}},"type":"binary-expr","locations":[{"start":{"line":108,"column":6},"end":{"line":108,"column":11}},{"start":{"line":108,"column":15},"end":{"line":108,"column":23}}],"line":108},"3":{"loc":{"start":{"line":110,"column":9},"end":{"line":119,"column":3}},"type":"if","locations":[{"start":{"line":110,"column":9},"end":{"line":119,"column":3}},{"start":{"line":116,"column":9},"end":{"line":119,"column":3}}],"line":110}},"s":{"0":1,"1":1,"2":1,"3":0,"4":0,"5":0,"6":0,"7":0,"8":0,"9":0,"10":0,"11":0,"12":0,"13":0,"14":0,"15":0,"16":1,"17":1,"18":1,"19":0,"20":0,"21":0,"22":0,"23":0,"24":0,"25":0,"26":0,"27":0,"28":0,"29":0,"30":0,"31":0,"32":0,"33":0,"34":0,"35":0,"36":0,"37":0,"38":0,"39":0,"40":0,"41":0,"42":0,"43":0,"44":0,"45":1},"f":{"0":0,"1":0,"2":0,"3":1,"4":0,"5":0,"6":0,"7":0,"8":0},"b":{"0":[0,0],"1":[0,0],"2":[0,0],"3":[0,0]},"_coverageSchema":"1a1c01bbd47fc00a2c39e90264f33305004495a9","hash":"87678c6ad0951a177369e264d4d670a92587bc1d"}
,"/Users/lillywu/Altheros-Capital/server/controllers/headshotController.js": {"path":"/Users/lillywu/Altheros-Capital/server/controllers/headshotController.js","statementMap":{"0":{"start":{"line":1,"column":23},"end":{"line":1,"column":55}},"1":{"start":{"line":2,"column":35},"end":{"line":2,"column":73}},"2":{"start":{"line":4,"column":23},"end":{"line":29,"column":1}},"3":{"start":{"line":5,"column":2},"end":{"line":28,"column":3}},"4":{"start":{"line":6,"column":17},"end":{"line":6,"column":25}},"5":{"start":{"line":7,"column":23},"end":{"line":7,"column":35}},"6":{"start":{"line":9,"column":4},"end":{"line":11,"column":5}},"7":{"start":{"line":10,"column":6},"end":{"line":10,"column":65}},"8":{"start":{"line":13,"column":22},"end":{"line":13,"column":49}},"9":{"start":{"line":14,"column":16},"end":{"line":14,"column":54}},"10":{"start":{"line":16,"column":21},"end":{"line":21,"column":6}},"11":{"start":{"line":22,"column":4},"end":{"line":22,"column":55}},"12":{"start":{"line":24,"column":4},"end":{"line":24,"column":39}},"13":{"start":{"line":26,"column":4},"end":{"line":26,"column":58}},"14":{"start":{"line":27,"column":4},"end":{"line":27,"column":75}},"15":{"start":{"line":31,"column":0},"end":{"line":31,"column":36}}},"fnMap":{"0":{"name":"(anonymous_0)","decl":{"start":{"line":4,"column":23},"end":{"line":4,"column":24}},"loc":{"start":{"line":4,"column":43},"end":{"line":29,"column":1}},"line":4}},"branchMap":{"0":{"loc":{"start":{"line":9,"column":4},"end":{"line":11,"column":5}},"type":"if","locations":[{"start":{"line":9,"column":4},"end":{"line":11,"column":5}},{"start":{},"end":{}}],"line":9}},"s":{"0":1,"1":1,"2":1,"3":0,"4":0,"5":0,"6":0,"7":0,"8":0,"9":0,"10":0,"11":0,"12":0,"13":0,"14":0,"15":1},"f":{"0":0},"b":{"0":[0,0]},"_coverageSchema":"1a1c01bbd47fc00a2c39e90264f33305004495a9","hash":"62f22364b6689200f6531a60f8e56d19f7dc5783"}
,"/Users/lillywu/Altheros-Capital/server/controllers/providerController.js": {"path":"/Users/lillywu/Altheros-Capital/server/controllers/providerController.js","statementMap":{"0":{"start":{"line":1,"column":24},"end":{"line":1,"column":62}},"1":{"start":{"line":15,"column":2},"end":{"line":55,"column":3}},"2":{"start":{"line":25,"column":8},"end":{"line":25,"column":17}},"3":{"start":{"line":27,"column":19},"end":{"line":35,"column":6}},"4":{"start":{"line":37,"column":4},"end":{"line":49,"column":7}},"5":{"start":{"line":53,"column":4},"end":{"line":53,"column":36}},"6":{"start":{"line":54,"column":4},"end":{"line":54,"column":84}},"7":{"start":{"line":61,"column":21},"end":{"line":61,"column":34}},"8":{"start":{"line":62,"column":2},"end":{"line":73,"column":3}},"9":{"start":{"line":63,"column":19},"end":{"line":63,"column":64}},"10":{"start":{"line":65,"column":4},"end":{"line":67,"column":5}},"11":{"start":{"line":66,"column":6},"end":{"line":66,"column":67}},"12":{"start":{"line":68,"column":4},"end":{"line":68,"column":21}},"13":{"start":{"line":71,"column":4},"end":{"line":71,"column":36}},"14":{"start":{"line":72,"column":4},"end":{"line":72,"column":84}},"15":{"start":{"line":78,"column":0},"end":{"line":81,"column":2}}},"fnMap":{"0":{"name":"listProviders","decl":{"start":{"line":14,"column":15},"end":{"line":14,"column":28}},"loc":{"start":{"line":14,"column":39},"end":{"line":56,"column":1}},"line":14},"1":{"name":"getProvider","decl":{"start":{"line":60,"column":15},"end":{"line":60,"column":26}},"loc":{"start":{"line":60,"column":37},"end":{"line":75,"column":1}},"line":60}},"branchMap":{"0":{"loc":{"start":{"line":65,"column":4},"end":{"line":67,"column":5}},"type":"if","locations":[{"start":{"line":65,"column":4},"end":{"line":67,"column":5}},{"start":{},"end":{}}],"line":65}},"s":{"0":1,"1":0,"2":0,"3":0,"4":0,"5":0,"6":0,"7":0,"8":0,"9":0,"10":0,"11":0,"12":0,"13":0,"14":0,"15":1},"f":{"0":0,"1":0},"b":{"0":[0,0]},"_coverageSchema":"1a1c01bbd47fc00a2c39e90264f33305004495a9","hash":"65b5f33add40cb99efe5163a90ac3c6344f4cde6"}
,"/Users/lillywu/Altheros-Capital/server/db/pool.js": {"path":"/Users/lillywu/Altheros-Capital/server/db/pool.js","statementMap":{"0":{"start":{"line":1,"column":17},"end":{"line":1,"column":30}},"1":{"start":{"line":2,"column":0},"end":{"line":2,"column":52}},"2":{"start":{"line":4,"column":13},"end":{"line":11,"column":2}},"3":{"start":{"line":13,"column":0},"end":{"line":13,"column":22}}},"fnMap":{},"branchMap":{},"s":{"0":1,"1":1,"2":1,"3":1},"f":{},"b":{},"_coverageSchema":"1a1c01bbd47fc00a2c39e90264f33305004495a9","hash":"ca38805e3208a78c34c1d320cd3697a1c4e64020"}
,"/Users/lillywu/Altheros-Capital/server/routes/aiRoutes.js": {"path":"/Users/lillywu/Altheros-Capital/server/routes/aiRoutes.js","statementMap":{"0":{"start":{"line":1,"column":16},"end":{"line":1,"column":34}},"1":{"start":{"line":2,"column":15},"end":{"line":2,"column":31}},"2":{"start":{"line":4,"column":19},"end":{"line":4,"column":60}},"3":{"start":{"line":6,"column":0},"end":{"line":10,"column":2}},"4":{"start":{"line":12,"column":0},"end":{"line":12,"column":24}}},"fnMap":{},"branchMap":{},"s":{"0":1,"1":1,"2":1,"3":1,"4":1},"f":{},"b":{},"_coverageSchema":"1a1c01bbd47fc00a2c39e90264f33305004495a9","hash":"fe3a81bd69248aa94d04738b75a1b45ee891f779"}
,"/Users/lillywu/Altheros-Capital/server/routes/authRoutes.js": {"path":"/Users/lillywu/Altheros-Capital/server/routes/authRoutes.js","statementMap":{"0":{"start":{"line":1,"column":16},"end":{"line":1,"column":34}},"1":{"start":{"line":2,"column":15},"end":{"line":2,"column":31}},"2":{"start":{"line":7,"column":4},"end":{"line":7,"column":44}},"3":{"start":{"line":8,"column":20},"end":{"line":8,"column":56}},"4":{"start":{"line":10,"column":0},"end":{"line":15,"column":3}},"5":{"start":{"line":11,"column":2},"end":{"line":14,"column":5}},"6":{"start":{"line":17,"column":0},"end":{"line":17,"column":47}},"7":{"start":{"line":18,"column":0},"end":{"line":18,"column":50}},"8":{"start":{"line":19,"column":0},"end":{"line":19,"column":54}},"9":{"start":{"line":21,"column":0},"end":{"line":21,"column":24}}},"fnMap":{"0":{"name":"(anonymous_0)","decl":{"start":{"line":10,"column":38},"end":{"line":10,"column":39}},"loc":{"start":{"line":10,"column":52},"end":{"line":15,"column":1}},"line":10}},"branchMap":{},"s":{"0":1,"1":1,"2":1,"3":1,"4":1,"5":0,"6":1,"7":1,"8":1,"9":1},"f":{"0":0},"b":{},"_coverageSchema":"1a1c01bbd47fc00a2c39e90264f33305004495a9","hash":"dcdda6b5b4cc6904b10d152590bdab0f51dc12b2"}
,"/Users/lillywu/Altheros-Capital/server/routes/calendlyRoute.js": {"path":"/Users/lillywu/Altheros-Capital/server/routes/calendlyRoute.js","statementMap":{"0":{"start":{"line":1,"column":16},"end":{"line":1,"column":34}},"1":{"start":{"line":2,"column":15},"end":{"line":2,"column":31}},"2":{"start":{"line":3,"column":30},"end":{"line":3,"column":74}},"3":{"start":{"line":5,"column":0},"end":{"line":5,"column":42}},"4":{"start":{"line":7,"column":0},"end":{"line":7,"column":24}}},"fnMap":{},"branchMap":{},"s":{"0":1,"1":1,"2":1,"3":1,"4":1},"f":{},"b":{},"_coverageSchema":"1a1c01bbd47fc00a2c39e90264f33305004495a9","hash":"c992eae39469720649929f3d83fa3155c78539b3"}
,"/Users/lillywu/Altheros-Capital/server/routes/chatRoutes.js": {"path":"/Users/lillywu/Altheros-Capital/server/routes/chatRoutes.js","statementMap":{"0":{"start":{"line":1,"column":16},"end":{"line":1,"column":34}},"1":{"start":{"line":2,"column":21},"end":{"line":2,"column":53}},"2":{"start":{"line":3,"column":15},"end":{"line":3,"column":31}},"3":{"start":{"line":4,"column":23},"end":{"line":4,"column":63}},"4":{"start":{"line":5,"column":20},"end":{"line":5,"column":56}},"5":{"start":{"line":6,"column":15},"end":{"line":6,"column":32}},"6":{"start":{"line":7,"column":20},"end":{"line":7,"column":54}},"7":{"start":{"line":9,"column":15},"end":{"line":23,"column":2}},"8":{"start":{"line":12,"column":25},"end":{"line":12,"column":66}},"9":{"start":{"line":13,"column":4},"end":{"line":21,"column":5}},"10":{"start":{"line":18,"column":6},"end":{"line":18,"column":21}},"11":{"start":{"line":20,"column":6},"end":{"line":20,"column":74}},"12":{"start":{"line":25,"column":0},"end":{"line":31,"column":2}},"13":{"start":{"line":33,"column":0},"end":{"line":39,"column":2}},"14":{"start":{"line":41,"column":0},"end":{"line":46,"column":2}},"15":{"start":{"line":48,"column":0},"end":{"line":48,"column":76}},"16":{"start":{"line":50,"column":0},"end":{"line":55,"column":2}},"17":{"start":{"line":57,"column":0},"end":{"line":57,"column":70}},"18":{"start":{"line":59,"column":0},"end":{"line":59,"column":24}}},"fnMap":{"0":{"name":"(anonymous_0)","decl":{"start":{"line":11,"column":14},"end":{"line":11,"column":15}},"loc":{"start":{"line":11,"column":33},"end":{"line":22,"column":3}},"line":11}},"branchMap":{"0":{"loc":{"start":{"line":13,"column":4},"end":{"line":21,"column":5}},"type":"if","locations":[{"start":{"line":13,"column":4},"end":{"line":21,"column":5}},{"start":{"line":19,"column":11},"end":{"line":21,"column":5}}],"line":13},"1":{"loc":{"start":{"line":14,"column":6},"end":{"line":16,"column":40}},"type":"binary-expr","locations":[{"start":{"line":14,"column":6},"end":{"line":14,"column":42}},{"start":{"line":15,"column":6},"end":{"line":15,"column":40}},{"start":{"line":16,"column":6},"end":{"line":16,"column":40}}],"line":14}},"s":{"0":1,"1":1,"2":1,"3":1,"4":1,"5":1,"6":1,"7":1,"8":0,"9":0,"10":0,"11":0,"12":1,"13":1,"14":1,"15":1,"16":1,"17":1,"18":1},"f":{"0":0},"b":{"0":[0,0],"1":[0,0,0]},"_coverageSchema":"1a1c01bbd47fc00a2c39e90264f33305004495a9","hash":"05bbd63340878614fe26ba5dd2a2ab459c136e62"}
,"/Users/lillywu/Altheros-Capital/server/routes/headshotRoutes.js": {"path":"/Users/lillywu/Altheros-Capital/server/routes/headshotRoutes.js","statementMap":{"0":{"start":{"line":1,"column":16},"end":{"line":1,"column":34}},"1":{"start":{"line":2,"column":15},"end":{"line":2,"column":32}},"2":{"start":{"line":3,"column":27},"end":{"line":3,"column":71}},"3":{"start":{"line":4,"column":20},"end":{"line":4,"column":56}},"4":{"start":{"line":6,"column":15},"end":{"line":6,"column":31}},"5":{"start":{"line":8,"column":15},"end":{"line":18,"column":2}},"6":{"start":{"line":11,"column":25},"end":{"line":11,"column":52}},"7":{"start":{"line":12,"column":4},"end":{"line":16,"column":5}},"8":{"start":{"line":13,"column":6},"end":{"line":13,"column":21}},"9":{"start":{"line":15,"column":6},"end":{"line":15,"column":59}},"10":{"start":{"line":20,"column":0},"end":{"line":25,"column":2}},"11":{"start":{"line":27,"column":0},"end":{"line":27,"column":24}}},"fnMap":{"0":{"name":"(anonymous_0)","decl":{"start":{"line":10,"column":14},"end":{"line":10,"column":15}},"loc":{"start":{"line":10,"column":33},"end":{"line":17,"column":3}},"line":10}},"branchMap":{"0":{"loc":{"start":{"line":12,"column":4},"end":{"line":16,"column":5}},"type":"if","locations":[{"start":{"line":12,"column":4},"end":{"line":16,"column":5}},{"start":{"line":14,"column":11},"end":{"line":16,"column":5}}],"line":12}},"s":{"0":1,"1":1,"2":1,"3":1,"4":1,"5":1,"6":0,"7":0,"8":0,"9":0,"10":1,"11":1},"f":{"0":0},"b":{"0":[0,0]},"_coverageSchema":"1a1c01bbd47fc00a2c39e90264f33305004495a9","hash":"8fb093eed8439b110b29f018eec4dc7e8b990d92"}
,"/Users/lillywu/Altheros-Capital/server/routes/providerRoutes.js": {"path":"/Users/lillywu/Altheros-Capital/server/routes/providerRoutes.js","statementMap":{"0":{"start":{"line":1,"column":16},"end":{"line":1,"column":34}},"1":{"start":{"line":2,"column":15},"end":{"line":2,"column":31}},"2":{"start":{"line":4,"column":27},"end":{"line":4,"column":71}},"3":{"start":{"line":5,"column":20},"end":{"line":5,"column":56}},"4":{"start":{"line":6,"column":0},"end":{"line":6,"column":63}},"5":{"start":{"line":7,"column":0},"end":{"line":7,"column":64}},"6":{"start":{"line":10,"column":0},"end":{"line":10,"column":24}}},"fnMap":{},"branchMap":{},"s":{"0":1,"1":1,"2":1,"3":1,"4":1,"5":1,"6":1},"f":{},"b":{},"_coverageSchema":"1a1c01bbd47fc00a2c39e90264f33305004495a9","hash":"59718cadf983aaa0af858d42d5abcf4cd7d09631"}
,"/Users/lillywu/Altheros-Capital/server/services/aiService.js": {"path":"/Users/lillywu/Altheros-Capital/server/services/aiService.js","statementMap":{"0":{"start":{"line":6,"column":4},"end":{"line":6,"column":42}},"1":{"start":{"line":17,"column":0},"end":{"line":17,"column":39}}},"fnMap":{"0":{"name":"getResearchAnswer","decl":{"start":{"line":4,"column":15},"end":{"line":4,"column":32}},"loc":{"start":{"line":4,"column":41},"end":{"line":15,"column":1}},"line":4}},"branchMap":{},"s":{"0":0,"1":1},"f":{"0":0},"b":{},"_coverageSchema":"1a1c01bbd47fc00a2c39e90264f33305004495a9","hash":"056fd462d03a3828f3ee4013aef15c36ee82c1f1"}
,"/Users/lillywu/Altheros-Capital/server/services/chatService.js": {"path":"/Users/lillywu/Altheros-Capital/server/services/chatService.js","statementMap":{"0":{"start":{"line":1,"column":11},"end":{"line":1,"column":35}},"1":{"start":{"line":2,"column":16},"end":{"line":2,"column":46}},"2":{"start":{"line":3,"column":19},"end":{"line":3,"column":49}},"3":{"start":{"line":4,"column":18},"end":{"line":4,"column":43}},"4":{"start":{"line":5,"column":23},"end":{"line":5,"column":48}},"5":{"start":{"line":6,"column":0},"end":{"line":6,"column":45}},"6":{"start":{"line":8,"column":19},"end":{"line":8,"column":50}},"7":{"start":{"line":11,"column":2},"end":{"line":15,"column":4}},"8":{"start":{"line":19,"column":17},"end":{"line":19,"column":52}},"9":{"start":{"line":20,"column":16},"end":{"line":20,"column":107}},"10":{"start":{"line":21,"column":17},"end":{"line":21,"column":67}},"11":{"start":{"line":22,"column":2},"end":{"line":26,"column":69}},"12":{"start":{"line":43,"column":16},"end":{"line":48,"column":3}},"13":{"start":{"line":49,"column":19},"end":{"line":49,"column":51}},"14":{"start":{"line":50,"column":2},"end":{"line":54,"column":5}},"15":{"start":{"line":51,"column":4},"end":{"line":53,"column":5}},"16":{"start":{"line":52,"column":6},"end":{"line":52,"column":61}},"17":{"start":{"line":55,"column":2},"end":{"line":55,"column":14}},"18":{"start":{"line":60,"column":26},"end":{"line":60,"column":47}},"19":{"start":{"line":62,"column":2},"end":{"line":62,"column":62}},"20":{"start":{"line":64,"column":23},"end":{"line":72,"column":3}},"21":{"start":{"line":74,"column":2},"end":{"line":76,"column":3}},"22":{"start":{"line":75,"column":4},"end":{"line":75,"column":40}},"23":{"start":{"line":78,"column":21},"end":{"line":81,"column":3}},"24":{"start":{"line":83,"column":17},"end":{"line":83,"column":38}},"25":{"start":{"line":85,"column":17},"end":{"line":85,"column":75}},"26":{"start":{"line":85,"column":46},"end":{"line":85,"column":63}},"27":{"start":{"line":87,"column":2},"end":{"line":93,"column":4}},"28":{"start":{"line":95,"column":2},"end":{"line":95,"column":16}},"29":{"start":{"line":99,"column":2},"end":{"line":102,"column":4}},"30":{"start":{"line":106,"column":17},"end":{"line":109,"column":3}},"31":{"start":{"line":110,"column":2},"end":{"line":110,"column":21}},"32":{"start":{"line":118,"column":2},"end":{"line":137,"column":3}},"33":{"start":{"line":119,"column":17},"end":{"line":119,"column":25}},"34":{"start":{"line":120,"column":4},"end":{"line":122,"column":5}},"35":{"start":{"line":121,"column":6},"end":{"line":121,"column":65}},"36":{"start":{"line":123,"column":16},"end":{"line":125,"column":6}},"37":{"start":{"line":126,"column":20},"end":{"line":131,"column":6}},"38":{"start":{"line":133,"column":4},"end":{"line":133,"column":19}},"39":{"start":{"line":135,"column":4},"end":{"line":135,"column":54}},"40":{"start":{"line":136,"column":4},"end":{"line":136,"column":75}},"41":{"start":{"line":141,"column":16},"end":{"line":148,"column":48}},"42":{"start":{"line":150,"column":17},"end":{"line":157,"column":4}},"43":{"start":{"line":159,"column":2},"end":{"line":159,"column":24}},"44":{"start":{"line":163,"column":2},"end":{"line":166,"column":4}},"45":{"start":{"line":170,"column":17},"end":{"line":170,"column":52}},"46":{"start":{"line":171,"column":16},"end":{"line":171,"column":89}},"47":{"start":{"line":172,"column":17},"end":{"line":172,"column":70}},"48":{"start":{"line":173,"column":2},"end":{"line":175,"column":78}},"49":{"start":{"line":178,"column":0},"end":{"line":189,"column":2}}},"fnMap":{"0":{"name":"formatMessage","decl":{"start":{"line":10,"column":9},"end":{"line":10,"column":22}},"loc":{"start":{"line":10,"column":48},"end":{"line":16,"column":1}},"line":10},"1":{"name":"verifyChatMembership","decl":{"start":{"line":18,"column":15},"end":{"line":18,"column":35}},"loc":{"start":{"line":18,"column":52},"end":{"line":27,"column":1}},"line":18},"2":{"name":"getMessagesByChatId","decl":{"start":{"line":42,"column":15},"end":{"line":42,"column":34}},"loc":{"start":{"line":42,"column":44},"end":{"line":56,"column":1}},"line":42},"3":{"name":"(anonymous_3)","decl":{"start":{"line":50,"column":15},"end":{"line":50,"column":16}},"loc":{"start":{"line":50,"column":28},"end":{"line":54,"column":3}},"line":50},"4":{"name":"createOrGetChat","decl":{"start":{"line":58,"column":15},"end":{"line":58,"column":30}},"loc":{"start":{"line":58,"column":62},"end":{"line":96,"column":1}},"line":58},"5":{"name":"(anonymous_5)","decl":{"start":{"line":85,"column":36},"end":{"line":85,"column":37}},"loc":{"start":{"line":85,"column":46},"end":{"line":85,"column":63}},"line":85},"6":{"name":"removeChatMemberShip","decl":{"start":{"line":98,"column":15},"end":{"line":98,"column":35}},"loc":{"start":{"line":98,"column":58},"end":{"line":103,"column":1}},"line":98},"7":{"name":"getChatIds","decl":{"start":{"line":105,"column":15},"end":{"line":105,"column":25}},"loc":{"start":{"line":105,"column":36},"end":{"line":111,"column":1}},"line":105},"8":{"name":"uploadFileToS3","decl":{"start":{"line":117,"column":15},"end":{"line":117,"column":29}},"loc":{"start":{"line":117,"column":40},"end":{"line":138,"column":1}},"line":117},"9":{"name":"saveMessageToDb","decl":{"start":{"line":140,"column":15},"end":{"line":140,"column":30}},"loc":{"start":{"line":140,"column":72},"end":{"line":160,"column":1}},"line":140},"10":{"name":"deleteMessageById","decl":{"start":{"line":162,"column":15},"end":{"line":162,"column":32}},"loc":{"start":{"line":162,"column":59},"end":{"line":167,"column":1}},"line":162},"11":{"name":"verifyMessageOwnership","decl":{"start":{"line":169,"column":15},"end":{"line":169,"column":37}},"loc":{"start":{"line":169,"column":54},"end":{"line":176,"column":1}},"line":169}},"branchMap":{"0":{"loc":{"start":{"line":22,"column":2},"end":{"line":26,"column":68}},"type":"cond-expr","locations":[{"start":{"line":23,"column":6},"end":{"line":23,"column":12}},{"start":{"line":24,"column":6},"end":{"line":26,"column":68}}],"line":22},"1":{"loc":{"start":{"line":51,"column":4},"end":{"line":53,"column":5}},"type":"if","locations":[{"start":{"line":51,"column":4},"end":{"line":53,"column":5}},{"start":{},"end":{}}],"line":51},"2":{"loc":{"start":{"line":58,"column":47},"end":{"line":58,"column":60}},"type":"default-arg","locations":[{"start":{"line":58,"column":55},"end":{"line":58,"column":60}}],"line":58},"3":{"loc":{"start":{"line":62,"column":10},"end":{"line":62,"column":61}},"type":"cond-expr","locations":[{"start":{"line":62,"column":48},"end":{"line":62,"column":53}},{"start":{"line":62,"column":56},"end":{"line":62,"column":61}}],"line":62},"4":{"loc":{"start":{"line":62,"column":10},"end":{"line":62,"column":45}},"type":"binary-expr","locations":[{"start":{"line":62,"column":10},"end":{"line":62,"column":25}},{"start":{"line":62,"column":29},"end":{"line":62,"column":45}}],"line":62},"5":{"loc":{"start":{"line":74,"column":2},"end":{"line":76,"column":3}},"type":"if","locations":[{"start":{"line":74,"column":2},"end":{"line":76,"column":3}},{"start":{},"end":{}}],"line":74},"6":{"loc":{"start":{"line":120,"column":4},"end":{"line":122,"column":5}},"type":"if","locations":[{"start":{"line":120,"column":4},"end":{"line":122,"column":5}},{"start":{},"end":{}}],"line":120},"7":{"loc":{"start":{"line":173,"column":2},"end":{"line":175,"column":77}},"type":"cond-expr","locations":[{"start":{"line":174,"column":6},"end":{"line":174,"column":12}},{"start":{"line":175,"column":6},"end":{"line":175,"column":77}}],"line":173}},"s":{"0":1,"1":1,"2":1,"3":1,"4":1,"5":1,"6":1,"7":0,"8":0,"9":0,"10":0,"11":0,"12":0,"13":0,"14":0,"15":0,"16":0,"17":0,"18":1,"19":1,"20":1,"21":1,"22":1,"23":0,"24":0,"25":0,"26":0,"27":0,"28":0,"29":0,"30":0,"31":0,"32":0,"33":0,"34":0,"35":0,"36":0,"37":0,"38":0,"39":0,"40":0,"41":0,"42":0,"43":0,"44":0,"45":0,"46":0,"47":0,"48":0,"49":1},"f":{"0":0,"1":0,"2":0,"3":0,"4":1,"5":0,"6":0,"7":0,"8":0,"9":0,"10":0,"11":0},"b":{"0":[0,0],"1":[0,0],"2":[1],"3":[1,0],"4":[1,0],"5":[1,0],"6":[0,0],"7":[0,0]},"_coverageSchema":"1a1c01bbd47fc00a2c39e90264f33305004495a9","hash":"4e025effdc305c8996820690e7e5efa85cf602f7"}
,"/Users/lillywu/Altheros-Capital/server/services/cognitoService.js": {"path":"/Users/lillywu/Altheros-Capital/server/services/cognitoService.js","statementMap":{"0":{"start":{"line":5,"column":4},"end":{"line":5,"column":56}},"1":{"start":{"line":6,"column":26},"end":{"line":6,"column":55}},"2":{"start":{"line":8,"column":16},"end":{"line":10,"column":2}},"3":{"start":{"line":13,"column":19},"end":{"line":13,"column":48}},"4":{"start":{"line":14,"column":23},"end":{"line":14,"column":56}},"5":{"start":{"line":16,"column":18},"end":{"line":26,"column":4}},"6":{"start":{"line":28,"column":2},"end":{"line":28,"column":37}},"7":{"start":{"line":32,"column":21},"end":{"line":32,"column":53}},"8":{"start":{"line":33,"column":18},"end":{"line":37,"column":4}},"9":{"start":{"line":38,"column":2},"end":{"line":38,"column":37}},"10":{"start":{"line":42,"column":0},"end":{"line":42,"column":47}}},"fnMap":{"0":{"name":"signUpUser","decl":{"start":{"line":12,"column":15},"end":{"line":12,"column":25}},"loc":{"start":{"line":12,"column":73},"end":{"line":29,"column":1}},"line":12},"1":{"name":"addUserToGroup","decl":{"start":{"line":31,"column":15},"end":{"line":31,"column":29}},"loc":{"start":{"line":31,"column":51},"end":{"line":39,"column":1}},"line":31}},"branchMap":{},"s":{"0":1,"1":1,"2":1,"3":0,"4":0,"5":0,"6":0,"7":0,"8":0,"9":0,"10":1},"f":{"0":0,"1":0},"b":{},"_coverageSchema":"1a1c01bbd47fc00a2c39e90264f33305004495a9","hash":"0bdeda827445df02e04d5f2bb82d54d3f6f1a04b"}
,"/Users/lillywu/Altheros-Capital/server/services/providerService.js": {"path":"/Users/lillywu/Altheros-Capital/server/services/providerService.js","statementMap":{"0":{"start":{"line":1,"column":15},"end":{"line":1,"column":36}},"1":{"start":{"line":2,"column":0},"end":{"line":2,"column":45}},"2":{"start":{"line":4,"column":31},"end":{"line":20,"column":1}},"3":{"start":{"line":5,"column":17},"end":{"line":8,"column":3}},"4":{"start":{"line":10,"column":2},"end":{"line":12,"column":3}},"5":{"start":{"line":11,"column":4},"end":{"line":11,"column":42}},"6":{"start":{"line":14,"column":21},"end":{"line":14,"column":38}},"7":{"start":{"line":16,"column":2},"end":{"line":19,"column":4}},"8":{"start":{"line":24,"column":17},"end":{"line":33,"column":3}},"9":{"start":{"line":34,"column":26},"end":{"line":34,"column":68}},"10":{"start":{"line":35,"column":42},"end":{"line":35,"column":51}},"11":{"start":{"line":36,"column":21},"end":{"line":36,"column":38}},"12":{"start":{"line":37,"column":18},"end":{"line":37,"column":35}},"13":{"start":{"line":38,"column":16},"end":{"line":38,"column":56}},"14":{"start":{"line":44,"column":19},"end":{"line":44,"column":48}},"15":{"start":{"line":45,"column":16},"end":{"line":45,"column":47}},"16":{"start":{"line":46,"column":17},"end":{"line":46,"column":39}},"17":{"start":{"line":48,"column":18},"end":{"line":48,"column":38}},"18":{"start":{"line":49,"column":17},"end":{"line":49,"column":19}},"19":{"start":{"line":51,"column":2},"end":{"line":54,"column":3}},"20":{"start":{"line":52,"column":4},"end":{"line":52,"column":53}},"21":{"start":{"line":53,"column":4},"end":{"line":53,"column":26}},"22":{"start":{"line":56,"column":2},"end":{"line":59,"column":3}},"23":{"start":{"line":57,"column":4},"end":{"line":57,"column":54}},"24":{"start":{"line":58,"column":4},"end":{"line":58,"column":27}},"25":{"start":{"line":61,"column":2},"end":{"line":64,"column":3}},"26":{"start":{"line":62,"column":4},"end":{"line":62,"column":51}},"27":{"start":{"line":63,"column":4},"end":{"line":63,"column":24}},"28":{"start":{"line":67,"column":4},"end":{"line":67,"column":62}},"29":{"start":{"line":69,"column":24},"end":{"line":69,"column":26}},"30":{"start":{"line":70,"column":2},"end":{"line":77,"column":3}},"31":{"start":{"line":71,"column":4},"end":{"line":73,"column":7}},"32":{"start":{"line":76,"column":4},"end":{"line":76,"column":49}},"33":{"start":{"line":79,"column":22},"end":{"line":79,"column":70}},"34":{"start":{"line":80,"column":23},"end":{"line":80,"column":58}},"35":{"start":{"line":81,"column":24},"end":{"line":81,"column":60}},"36":{"start":{"line":83,"column":20},"end":{"line":85,"column":33}},"37":{"start":{"line":86,"column":2},"end":{"line":86,"column":22}},"38":{"start":{"line":87,"column":2},"end":{"line":87,"column":21}},"39":{"start":{"line":88,"column":15},"end":{"line":88,"column":48}},"40":{"start":{"line":90,"column":24},"end":{"line":90,"column":56}},"41":{"start":{"line":91,"column":24},"end":{"line":91,"column":36}},"42":{"start":{"line":93,"column":2},"end":{"line":107,"column":4}},"43":{"start":{"line":111,"column":17},"end":{"line":116,"column":3}},"44":{"start":{"line":117,"column":2},"end":{"line":117,"column":24}},"45":{"start":{"line":120,"column":0},"end":{"line":124,"column":2}}},"fnMap":{"0":{"name":"(anonymous_0)","decl":{"start":{"line":4,"column":31},"end":{"line":4,"column":32}},"loc":{"start":{"line":4,"column":63},"end":{"line":20,"column":1}},"line":4},"1":{"name":"listProviders","decl":{"start":{"line":22,"column":15},"end":{"line":22,"column":28}},"loc":{"start":{"line":22,"column":31},"end":{"line":108,"column":1}},"line":22},"2":{"name":"getProvider","decl":{"start":{"line":110,"column":15},"end":{"line":110,"column":26}},"loc":{"start":{"line":110,"column":39},"end":{"line":118,"column":1}},"line":110}},"branchMap":{"0":{"loc":{"start":{"line":10,"column":2},"end":{"line":12,"column":3}},"type":"if","locations":[{"start":{"line":10,"column":2},"end":{"line":12,"column":3}},{"start":{},"end":{}}],"line":10},"1":{"loc":{"start":{"line":38,"column":17},"end":{"line":38,"column":41}},"type":"binary-expr","locations":[{"start":{"line":38,"column":17},"end":{"line":38,"column":32}},{"start":{"line":38,"column":36},"end":{"line":38,"column":41}}],"line":38},"2":{"loc":{"start":{"line":44,"column":19},"end":{"line":44,"column":48}},"type":"binary-expr","locations":[{"start":{"line":44,"column":19},"end":{"line":44,"column":43}},{"start":{"line":44,"column":47},"end":{"line":44,"column":48}}],"line":44},"3":{"loc":{"start":{"line":45,"column":16},"end":{"line":45,"column":47}},"type":"binary-expr","locations":[{"start":{"line":45,"column":16},"end":{"line":45,"column":41}},{"start":{"line":45,"column":45},"end":{"line":45,"column":47}}],"line":45},"4":{"loc":{"start":{"line":51,"column":2},"end":{"line":54,"column":3}},"type":"if","locations":[{"start":{"line":51,"column":2},"end":{"line":54,"column":3}},{"start":{},"end":{}}],"line":51},"5":{"loc":{"start":{"line":56,"column":2},"end":{"line":59,"column":3}},"type":"if","locations":[{"start":{"line":56,"column":2},"end":{"line":59,"column":3}},{"start":{},"end":{}}],"line":56},"6":{"loc":{"start":{"line":61,"column":2},"end":{"line":64,"column":3}},"type":"if","locations":[{"start":{"line":61,"column":2},"end":{"line":64,"column":3}},{"start":{},"end":{}}],"line":61},"7":{"loc":{"start":{"line":67,"column":4},"end":{"line":67,"column":62}},"type":"cond-expr","locations":[{"start":{"line":67,"column":25},"end":{"line":67,"column":57}},{"start":{"line":67,"column":60},"end":{"line":67,"column":62}}],"line":67},"8":{"loc":{"start":{"line":70,"column":2},"end":{"line":77,"column":3}},"type":"if","locations":[{"start":{"line":70,"column":2},"end":{"line":77,"column":3}},{"start":{"line":74,"column":9},"end":{"line":77,"column":3}}],"line":70},"9":{"loc":{"start":{"line":70,"column":6},"end":{"line":70,"column":50}},"type":"binary-expr","locations":[{"start":{"line":70,"column":6},"end":{"line":70,"column":13}},{"start":{"line":70,"column":17},"end":{"line":70,"column":50}}],"line":70},"10":{"loc":{"start":{"line":72,"column":6},"end":{"line":72,"column":39}},"type":"cond-expr","locations":[{"start":{"line":72,"column":25},"end":{"line":72,"column":31}},{"start":{"line":72,"column":34},"end":{"line":72,"column":39}}],"line":72},"11":{"loc":{"start":{"line":101,"column":15},"end":{"line":103,"column":12}},"type":"cond-expr","locations":[{"start":{"line":102,"column":8},"end":{"line":102,"column":56}},{"start":{"line":103,"column":8},"end":{"line":103,"column":12}}],"line":101},"12":{"loc":{"start":{"line":104,"column":15},"end":{"line":106,"column":12}},"type":"cond-expr","locations":[{"start":{"line":105,"column":8},"end":{"line":105,"column":56}},{"start":{"line":106,"column":8},"end":{"line":106,"column":12}}],"line":104}},"s":{"0":1,"1":1,"2":1,"3":0,"4":0,"5":0,"6":0,"7":0,"8":0,"9":0,"10":0,"11":0,"12":0,"13":0,"14":0,"15":0,"16":0,"17":0,"18":0,"19":0,"20":0,"21":0,"22":0,"23":0,"24":0,"25":0,"26":0,"27":0,"28":0,"29":0,"30":0,"31":0,"32":0,"33":0,"34":0,"35":0,"36":0,"37":0,"38":0,"39":0,"40":0,"41":0,"42":0,"43":0,"44":0,"45":1},"f":{"0":0,"1":0,"2":0},"b":{"0":[0,0],"1":[0,0],"2":[0,0],"3":[0,0],"4":[0,0],"5":[0,0],"6":[0,0],"7":[0,0],"8":[0,0],"9":[0,0],"10":[0,0],"11":[0,0],"12":[0,0]},"_coverageSchema":"1a1c01bbd47fc00a2c39e90264f33305004495a9","hash":"5dc4d8be0004ce6e6b0377b36d07ea141f94e5df"}
,"/Users/lillywu/Altheros-Capital/server/services/s3Service.js": {"path":"/Users/lillywu/Altheros-Capital/server/services/s3Service.js","statementMap":{"0":{"start":{"line":5,"column":4},"end":{"line":5,"column":33}},"1":{"start":{"line":7,"column":25},"end":{"line":7,"column":65}},"2":{"start":{"line":8,"column":0},"end":{"line":8,"column":27}},"3":{"start":{"line":10,"column":11},"end":{"line":16,"column":2}},"4":{"start":{"line":18,"column":19},"end":{"line":29,"column":1}},"5":{"start":{"line":19,"column":27},"end":{"line":24,"column":4}},"6":{"start":{"line":26,"column":2},"end":{"line":26,"column":34}},"7":{"start":{"line":28,"column":2},"end":{"line":28,"column":57}},"8":{"start":{"line":31,"column":18},"end":{"line":40,"column":1}},"9":{"start":{"line":32,"column":27},"end":{"line":35,"column":4}},"10":{"start":{"line":37,"column":2},"end":{"line":39,"column":5}},"11":{"start":{"line":41,"column":0},"end":{"line":41,"column":47}}},"fnMap":{"0":{"name":"(anonymous_0)","decl":{"start":{"line":18,"column":19},"end":{"line":18,"column":20}},"loc":{"start":{"line":18,"column":72},"end":{"line":29,"column":1}},"line":18},"1":{"name":"(anonymous_1)","decl":{"start":{"line":31,"column":18},"end":{"line":31,"column":19}},"loc":{"start":{"line":31,"column":49},"end":{"line":40,"column":1}},"line":31}},"branchMap":{},"s":{"0":1,"1":1,"2":1,"3":1,"4":1,"5":0,"6":0,"7":0,"8":1,"9":0,"10":0,"11":1},"f":{"0":0,"1":0},"b":{},"_coverageSchema":"1a1c01bbd47fc00a2c39e90264f33305004495a9","hash":"256e18f22c547340d3d66ee0116289acc07f0edb"}
,"/Users/lillywu/Altheros-Capital/server/services/socketService.js": {"path":"/Users/lillywu/Altheros-Capital/server/services/socketService.js","statementMap":{"0":{"start":{"line":1,"column":19},"end":{"line":1,"column":39}},"1":{"start":{"line":2,"column":18},"end":{"line":2,"column":47}},"2":{"start":{"line":3,"column":23},"end":{"line":3,"column":66}},"3":{"start":{"line":6,"column":23},"end":{"line":6,"column":32}},"4":{"start":{"line":9,"column":25},"end":{"line":9,"column":34}},"5":{"start":{"line":16,"column":13},"end":{"line":21,"column":4}},"6":{"start":{"line":27,"column":2},"end":{"line":48,"column":5}},"7":{"start":{"line":28,"column":18},"end":{"line":28,"column":45}},"8":{"start":{"line":30,"column":4},"end":{"line":32,"column":5}},"9":{"start":{"line":31,"column":6},"end":{"line":31,"column":54}},"10":{"start":{"line":34,"column":4},"end":{"line":47,"column":5}},"11":{"start":{"line":35,"column":22},"end":{"line":35,"column":44}},"12":{"start":{"line":38,"column":6},"end":{"line":41,"column":8}},"13":{"start":{"line":43,"column":6},"end":{"line":43,"column":13}},"14":{"start":{"line":45,"column":6},"end":{"line":45,"column":55}},"15":{"start":{"line":46,"column":6},"end":{"line":46,"column":39}},"16":{"start":{"line":53,"column":2},"end":{"line":87,"column":5}},"17":{"start":{"line":54,"column":28},"end":{"line":54,"column":39}},"18":{"start":{"line":57,"column":4},"end":{"line":57,"column":41}},"19":{"start":{"line":58,"column":4},"end":{"line":58,"column":38}},"20":{"start":{"line":60,"column":4},"end":{"line":60,"column":63}},"21":{"start":{"line":67,"column":4},"end":{"line":69,"column":7}},"22":{"start":{"line":68,"column":6},"end":{"line":68,"column":65}},"23":{"start":{"line":74,"column":4},"end":{"line":76,"column":7}},"24":{"start":{"line":75,"column":6},"end":{"line":75,"column":53}},"25":{"start":{"line":81,"column":4},"end":{"line":86,"column":7}},"26":{"start":{"line":82,"column":6},"end":{"line":82,"column":26}},"27":{"start":{"line":83,"column":6},"end":{"line":83,"column":35}},"28":{"start":{"line":84,"column":6},"end":{"line":84,"column":37}},"29":{"start":{"line":85,"column":6},"end":{"line":85,"column":50}},"30":{"start":{"line":89,"column":2},"end":{"line":89,"column":12}},"31":{"start":{"line":92,"column":0},"end":{"line":92,"column":38}}},"fnMap":{"0":{"name":"initializeSocket","decl":{"start":{"line":15,"column":9},"end":{"line":15,"column":25}},"loc":{"start":{"line":15,"column":34},"end":{"line":90,"column":1}},"line":15},"1":{"name":"(anonymous_1)","decl":{"start":{"line":27,"column":9},"end":{"line":27,"column":10}},"loc":{"start":{"line":27,"column":33},"end":{"line":48,"column":3}},"line":27},"2":{"name":"(anonymous_2)","decl":{"start":{"line":53,"column":22},"end":{"line":53,"column":23}},"loc":{"start":{"line":53,"column":34},"end":{"line":87,"column":3}},"line":53},"3":{"name":"(anonymous_3)","decl":{"start":{"line":67,"column":27},"end":{"line":67,"column":28}},"loc":{"start":{"line":67,"column":54},"end":{"line":69,"column":5}},"line":67},"4":{"name":"(anonymous_4)","decl":{"start":{"line":74,"column":30},"end":{"line":74,"column":31}},"loc":{"start":{"line":74,"column":40},"end":{"line":76,"column":5}},"line":74},"5":{"name":"(anonymous_5)","decl":{"start":{"line":81,"column":28},"end":{"line":81,"column":29}},"loc":{"start":{"line":81,"column":40},"end":{"line":86,"column":5}},"line":81}},"branchMap":{"0":{"loc":{"start":{"line":30,"column":4},"end":{"line":32,"column":5}},"type":"if","locations":[{"start":{"line":30,"column":4},"end":{"line":32,"column":5}},{"start":{},"end":{}}],"line":30}},"s":{"0":1,"1":1,"2":1,"3":1,"4":1,"5":1,"6":1,"7":0,"8":0,"9":0,"10":0,"11":0,"12":0,"13":0,"14":0,"15":0,"16":1,"17":0,"18":0,"19":0,"20":0,"21":0,"22":0,"23":0,"24":0,"25":0,"26":0,"27":0,"28":0,"29":0,"30":1,"31":1},"f":{"0":1,"1":0,"2":0,"3":0,"4":0,"5":0},"b":{"0":[0,0]},"_coverageSchema":"1a1c01bbd47fc00a2c39e90264f33305004495a9","hash":"08f96804d6b5c9870d6c6ac8cc3b835bfc7fdd4d"}
,"/Users/lillywu/Altheros-Capital/server/utils/dbUtils.js": {"path":"/Users/lillywu/Altheros-Capital/server/utils/dbUtils.js","statementMap":{"0":{"start":{"line":1,"column":11},"end":{"line":1,"column":35}},"1":{"start":{"line":4,"column":18},"end":{"line":4,"column":25}},"2":{"start":{"line":5,"column":17},"end":{"line":5,"column":42}},"3":{"start":{"line":6,"column":15},"end":{"line":6,"column":34}},"4":{"start":{"line":7,"column":2},"end":{"line":9,"column":3}},"5":{"start":{"line":8,"column":4},"end":{"line":8,"column":39}},"6":{"start":{"line":10,"column":16},"end":{"line":12,"column":112}},"7":{"start":{"line":13,"column":17},"end":{"line":13,"column":49}},"8":{"start":{"line":14,"column":2},"end":{"line":14,"column":27}},"9":{"start":{"line":17,"column":0},"end":{"line":17,"column":33}}},"fnMap":{"0":{"name":"getUserDbId","decl":{"start":{"line":3,"column":15},"end":{"line":3,"column":26}},"loc":{"start":{"line":3,"column":36},"end":{"line":15,"column":1}},"line":3}},"branchMap":{"0":{"loc":{"start":{"line":6,"column":15},"end":{"line":6,"column":34}},"type":"binary-expr","locations":[{"start":{"line":6,"column":15},"end":{"line":6,"column":21}},{"start":{"line":6,"column":25},"end":{"line":6,"column":34}}],"line":6},"1":{"loc":{"start":{"line":7,"column":2},"end":{"line":9,"column":3}},"type":"if","locations":[{"start":{"line":7,"column":2},"end":{"line":9,"column":3}},{"start":{},"end":{}}],"line":7},"2":{"loc":{"start":{"line":10,"column":16},"end":{"line":12,"column":112}},"type":"cond-expr","locations":[{"start":{"line":11,"column":6},"end":{"line":11,"column":53}},{"start":{"line":12,"column":6},"end":{"line":12,"column":112}}],"line":10}},"s":{"0":1,"1":0,"2":0,"3":0,"4":0,"5":0,"6":0,"7":0,"8":0,"9":1},"f":{"0":0},"b":{"0":[0,0],"1":[0,0],"2":[0,0]},"_coverageSchema":"1a1c01bbd47fc00a2c39e90264f33305004495a9","hash":"158c3561e8918fe7679c8d83751f4f520c38bc06"}
,"/Users/lillywu/Altheros-Capital/server/utils/hashUtils.js": {"path":"/Users/lillywu/Altheros-Capital/server/utils/hashUtils.js","statementMap":{"0":{"start":{"line":1,"column":15},"end":{"line":1,"column":32}},"1":{"start":{"line":4,"column":4},"end":{"line":7,"column":26}},"2":{"start":{"line":10,"column":0},"end":{"line":10,"column":35}}},"fnMap":{"0":{"name":"getSecretHash","decl":{"start":{"line":3,"column":9},"end":{"line":3,"column":22}},"loc":{"start":{"line":3,"column":57},"end":{"line":8,"column":1}},"line":3}},"branchMap":{},"s":{"0":1,"1":0,"2":1},"f":{"0":0},"b":{},"_coverageSchema":"1a1c01bbd47fc00a2c39e90264f33305004495a9","hash":"66f6614371c24c3152c82e47bd7459f6ea588222"}
,"/Users/lillywu/Altheros-Capital/server/utils/parseUtils.js": {"path":"/Users/lillywu/Altheros-Capital/server/utils/parseUtils.js","statementMap":{"0":{"start":{"line":1,"column":18},"end":{"line":1,"column":39}},"1":{"start":{"line":2,"column":19},"end":{"line":2,"column":41}},"2":{"start":{"line":6,"column":2},"end":{"line":6,"column":34}},"3":{"start":{"line":11,"column":2},"end":{"line":28,"column":4}},"4":{"start":{"line":12,"column":19},"end":{"line":12,"column":37}},"5":{"start":{"line":13,"column":19},"end":{"line":13,"column":37}},"6":{"start":{"line":15,"column":4},"end":{"line":25,"column":5}},"7":{"start":{"line":15,"column":17},"end":{"line":15,"column":18}},"8":{"start":{"line":16,"column":6},"end":{"line":24,"column":7}},"9":{"start":{"line":17,"column":8},"end":{"line":23,"column":9}},"10":{"start":{"line":18,"column":10},"end":{"line":18,"column":39}},"11":{"start":{"line":19,"column":15},"end":{"line":23,"column":9}},"12":{"start":{"line":20,"column":10},"end":{"line":20,"column":39}},"13":{"start":{"line":22,"column":10},"end":{"line":22,"column":59}},"14":{"start":{"line":27,"column":4},"end":{"line":27,"column":13}},"15":{"start":{"line":31,"column":0},"end":{"line":31,"column":47}}},"fnMap":{"0":{"name":"uuidToBytes","decl":{"start":{"line":5,"column":9},"end":{"line":5,"column":20}},"loc":{"start":{"line":5,"column":27},"end":{"line":7,"column":1}},"line":5},"1":{"name":"compareUUIDs","decl":{"start":{"line":10,"column":9},"end":{"line":10,"column":21}},"loc":{"start":{"line":10,"column":37},"end":{"line":29,"column":1}},"line":10},"2":{"name":"(anonymous_2)","decl":{"start":{"line":11,"column":9},"end":{"line":11,"column":10}},"loc":{"start":{"line":11,"column":33},"end":{"line":28,"column":3}},"line":11}},"branchMap":{"0":{"loc":{"start":{"line":10,"column":22},"end":{"line":10,"column":35}},"type":"default-arg","locations":[{"start":{"line":10,"column":30},"end":{"line":10,"column":35}}],"line":10},"1":{"loc":{"start":{"line":16,"column":6},"end":{"line":24,"column":7}},"type":"if","locations":[{"start":{"line":16,"column":6},"end":{"line":24,"column":7}},{"start":{},"end":{}}],"line":16},"2":{"loc":{"start":{"line":17,"column":8},"end":{"line":23,"column":9}},"type":"if","locations":[{"start":{"line":17,"column":8},"end":{"line":23,"column":9}},{"start":{"line":19,"column":15},"end":{"line":23,"column":9}}],"line":17},"3":{"loc":{"start":{"line":19,"column":15},"end":{"line":23,"column":9}},"type":"if","locations":[{"start":{"line":19,"column":15},"end":{"line":23,"column":9}},{"start":{"line":21,"column":15},"end":{"line":23,"column":9}}],"line":19}},"s":{"0":2,"1":2,"2":8,"3":1,"4":4,"5":4,"6":4,"7":4,"8":4,"9":4,"10":4,"11":0,"12":0,"13":0,"14":0,"15":2},"f":{"0":8,"1":1,"2":4},"b":{"0":[0],"1":[4,0],"2":[4,0],"3":[0,0]},"_coverageSchema":"1a1c01bbd47fc00a2c39e90264f33305004495a9","hash":"3443eb4c48272b9849a9c7ff0f06e085078d0001"}
,"/Users/lillywu/Altheros-Capital/server/utils/verifyJwt.js": {"path":"/Users/lillywu/Altheros-Capital/server/utils/verifyJwt.js","statementMap":{"0":{"start":{"line":1,"column":13},"end":{"line":1,"column":28}},"1":{"start":{"line":2,"column":0},"end":{"line":2,"column":71}},"2":{"start":{"line":4,"column":12},"end":{"line":4,"column":35}},"3":{"start":{"line":5,"column":19},"end":{"line":5,"column":38}},"4":{"start":{"line":7,"column":15},"end":{"line":7,"column":41}},"5":{"start":{"line":8,"column":19},"end":{"line":8,"column":51}},"6":{"start":{"line":10,"column":15},"end":{"line":12,"column":2}},"7":{"start":{"line":16,"column":2},"end":{"line":21,"column":5}},"8":{"start":{"line":17,"column":4},"end":{"line":20,"column":7}},"9":{"start":{"line":18,"column":6},"end":{"line":18,"column":34}},"10":{"start":{"line":18,"column":15},"end":{"line":18,"column":34}},"11":{"start":{"line":19,"column":6},"end":{"line":19,"column":34}},"12":{"start":{"line":26,"column":24},"end":{"line":26,"column":61}},"13":{"start":{"line":27,"column":2},"end":{"line":27,"column":60}},"14":{"start":{"line":27,"column":22},"end":{"line":27,"column":60}},"15":{"start":{"line":29,"column":14},"end":{"line":29,"column":38}},"16":{"start":{"line":30,"column":14},"end":{"line":30,"column":38}},"17":{"start":{"line":32,"column":2},"end":{"line":45,"column":5}},"18":{"start":{"line":33,"column":4},"end":{"line":44,"column":6}},"19":{"start":{"line":41,"column":8},"end":{"line":42,"column":30}},"20":{"start":{"line":41,"column":17},"end":{"line":41,"column":29}},"21":{"start":{"line":42,"column":13},"end":{"line":42,"column":30}},"22":{"start":{"line":48,"column":0},"end":{"line":48,"column":27}}},"fnMap":{"0":{"name":"getSigningKey","decl":{"start":{"line":15,"column":9},"end":{"line":15,"column":22}},"loc":{"start":{"line":15,"column":28},"end":{"line":22,"column":1}},"line":15},"1":{"name":"(anonymous_1)","decl":{"start":{"line":16,"column":21},"end":{"line":16,"column":22}},"loc":{"start":{"line":16,"column":42},"end":{"line":21,"column":3}},"line":16},"2":{"name":"(anonymous_2)","decl":{"start":{"line":17,"column":30},"end":{"line":17,"column":31}},"loc":{"start":{"line":17,"column":44},"end":{"line":20,"column":5}},"line":17},"3":{"name":"verifyJwt","decl":{"start":{"line":25,"column":15},"end":{"line":25,"column":24}},"loc":{"start":{"line":25,"column":32},"end":{"line":46,"column":1}},"line":25},"4":{"name":"(anonymous_4)","decl":{"start":{"line":32,"column":21},"end":{"line":32,"column":22}},"loc":{"start":{"line":32,"column":42},"end":{"line":45,"column":3}},"line":32},"5":{"name":"(anonymous_5)","decl":{"start":{"line":40,"column":6},"end":{"line":40,"column":7}},"loc":{"start":{"line":40,"column":24},"end":{"line":43,"column":7}},"line":40}},"branchMap":{"0":{"loc":{"start":{"line":18,"column":6},"end":{"line":18,"column":34}},"type":"if","locations":[{"start":{"line":18,"column":6},"end":{"line":18,"column":34}},{"start":{},"end":{}}],"line":18},"1":{"loc":{"start":{"line":27,"column":2},"end":{"line":27,"column":60}},"type":"if","locations":[{"start":{"line":27,"column":2},"end":{"line":27,"column":60}},{"start":{},"end":{}}],"line":27},"2":{"loc":{"start":{"line":41,"column":8},"end":{"line":42,"column":30}},"type":"if","locations":[{"start":{"line":41,"column":8},"end":{"line":42,"column":30}},{"start":{"line":42,"column":13},"end":{"line":42,"column":30}}],"line":41}},"s":{"0":1,"1":1,"2":1,"3":1,"4":1,"5":1,"6":1,"7":0,"8":0,"9":0,"10":0,"11":0,"12":0,"13":0,"14":0,"15":0,"16":0,"17":0,"18":0,"19":0,"20":0,"21":0,"22":1},"f":{"0":0,"1":0,"2":0,"3":0,"4":0,"5":0},"b":{"0":[0,0],"1":[0,0],"2":[0,0]},"_coverageSchema":"1a1c01bbd47fc00a2c39e90264f33305004495a9","hash":"c6d6e71ae1c1dca49953d5e992399e38bd3b9ff3"}
}
