{"/Users/lillywu/Altheros-Capital/server/index.js": {"path":"/Users/lillywu/Altheros-Capital/server/index.js","statementMap":{"0":{"start":{"line":3,"column":0},"end":{"line":3,"column":56}},"1":{"start":{"line":4,"column":16},"end":{"line":4,"column":34}},"2":{"start":{"line":5,"column":13},"end":{"line":5,"column":28}},"3":{"start":{"line":6,"column":13},"end":{"line":6,"column":28}},"4":{"start":{"line":7,"column":12},"end":{"line":7,"column":35}},"5":{"start":{"line":8,"column":17},"end":{"line":8,"column":38}},"6":{"start":{"line":9,"column":19},"end":{"line":9,"column":49}},"7":{"start":{"line":10,"column":24},"end":{"line":10,"column":58}},"8":{"start":{"line":11,"column":17},"end":{"line":11,"column":45}},"9":{"start":{"line":12,"column":19},"end":{"line":12,"column":49}},"10":{"start":{"line":13,"column":23},"end":{"line":13,"column":57}},"11":{"start":{"line":14,"column":22},"end":{"line":14,"column":55}},"12":{"start":{"line":15,"column":23},"end":{"line":15,"column":56}},"13":{"start":{"line":16,"column":11},"end":{"line":16,"column":31}},"14":{"start":{"line":17,"column":29},"end":{"line":17,"column":64}},"15":{"start":{"line":18,"column":12},"end":{"line":18,"column":30}},"16":{"start":{"line":19,"column":20},"end":{"line":19,"column":51}},"17":{"start":{"line":20,"column":22},"end":{"line":20,"column":55}},"18":{"start":{"line":21,"column":21},"end":{"line":21,"column":53}},"19":{"start":{"line":23,"column":0},"end":{"line":26,"column":2}},"20":{"start":{"line":27,"column":0},"end":{"line":27,"column":77}},"21":{"start":{"line":30,"column":12},"end":{"line":30,"column":21}},"22":{"start":{"line":32,"column":15},"end":{"line":32,"column":37}},"23":{"start":{"line":35,"column":13},"end":{"line":35,"column":37}},"24":{"start":{"line":39,"column":0},"end":{"line":39,"column":16}},"25":{"start":{"line":42,"column":0},"end":{"line":42,"column":41}},"26":{"start":{"line":45,"column":0},"end":{"line":45,"column":41}},"27":{"start":{"line":46,"column":0},"end":{"line":46,"column":63}},"28":{"start":{"line":47,"column":0},"end":{"line":47,"column":41}},"29":{"start":{"line":48,"column":0},"end":{"line":48,"column":63}},"30":{"start":{"line":50,"column":0},"end":{"line":50,"column":41}},"31":{"start":{"line":51,"column":0},"end":{"line":51,"column":63}},"32":{"start":{"line":53,"column":0},"end":{"line":53,"column":41}},"33":{"start":{"line":54,"column":0},"end":{"line":54,"column":63}},"34":{"start":{"line":57,"column":0},"end":{"line":57,"column":33}},"35":{"start":{"line":58,"column":0},"end":{"line":58,"column":43}},"36":{"start":{"line":61,"column":0},"end":{"line":61,"column":25}},"37":{"start":{"line":64,"column":0},"end":{"line":64,"column":40}},"38":{"start":{"line":66,"column":0},"end":{"line":66,"column":37}},"39":{"start":{"line":68,"column":0},"end":{"line":68,"column":33}},"40":{"start":{"line":70,"column":0},"end":{"line":70,"column":70}},"41":{"start":{"line":72,"column":0},"end":{"line":72,"column":39}},"42":{"start":{"line":74,"column":0},"end":{"line":74,"column":61}},"43":{"start":{"line":76,"column":0},"end":{"line":76,"column":63}},"44":{"start":{"line":78,"column":0},"end":{"line":78,"column":60}},"45":{"start":{"line":80,"column":0},"end":{"line":80,"column":46}},"46":{"start":{"line":81,"column":0},"end":{"line":81,"column":36}},"47":{"start":{"line":82,"column":0},"end":{"line":82,"column":33}},"48":{"start":{"line":84,"column":0},"end":{"line":87,"column":3}},"49":{"start":{"line":85,"column":2},"end":{"line":85,"column":27}},"50":{"start":{"line":86,"column":2},"end":{"line":86,"column":43}},"51":{"start":{"line":102,"column":0},"end":{"line":102,"column":21}},"52":{"start":{"line":105,"column":0},"end":{"line":105,"column":25}},"53":{"start":{"line":108,"column":0},"end":{"line":124,"column":1}},"54":{"start":{"line":109,"column":2},"end":{"line":119,"column":7}},"55":{"start":{"line":111,"column":6},"end":{"line":114,"column":9}},"56":{"start":{"line":113,"column":8},"end":{"line":113,"column":54}},"57":{"start":{"line":117,"column":6},"end":{"line":117,"column":51}},"58":{"start":{"line":118,"column":6},"end":{"line":118,"column":22}},"59":{"start":{"line":120,"column":7},"end":{"line":124,"column":1}},"60":{"start":{"line":121,"column":2},"end":{"line":123,"column":5}},"61":{"start":{"line":122,"column":4},"end":{"line":122,"column":50}},"62":{"start":{"line":126,"column":0},"end":{"line":126,"column":21}}},"fnMap":{"0":{"name":"(anonymous_0)","decl":{"start":{"line":84,"column":8},"end":{"line":84,"column":9}},"loc":{"start":{"line":84,"column":33},"end":{"line":87,"column":1}},"line":84},"1":{"name":"(anonymous_1)","decl":{"start":{"line":110,"column":10},"end":{"line":110,"column":11}},"loc":{"start":{"line":110,"column":16},"end":{"line":115,"column":5}},"line":110},"2":{"name":"(anonymous_2)","decl":{"start":{"line":111,"column":26},"end":{"line":111,"column":27}},"loc":{"start":{"line":111,"column":32},"end":{"line":114,"column":7}},"line":111},"3":{"name":"(anonymous_3)","decl":{"start":{"line":116,"column":11},"end":{"line":116,"column":12}},"loc":{"start":{"line":116,"column":20},"end":{"line":119,"column":5}},"line":116},"4":{"name":"(anonymous_4)","decl":{"start":{"line":121,"column":22},"end":{"line":121,"column":23}},"loc":{"start":{"line":121,"column":28},"end":{"line":123,"column":3}},"line":121}},"branchMap":{"0":{"loc":{"start":{"line":35,"column":13},"end":{"line":35,"column":37}},"type":"binary-expr","locations":[{"start":{"line":35,"column":13},"end":{"line":35,"column":29}},{"start":{"line":35,"column":33},"end":{"line":35,"column":37}}],"line":35},"1":{"loc":{"start":{"line":108,"column":0},"end":{"line":124,"column":1}},"type":"if","locations":[{"start":{"line":108,"column":0},"end":{"line":124,"column":1}},{"start":{"line":120,"column":7},"end":{"line":124,"column":1}}],"line":108},"2":{"loc":{"start":{"line":108,"column":4},"end":{"line":108,"column":58}},"type":"binary-expr","locations":[{"start":{"line":108,"column":4},"end":{"line":108,"column":31}},{"start":{"line":108,"column":35},"end":{"line":108,"column":58}}],"line":108},"3":{"loc":{"start":{"line":120,"column":7},"end":{"line":124,"column":1}},"type":"if","locations":[{"start":{"line":120,"column":7},"end":{"line":124,"column":1}},{"start":{},"end":{}}],"line":120}},"s":{"0":1,"1":1,"2":1,"3":1,"4":1,"5":1,"6":1,"7":1,"8":1,"9":1,"10":1,"11":1,"12":1,"13":1,"14":1,"15":1,"16":1,"17":1,"18":1,"19":1,"20":1,"21":1,"22":1,"23":1,"24":1,"25":1,"26":1,"27":1,"28":1,"29":1,"30":1,"31":1,"32":1,"33":1,"34":1,"35":1,"36":1,"37":1,"38":1,"39":1,"40":1,"41":1,"42":1,"43":1,"44":1,"45":1,"46":1,"47":1,"48":1,"49":0,"50":0,"51":1,"52":1,"53":1,"54":0,"55":0,"56":0,"57":0,"58":0,"59":1,"60":0,"61":0,"62":1},"f":{"0":0,"1":0,"2":0,"3":0,"4":0},"b":{"0":[1,1],"1":[0,1],"2":[1,0],"3":[0,1]},"_coverageSchema":"1a1c01bbd47fc00a2c39e90264f33305004495a9","hash":"6594b941a6a9518aef6459abf5145c25f3f58b01"}
,"/Users/lillywu/Altheros-Capital/server/controllers/aiController.js": {"path":"/Users/lillywu/Altheros-Capital/server/controllers/aiController.js","statementMap":{"0":{"start":{"line":1,"column":28},"end":{"line":1,"column":60}},"1":{"start":{"line":4,"column":4},"end":{"line":16,"column":5}},"2":{"start":{"line":5,"column":27},"end":{"line":5,"column":35}},"3":{"start":{"line":6,"column":8},"end":{"line":8,"column":9}},"4":{"start":{"line":7,"column":12},"end":{"line":7,"column":73}},"5":{"start":{"line":10,"column":23},"end":{"line":10,"column":54}},"6":{"start":{"line":11,"column":8},"end":{"line":11,"column":29}},"7":{"start":{"line":14,"column":8},"end":{"line":14,"column":27}},"8":{"start":{"line":15,"column":8},"end":{"line":15,"column":61}},"9":{"start":{"line":20,"column":0},"end":{"line":20,"column":28}}},"fnMap":{"0":{"name":"postAI","decl":{"start":{"line":3,"column":15},"end":{"line":3,"column":21}},"loc":{"start":{"line":3,"column":32},"end":{"line":18,"column":1}},"line":3}},"branchMap":{"0":{"loc":{"start":{"line":6,"column":8},"end":{"line":8,"column":9}},"type":"if","locations":[{"start":{"line":6,"column":8},"end":{"line":8,"column":9}},{"start":{},"end":{}}],"line":6}},"s":{"0":1,"1":0,"2":0,"3":0,"4":0,"5":0,"6":0,"7":0,"8":0,"9":1},"f":{"0":0},"b":{"0":[0,0]},"_coverageSchema":"1a1c01bbd47fc00a2c39e90264f33305004495a9","hash":"47c1dc62ed16d1b06140b04fe093126c52f13598"}
,"/Users/lillywu/Altheros-Capital/server/controllers/authController.js": {"path":"/Users/lillywu/Altheros-Capital/server/controllers/authController.js","statementMap":{"0":{"start":{"line":1,"column":23},"end":{"line":1,"column":60}},"1":{"start":{"line":4,"column":19},"end":{"line":4,"column":27}},"2":{"start":{"line":5,"column":30},"end":{"line":5,"column":38}},"3":{"start":{"line":7,"column":2},"end":{"line":7,"column":72}},"4":{"start":{"line":8,"column":2},"end":{"line":8,"column":59}},"5":{"start":{"line":9,"column":2},"end":{"line":9,"column":77}},"6":{"start":{"line":13,"column":2},"end":{"line":20,"column":3}},"7":{"start":{"line":14,"column":4},"end":{"line":14,"column":27}},"8":{"start":{"line":15,"column":9},"end":{"line":20,"column":3}},"9":{"start":{"line":16,"column":4},"end":{"line":16,"column":28}},"10":{"start":{"line":18,"column":4},"end":{"line":18,"column":103}},"11":{"start":{"line":19,"column":4},"end":{"line":19,"column":101}},"12":{"start":{"line":23,"column":26},"end":{"line":23,"column":43}},"13":{"start":{"line":24,"column":2},"end":{"line":24,"column":97}},"14":{"start":{"line":26,"column":2},"end":{"line":34,"column":3}},"15":{"start":{"line":28,"column":4},"end":{"line":28,"column":68}},"16":{"start":{"line":29,"column":4},"end":{"line":29,"column":100}},"17":{"start":{"line":30,"column":4},"end":{"line":30,"column":74}},"18":{"start":{"line":32,"column":4},"end":{"line":32,"column":72}},"19":{"start":{"line":33,"column":4},"end":{"line":33,"column":67}},"20":{"start":{"line":37,"column":0},"end":{"line":37,"column":32}}},"fnMap":{"0":{"name":"addToGroup","decl":{"start":{"line":3,"column":15},"end":{"line":3,"column":25}},"loc":{"start":{"line":3,"column":36},"end":{"line":35,"column":1}},"line":3}},"branchMap":{"0":{"loc":{"start":{"line":13,"column":2},"end":{"line":20,"column":3}},"type":"if","locations":[{"start":{"line":13,"column":2},"end":{"line":20,"column":3}},{"start":{"line":15,"column":9},"end":{"line":20,"column":3}}],"line":13},"1":{"loc":{"start":{"line":15,"column":9},"end":{"line":20,"column":3}},"type":"if","locations":[{"start":{"line":15,"column":9},"end":{"line":20,"column":3}},{"start":{"line":17,"column":9},"end":{"line":20,"column":3}}],"line":15},"2":{"loc":{"start":{"line":23,"column":26},"end":{"line":23,"column":43}},"type":"binary-expr","locations":[{"start":{"line":23,"column":26},"end":{"line":23,"column":31}},{"start":{"line":23,"column":35},"end":{"line":23,"column":43}}],"line":23}},"s":{"0":1,"1":0,"2":0,"3":0,"4":0,"5":0,"6":0,"7":0,"8":0,"9":0,"10":0,"11":0,"12":0,"13":0,"14":0,"15":0,"16":0,"17":0,"18":0,"19":0,"20":1},"f":{"0":0},"b":{"0":[0,0],"1":[0,0],"2":[0,0]},"_coverageSchema":"1a1c01bbd47fc00a2c39e90264f33305004495a9","hash":"356d3c0d0f7d0e6a55aa108551e0e3fa4d5c4858"}
,"/Users/lillywu/Altheros-Capital/server/controllers/calendlyController.js": {"path":"/Users/lillywu/Altheros-Capital/server/controllers/calendlyController.js","statementMap":{"0":{"start":{"line":2,"column":4},"end":{"line":2,"column":51}},"1":{"start":{"line":3,"column":31},"end":{"line":3,"column":39}},"2":{"start":{"line":4,"column":4},"end":{"line":4,"column":46}},"3":{"start":{"line":5,"column":4},"end":{"line":13,"column":5}},"4":{"start":{"line":6,"column":26},"end":{"line":6,"column":75}},"5":{"start":{"line":7,"column":24},"end":{"line":7,"column":39}},"6":{"start":{"line":8,"column":21},"end":{"line":8,"column":45}},"7":{"start":{"line":9,"column":8},"end":{"line":9,"column":40}},"8":{"start":{"line":10,"column":8},"end":{"line":10,"column":42}},"9":{"start":{"line":11,"column":8},"end":{"line":11,"column":61}},"10":{"start":{"line":12,"column":8},"end":{"line":12,"column":35}},"11":{"start":{"line":14,"column":4},"end":{"line":20,"column":5}},"12":{"start":{"line":15,"column":26},"end":{"line":15,"column":75}},"13":{"start":{"line":16,"column":24},"end":{"line":16,"column":39}},"14":{"start":{"line":17,"column":8},"end":{"line":17,"column":45}},"15":{"start":{"line":18,"column":8},"end":{"line":18,"column":42}},"16":{"start":{"line":19,"column":8},"end":{"line":19,"column":61}},"17":{"start":{"line":21,"column":4},"end":{"line":21,"column":24}},"18":{"start":{"line":24,"column":0},"end":{"line":24,"column":37}}},"fnMap":{"0":{"name":"getCalendlyEvents","decl":{"start":{"line":1,"column":15},"end":{"line":1,"column":32}},"loc":{"start":{"line":1,"column":43},"end":{"line":22,"column":1}},"line":1}},"branchMap":{"0":{"loc":{"start":{"line":5,"column":4},"end":{"line":13,"column":5}},"type":"if","locations":[{"start":{"line":5,"column":4},"end":{"line":13,"column":5}},{"start":{},"end":{}}],"line":5},"1":{"loc":{"start":{"line":14,"column":4},"end":{"line":20,"column":5}},"type":"if","locations":[{"start":{"line":14,"column":4},"end":{"line":20,"column":5}},{"start":{},"end":{}}],"line":14}},"s":{"0":0,"1":0,"2":0,"3":0,"4":0,"5":0,"6":0,"7":0,"8":0,"9":0,"10":0,"11":0,"12":0,"13":0,"14":0,"15":0,"16":0,"17":0,"18":1},"f":{"0":0},"b":{"0":[0,0],"1":[0,0]},"_coverageSchema":"1a1c01bbd47fc00a2c39e90264f33305004495a9","hash":"478340f750a5f7d5036fd30f896b4597eedb180e"}
,"/Users/lillywu/Altheros-Capital/server/controllers/chatController.js": {"path":"/Users/lillywu/Altheros-Capital/server/controllers/chatController.js","statementMap":{"0":{"start":{"line":1,"column":20},"end":{"line":1,"column":54}},"1":{"start":{"line":2,"column":18},"end":{"line":2,"column":50}},"2":{"start":{"line":3,"column":16},"end":{"line":3,"column":43}},"3":{"start":{"line":4,"column":13},"end":{"line":4,"column":28}},"4":{"start":{"line":5,"column":0},"end":{"line":5,"column":45}},"5":{"start":{"line":17,"column":20},"end":{"line":17,"column":35}},"6":{"start":{"line":18,"column":22},"end":{"line":18,"column":38}},"7":{"start":{"line":19,"column":33},"end":{"line":19,"column":37}},"8":{"start":{"line":21,"column":2},"end":{"line":77,"column":3}},"9":{"start":{"line":24,"column":4},"end":{"line":63,"column":5}},"10":{"start":{"line":26,"column":6},"end":{"line":28,"column":8}},"11":{"start":{"line":29,"column":6},"end":{"line":29,"column":59}},"12":{"start":{"line":30,"column":6},"end":{"line":30,"column":27}},"13":{"start":{"line":33,"column":23},"end":{"line":36,"column":7}},"14":{"start":{"line":37,"column":6},"end":{"line":42,"column":7}},"15":{"start":{"line":38,"column":8},"end":{"line":40,"column":10}},"16":{"start":{"line":41,"column":8},"end":{"line":41,"column":15}},"17":{"start":{"line":43,"column":11},"end":{"line":63,"column":5}},"18":{"start":{"line":45,"column":6},"end":{"line":47,"column":8}},"19":{"start":{"line":48,"column":6},"end":{"line":51,"column":8}},"20":{"start":{"line":52,"column":6},"end":{"line":57,"column":7}},"21":{"start":{"line":53,"column":8},"end":{"line":55,"column":10}},"22":{"start":{"line":56,"column":8},"end":{"line":56,"column":15}},"23":{"start":{"line":59,"column":6},"end":{"line":61,"column":8}},"24":{"start":{"line":62,"column":6},"end":{"line":62,"column":13}},"25":{"start":{"line":65,"column":4},"end":{"line":65,"column":29}},"26":{"start":{"line":67,"column":20},"end":{"line":72,"column":5}},"27":{"start":{"line":73,"column":4},"end":{"line":73,"column":67}},"28":{"start":{"line":74,"column":4},"end":{"line":74,"column":61}},"29":{"start":{"line":76,"column":4},"end":{"line":76,"column":65}},"30":{"start":{"line":90,"column":48},"end":{"line":90,"column":52}},"31":{"start":{"line":91,"column":17},"end":{"line":91,"column":33}},"32":{"start":{"line":94,"column":4},"end":{"line":100,"column":58}},"33":{"start":{"line":103,"column":2},"end":{"line":103,"column":49}},"34":{"start":{"line":106,"column":23},"end":{"line":106,"column":68}},"35":{"start":{"line":107,"column":2},"end":{"line":122,"column":5}},"36":{"start":{"line":108,"column":4},"end":{"line":121,"column":5}},"37":{"start":{"line":109,"column":6},"end":{"line":120,"column":9}},"38":{"start":{"line":129,"column":15},"end":{"line":129,"column":32}},"39":{"start":{"line":140,"column":18},"end":{"line":145,"column":3}},"40":{"start":{"line":147,"column":2},"end":{"line":149,"column":3}},"41":{"start":{"line":148,"column":4},"end":{"line":148,"column":49}},"42":{"start":{"line":151,"column":2},"end":{"line":151,"column":38}},"43":{"start":{"line":155,"column":27},"end":{"line":155,"column":35}},"44":{"start":{"line":156,"column":2},"end":{"line":158,"column":3}},"45":{"start":{"line":157,"column":4},"end":{"line":157,"column":64}},"46":{"start":{"line":159,"column":2},"end":{"line":159,"column":57}},"47":{"start":{"line":160,"column":15},"end":{"line":160,"column":76}},"48":{"start":{"line":161,"column":2},"end":{"line":161,"column":29}},"49":{"start":{"line":189,"column":21},"end":{"line":189,"column":31}},"50":{"start":{"line":190,"column":19},"end":{"line":190,"column":64}},"51":{"start":{"line":191,"column":2},"end":{"line":191,"column":33}},"52":{"start":{"line":195,"column":21},"end":{"line":195,"column":31}},"53":{"start":{"line":196,"column":2},"end":{"line":196,"column":39}},"54":{"start":{"line":197,"column":2},"end":{"line":197,"column":25}},"55":{"start":{"line":201,"column":19},"end":{"line":201,"column":54}},"56":{"start":{"line":202,"column":18},"end":{"line":202,"column":56}},"57":{"start":{"line":203,"column":2},"end":{"line":203,"column":32}},"58":{"start":{"line":207,"column":22},"end":{"line":207,"column":30}},"59":{"start":{"line":208,"column":15},"end":{"line":208,"column":23}},"60":{"start":{"line":209,"column":2},"end":{"line":223,"column":3}},"61":{"start":{"line":210,"column":4},"end":{"line":210,"column":75}},"62":{"start":{"line":211,"column":9},"end":{"line":223,"column":3}},"63":{"start":{"line":212,"column":16},"end":{"line":212,"column":47}},"64":{"start":{"line":213,"column":17},"end":{"line":213,"column":54}},"65":{"start":{"line":214,"column":4},"end":{"line":214,"column":33}},"66":{"start":{"line":215,"column":16},"end":{"line":217,"column":6}},"67":{"start":{"line":218,"column":4},"end":{"line":218,"column":19}},"68":{"start":{"line":219,"column":4},"end":{"line":219,"column":52}},"69":{"start":{"line":221,"column":4},"end":{"line":221,"column":28}},"70":{"start":{"line":222,"column":4},"end":{"line":222,"column":23}},"71":{"start":{"line":225,"column":21},"end":{"line":230,"column":4}},"72":{"start":{"line":232,"column":2},"end":{"line":232,"column":35}},"73":{"start":{"line":236,"column":24},"end":{"line":236,"column":34}},"74":{"start":{"line":237,"column":2},"end":{"line":239,"column":5}},"75":{"start":{"line":240,"column":2},"end":{"line":240,"column":25}},"76":{"start":{"line":244,"column":21},"end":{"line":244,"column":31}},"77":{"start":{"line":245,"column":17},"end":{"line":245,"column":52}},"78":{"start":{"line":246,"column":30},"end":{"line":246,"column":38}},"79":{"start":{"line":248,"column":25},"end":{"line":251,"column":3}},"80":{"start":{"line":253,"column":18},"end":{"line":255,"column":3}},"81":{"start":{"line":254,"column":54},"end":{"line":254,"column":69}},"82":{"start":{"line":257,"column":2},"end":{"line":259,"column":3}},"83":{"start":{"line":258,"column":4},"end":{"line":258,"column":73}},"84":{"start":{"line":261,"column":2},"end":{"line":261,"column":71}},"85":{"start":{"line":263,"column":2},"end":{"line":263,"column":25}},"86":{"start":{"line":267,"column":24},"end":{"line":267,"column":34}},"87":{"start":{"line":268,"column":24},"end":{"line":268,"column":32}},"88":{"start":{"line":270,"column":25},"end":{"line":272,"column":3}},"89":{"start":{"line":274,"column":18},"end":{"line":276,"column":3}},"90":{"start":{"line":275,"column":54},"end":{"line":275,"column":69}},"91":{"start":{"line":278,"column":2},"end":{"line":280,"column":3}},"92":{"start":{"line":279,"column":4},"end":{"line":279,"column":73}},"93":{"start":{"line":282,"column":2},"end":{"line":282,"column":62}},"94":{"start":{"line":284,"column":2},"end":{"line":284,"column":25}},"95":{"start":{"line":287,"column":0},"end":{"line":300,"column":2}}},"fnMap":{"0":{"name":"handleJoin","decl":{"start":{"line":16,"column":15},"end":{"line":16,"column":25}},"loc":{"start":{"line":16,"column":51},"end":{"line":78,"column":1}},"line":16},"1":{"name":"handleMessage","decl":{"start":{"line":89,"column":15},"end":{"line":89,"column":28}},"loc":{"start":{"line":89,"column":47},"end":{"line":123,"column":1}},"line":89},"2":{"name":"(anonymous_2)","decl":{"start":{"line":107,"column":23},"end":{"line":107,"column":24}},"loc":{"start":{"line":107,"column":42},"end":{"line":122,"column":3}},"line":107},"3":{"name":"handleDisconnect","decl":{"start":{"line":128,"column":15},"end":{"line":128,"column":31}},"loc":{"start":{"line":128,"column":44},"end":{"line":152,"column":1}},"line":128},"4":{"name":"createOrGetChat","decl":{"start":{"line":154,"column":15},"end":{"line":154,"column":30}},"loc":{"start":{"line":154,"column":41},"end":{"line":162,"column":1}},"line":154},"5":{"name":"getChatMessagesByChatId","decl":{"start":{"line":188,"column":15},"end":{"line":188,"column":38}},"loc":{"start":{"line":188,"column":49},"end":{"line":192,"column":1}},"line":188},"6":{"name":"deleteChat","decl":{"start":{"line":194,"column":15},"end":{"line":194,"column":25}},"loc":{"start":{"line":194,"column":36},"end":{"line":198,"column":1}},"line":194},"7":{"name":"getChatIds","decl":{"start":{"line":200,"column":15},"end":{"line":200,"column":25}},"loc":{"start":{"line":200,"column":36},"end":{"line":204,"column":1}},"line":200},"8":{"name":"createMessage","decl":{"start":{"line":206,"column":15},"end":{"line":206,"column":28}},"loc":{"start":{"line":206,"column":39},"end":{"line":233,"column":1}},"line":206},"9":{"name":"deleteMessage","decl":{"start":{"line":235,"column":15},"end":{"line":235,"column":28}},"loc":{"start":{"line":235,"column":39},"end":{"line":241,"column":1}},"line":235},"10":{"name":"updateParticipantState","decl":{"start":{"line":243,"column":15},"end":{"line":243,"column":37}},"loc":{"start":{"line":243,"column":48},"end":{"line":264,"column":1}},"line":243},"11":{"name":"(anonymous_11)","decl":{"start":{"line":254,"column":42},"end":{"line":254,"column":43}},"loc":{"start":{"line":254,"column":54},"end":{"line":254,"column":69}},"line":254},"12":{"name":"updateMessage","decl":{"start":{"line":266,"column":15},"end":{"line":266,"column":28}},"loc":{"start":{"line":266,"column":39},"end":{"line":285,"column":1}},"line":266},"13":{"name":"(anonymous_13)","decl":{"start":{"line":275,"column":42},"end":{"line":275,"column":43}},"loc":{"start":{"line":275,"column":54},"end":{"line":275,"column":69}},"line":275}},"branchMap":{"0":{"loc":{"start":{"line":24,"column":4},"end":{"line":63,"column":5}},"type":"if","locations":[{"start":{"line":24,"column":4},"end":{"line":63,"column":5}},{"start":{"line":43,"column":11},"end":{"line":63,"column":5}}],"line":24},"1":{"loc":{"start":{"line":37,"column":6},"end":{"line":42,"column":7}},"type":"if","locations":[{"start":{"line":37,"column":6},"end":{"line":42,"column":7}},{"start":{},"end":{}}],"line":37},"2":{"loc":{"start":{"line":43,"column":11},"end":{"line":63,"column":5}},"type":"if","locations":[{"start":{"line":43,"column":11},"end":{"line":63,"column":5}},{"start":{"line":58,"column":11},"end":{"line":63,"column":5}}],"line":43},"3":{"loc":{"start":{"line":52,"column":6},"end":{"line":57,"column":7}},"type":"if","locations":[{"start":{"line":52,"column":6},"end":{"line":57,"column":7}},{"start":{},"end":{}}],"line":52},"4":{"loc":{"start":{"line":94,"column":4},"end":{"line":100,"column":58}},"type":"cond-expr","locations":[{"start":{"line":95,"column":8},"end":{"line":99,"column":9}},{"start":{"line":100,"column":8},"end":{"line":100,"column":58}}],"line":94},"5":{"loc":{"start":{"line":108,"column":4},"end":{"line":121,"column":5}},"type":"if","locations":[{"start":{"line":108,"column":4},"end":{"line":121,"column":5}},{"start":{},"end":{}}],"line":108},"6":{"loc":{"start":{"line":113,"column":17},"end":{"line":113,"column":72}},"type":"cond-expr","locations":[{"start":{"line":113,"column":36},"end":{"line":113,"column":65}},{"start":{"line":113,"column":68},"end":{"line":113,"column":72}}],"line":113},"7":{"loc":{"start":{"line":156,"column":2},"end":{"line":158,"column":3}},"type":"if","locations":[{"start":{"line":156,"column":2},"end":{"line":158,"column":3}},{"start":{},"end":{}}],"line":156},"8":{"loc":{"start":{"line":156,"column":6},"end":{"line":156,"column":48}},"type":"binary-expr","locations":[{"start":{"line":156,"column":6},"end":{"line":156,"column":19}},{"start":{"line":156,"column":23},"end":{"line":156,"column":48}}],"line":156},"9":{"loc":{"start":{"line":209,"column":2},"end":{"line":223,"column":3}},"type":"if","locations":[{"start":{"line":209,"column":2},"end":{"line":223,"column":3}},{"start":{"line":211,"column":9},"end":{"line":223,"column":3}}],"line":209},"10":{"loc":{"start":{"line":209,"column":6},"end":{"line":209,"column":23}},"type":"binary-expr","locations":[{"start":{"line":209,"column":6},"end":{"line":209,"column":11}},{"start":{"line":209,"column":15},"end":{"line":209,"column":23}}],"line":209},"11":{"loc":{"start":{"line":211,"column":9},"end":{"line":223,"column":3}},"type":"if","locations":[{"start":{"line":211,"column":9},"end":{"line":223,"column":3}},{"start":{"line":220,"column":9},"end":{"line":223,"column":3}}],"line":211},"12":{"loc":{"start":{"line":257,"column":2},"end":{"line":259,"column":3}},"type":"if","locations":[{"start":{"line":257,"column":2},"end":{"line":259,"column":3}},{"start":{},"end":{}}],"line":257},"13":{"loc":{"start":{"line":278,"column":2},"end":{"line":280,"column":3}},"type":"if","locations":[{"start":{"line":278,"column":2},"end":{"line":280,"column":3}},{"start":{},"end":{}}],"line":278}},"s":{"0":1,"1":1,"2":1,"3":1,"4":1,"5":0,"6":0,"7":0,"8":0,"9":0,"10":0,"11":0,"12":0,"13":0,"14":0,"15":0,"16":0,"17":0,"18":0,"19":0,"20":0,"21":0,"22":0,"23":0,"24":0,"25":0,"26":0,"27":0,"28":0,"29":0,"30":0,"31":0,"32":0,"33":0,"34":0,"35":0,"36":0,"37":0,"38":0,"39":0,"40":0,"41":0,"42":0,"43":1,"44":1,"45":0,"46":1,"47":1,"48":1,"49":1,"50":1,"51":1,"52":0,"53":0,"54":0,"55":1,"56":1,"57":1,"58":2,"59":2,"60":2,"61":0,"62":2,"63":1,"64":1,"65":1,"66":1,"67":1,"68":1,"69":1,"70":1,"71":2,"72":2,"73":0,"74":0,"75":0,"76":1,"77":1,"78":1,"79":1,"80":1,"81":2,"82":1,"83":0,"84":1,"85":1,"86":1,"87":1,"88":1,"89":1,"90":1,"91":1,"92":0,"93":1,"94":1,"95":1},"f":{"0":0,"1":0,"2":0,"3":0,"4":1,"5":1,"6":0,"7":1,"8":2,"9":0,"10":1,"11":2,"12":1,"13":1},"b":{"0":[0,0],"1":[0,0],"2":[0,0],"3":[0,0],"4":[0,0],"5":[0,0],"6":[0,0],"7":[0,1],"8":[1,1],"9":[0,2],"10":[2,1],"11":[1,1],"12":[0,1],"13":[0,1]},"_coverageSchema":"1a1c01bbd47fc00a2c39e90264f33305004495a9","hash":"b2ba8d1b2e0f5bbbf61db41b0d99650b40908a89"}
,"/Users/lillywu/Altheros-Capital/server/controllers/headshotController.js": {"path":"/Users/lillywu/Altheros-Capital/server/controllers/headshotController.js","statementMap":{"0":{"start":{"line":1,"column":23},"end":{"line":1,"column":55}},"1":{"start":{"line":2,"column":35},"end":{"line":2,"column":73}},"2":{"start":{"line":4,"column":23},"end":{"line":31,"column":1}},"3":{"start":{"line":5,"column":2},"end":{"line":5,"column":65}},"4":{"start":{"line":6,"column":2},"end":{"line":6,"column":74}},"5":{"start":{"line":7,"column":2},"end":{"line":30,"column":3}},"6":{"start":{"line":8,"column":17},"end":{"line":8,"column":25}},"7":{"start":{"line":9,"column":23},"end":{"line":9,"column":35}},"8":{"start":{"line":11,"column":4},"end":{"line":13,"column":5}},"9":{"start":{"line":12,"column":6},"end":{"line":12,"column":65}},"10":{"start":{"line":15,"column":22},"end":{"line":15,"column":49}},"11":{"start":{"line":16,"column":16},"end":{"line":16,"column":54}},"12":{"start":{"line":18,"column":21},"end":{"line":23,"column":6}},"13":{"start":{"line":24,"column":4},"end":{"line":24,"column":55}},"14":{"start":{"line":26,"column":4},"end":{"line":26,"column":39}},"15":{"start":{"line":28,"column":4},"end":{"line":28,"column":58}},"16":{"start":{"line":29,"column":4},"end":{"line":29,"column":75}},"17":{"start":{"line":33,"column":0},"end":{"line":33,"column":36}}},"fnMap":{"0":{"name":"(anonymous_0)","decl":{"start":{"line":4,"column":23},"end":{"line":4,"column":24}},"loc":{"start":{"line":4,"column":43},"end":{"line":31,"column":1}},"line":4}},"branchMap":{"0":{"loc":{"start":{"line":11,"column":4},"end":{"line":13,"column":5}},"type":"if","locations":[{"start":{"line":11,"column":4},"end":{"line":13,"column":5}},{"start":{},"end":{}}],"line":11}},"s":{"0":1,"1":1,"2":1,"3":0,"4":0,"5":0,"6":0,"7":0,"8":0,"9":0,"10":0,"11":0,"12":0,"13":0,"14":0,"15":0,"16":0,"17":1},"f":{"0":0},"b":{"0":[0,0]},"_coverageSchema":"1a1c01bbd47fc00a2c39e90264f33305004495a9","hash":"c1d1b326bb5f095d4597c896135da6eba94b1a92"}
,"/Users/lillywu/Altheros-Capital/server/controllers/languagesController.js": {"path":"/Users/lillywu/Altheros-Capital/server/controllers/languagesController.js","statementMap":{"0":{"start":{"line":1,"column":11},"end":{"line":1,"column":32}},"1":{"start":{"line":3,"column":19},"end":{"line":3,"column":74}},"2":{"start":{"line":4,"column":2},"end":{"line":4,"column":14}},"3":{"start":{"line":7,"column":0},"end":{"line":7,"column":34}}},"fnMap":{"0":{"name":"getLanguages","decl":{"start":{"line":2,"column":15},"end":{"line":2,"column":27}},"loc":{"start":{"line":2,"column":30},"end":{"line":5,"column":1}},"line":2}},"branchMap":{},"s":{"0":1,"1":0,"2":0,"3":1},"f":{"0":0},"b":{},"_coverageSchema":"1a1c01bbd47fc00a2c39e90264f33305004495a9","hash":"798979759aedb4e9d6ec5dbf5e80b24e2014e3a9"}
,"/Users/lillywu/Altheros-Capital/server/controllers/notificationController.js": {"path":"/Users/lillywu/Altheros-Capital/server/controllers/notificationController.js","statementMap":{"0":{"start":{"line":1,"column":28},"end":{"line":1,"column":70}},"1":{"start":{"line":2,"column":16},"end":{"line":2,"column":43}},"2":{"start":{"line":8,"column":2},"end":{"line":22,"column":3}},"3":{"start":{"line":9,"column":19},"end":{"line":9,"column":54}},"4":{"start":{"line":10,"column":39},"end":{"line":10,"column":48}},"5":{"start":{"line":12,"column":26},"end":{"line":16,"column":5}},"6":{"start":{"line":18,"column":4},"end":{"line":18,"column":28}},"7":{"start":{"line":20,"column":4},"end":{"line":20,"column":58}},"8":{"start":{"line":21,"column":4},"end":{"line":21,"column":69}},"9":{"start":{"line":29,"column":2},"end":{"line":38,"column":3}},"10":{"start":{"line":30,"column":19},"end":{"line":30,"column":54}},"11":{"start":{"line":32,"column":18},"end":{"line":32,"column":66}},"12":{"start":{"line":34,"column":4},"end":{"line":34,"column":24}},"13":{"start":{"line":36,"column":4},"end":{"line":36,"column":57}},"14":{"start":{"line":37,"column":4},"end":{"line":37,"column":68}},"15":{"start":{"line":45,"column":2},"end":{"line":59,"column":3}},"16":{"start":{"line":46,"column":19},"end":{"line":46,"column":54}},"17":{"start":{"line":47,"column":31},"end":{"line":47,"column":41}},"18":{"start":{"line":49,"column":20},"end":{"line":49,"column":80}},"19":{"start":{"line":51,"column":4},"end":{"line":55,"column":5}},"20":{"start":{"line":52,"column":6},"end":{"line":52,"column":34}},"21":{"start":{"line":54,"column":6},"end":{"line":54,"column":64}},"22":{"start":{"line":57,"column":4},"end":{"line":57,"column":64}},"23":{"start":{"line":58,"column":4},"end":{"line":58,"column":75}},"24":{"start":{"line":66,"column":2},"end":{"line":74,"column":3}},"25":{"start":{"line":67,"column":19},"end":{"line":67,"column":54}},"26":{"start":{"line":68,"column":18},"end":{"line":68,"column":65}},"27":{"start":{"line":70,"column":4},"end":{"line":70,"column":37}},"28":{"start":{"line":72,"column":4},"end":{"line":72,"column":69}},"29":{"start":{"line":73,"column":4},"end":{"line":73,"column":80}},"30":{"start":{"line":81,"column":2},"end":{"line":95,"column":3}},"31":{"start":{"line":82,"column":19},"end":{"line":82,"column":54}},"32":{"start":{"line":83,"column":31},"end":{"line":83,"column":41}},"33":{"start":{"line":85,"column":20},"end":{"line":85,"column":88}},"34":{"start":{"line":87,"column":4},"end":{"line":91,"column":5}},"35":{"start":{"line":88,"column":6},"end":{"line":88,"column":34}},"36":{"start":{"line":90,"column":6},"end":{"line":90,"column":64}},"37":{"start":{"line":93,"column":4},"end":{"line":93,"column":57}},"38":{"start":{"line":94,"column":4},"end":{"line":94,"column":69}},"39":{"start":{"line":102,"column":2},"end":{"line":118,"column":3}},"40":{"start":{"line":103,"column":19},"end":{"line":103,"column":54}},"41":{"start":{"line":104,"column":58},"end":{"line":104,"column":66}},"42":{"start":{"line":106,"column":25},"end":{"line":112,"column":6}},"43":{"start":{"line":114,"column":4},"end":{"line":114,"column":27}},"44":{"start":{"line":116,"column":4},"end":{"line":116,"column":62}},"45":{"start":{"line":117,"column":4},"end":{"line":117,"column":74}},"46":{"start":{"line":121,"column":0},"end":{"line":128,"column":2}}},"fnMap":{"0":{"name":"getNotifications","decl":{"start":{"line":7,"column":15},"end":{"line":7,"column":31}},"loc":{"start":{"line":7,"column":42},"end":{"line":23,"column":1}},"line":7},"1":{"name":"getUnreadCount","decl":{"start":{"line":28,"column":15},"end":{"line":28,"column":29}},"loc":{"start":{"line":28,"column":40},"end":{"line":39,"column":1}},"line":28},"2":{"name":"markAsRead","decl":{"start":{"line":44,"column":15},"end":{"line":44,"column":25}},"loc":{"start":{"line":44,"column":36},"end":{"line":60,"column":1}},"line":44},"3":{"name":"markAllAsRead","decl":{"start":{"line":65,"column":15},"end":{"line":65,"column":28}},"loc":{"start":{"line":65,"column":39},"end":{"line":75,"column":1}},"line":65},"4":{"name":"deleteNotification","decl":{"start":{"line":80,"column":15},"end":{"line":80,"column":33}},"loc":{"start":{"line":80,"column":44},"end":{"line":96,"column":1}},"line":80},"5":{"name":"createTestNotification","decl":{"start":{"line":101,"column":15},"end":{"line":101,"column":37}},"loc":{"start":{"line":101,"column":48},"end":{"line":119,"column":1}},"line":101}},"branchMap":{"0":{"loc":{"start":{"line":10,"column":12},"end":{"line":10,"column":22}},"type":"default-arg","locations":[{"start":{"line":10,"column":20},"end":{"line":10,"column":22}}],"line":10},"1":{"loc":{"start":{"line":10,"column":24},"end":{"line":10,"column":34}},"type":"default-arg","locations":[{"start":{"line":10,"column":33},"end":{"line":10,"column":34}}],"line":10},"2":{"loc":{"start":{"line":51,"column":4},"end":{"line":55,"column":5}},"type":"if","locations":[{"start":{"line":51,"column":4},"end":{"line":55,"column":5}},{"start":{"line":53,"column":11},"end":{"line":55,"column":5}}],"line":51},"3":{"loc":{"start":{"line":87,"column":4},"end":{"line":91,"column":5}},"type":"if","locations":[{"start":{"line":87,"column":4},"end":{"line":91,"column":5}},{"start":{"line":89,"column":11},"end":{"line":91,"column":5}}],"line":87},"4":{"loc":{"start":{"line":104,"column":28},"end":{"line":104,"column":41}},"type":"default-arg","locations":[{"start":{"line":104,"column":35},"end":{"line":104,"column":41}}],"line":104},"5":{"loc":{"start":{"line":108,"column":13},"end":{"line":108,"column":41}},"type":"binary-expr","locations":[{"start":{"line":108,"column":13},"end":{"line":108,"column":18}},{"start":{"line":108,"column":22},"end":{"line":108,"column":41}}],"line":108},"6":{"loc":{"start":{"line":109,"column":15},"end":{"line":109,"column":55}},"type":"binary-expr","locations":[{"start":{"line":109,"column":15},"end":{"line":109,"column":22}},{"start":{"line":109,"column":26},"end":{"line":109,"column":55}}],"line":109}},"s":{"0":1,"1":1,"2":0,"3":0,"4":0,"5":0,"6":0,"7":0,"8":0,"9":0,"10":0,"11":0,"12":0,"13":0,"14":0,"15":0,"16":0,"17":0,"18":0,"19":0,"20":0,"21":0,"22":0,"23":0,"24":0,"25":0,"26":0,"27":0,"28":0,"29":0,"30":0,"31":0,"32":0,"33":0,"34":0,"35":0,"36":0,"37":0,"38":0,"39":0,"40":0,"41":0,"42":0,"43":0,"44":0,"45":0,"46":1},"f":{"0":0,"1":0,"2":0,"3":0,"4":0,"5":0},"b":{"0":[0],"1":[0],"2":[0,0],"3":[0,0],"4":[0],"5":[0,0],"6":[0,0]},"_coverageSchema":"1a1c01bbd47fc00a2c39e90264f33305004495a9","hash":"092be47c1b864238537e7f2cae0649933182314d"}
,"/Users/lillywu/Altheros-Capital/server/controllers/profileController.js": {"path":"/Users/lillywu/Altheros-Capital/server/controllers/profileController.js","statementMap":{"0":{"start":{"line":1,"column":11},"end":{"line":1,"column":32}},"1":{"start":{"line":4,"column":2},"end":{"line":4,"column":66}},"2":{"start":{"line":5,"column":2},"end":{"line":135,"column":3}},"3":{"start":{"line":6,"column":4},"end":{"line":9,"column":5}},"4":{"start":{"line":7,"column":6},"end":{"line":7,"column":109}},"5":{"start":{"line":8,"column":6},"end":{"line":8,"column":103}},"6":{"start":{"line":11,"column":27},"end":{"line":11,"column":35}},"7":{"start":{"line":25,"column":8},"end":{"line":25,"column":16}},"8":{"start":{"line":27,"column":4},"end":{"line":27,"column":72}},"9":{"start":{"line":29,"column":4},"end":{"line":32,"column":5}},"10":{"start":{"line":30,"column":6},"end":{"line":30,"column":115}},"11":{"start":{"line":31,"column":6},"end":{"line":31,"column":89}},"12":{"start":{"line":34,"column":16},"end":{"line":34,"column":26}},"13":{"start":{"line":36,"column":18},"end":{"line":43,"column":5}},"14":{"start":{"line":45,"column":19},"end":{"line":60,"column":5}},"15":{"start":{"line":62,"column":4},"end":{"line":62,"column":74}},"16":{"start":{"line":64,"column":19},"end":{"line":64,"column":48}},"17":{"start":{"line":65,"column":22},"end":{"line":65,"column":39}},"18":{"start":{"line":68,"column":4},"end":{"line":78,"column":5}},"19":{"start":{"line":69,"column":6},"end":{"line":77,"column":7}},"20":{"start":{"line":70,"column":35},"end":{"line":73,"column":9}},"21":{"start":{"line":74,"column":30},"end":{"line":74,"column":55}},"22":{"start":{"line":75,"column":8},"end":{"line":75,"column":85}},"23":{"start":{"line":76,"column":8},"end":{"line":76,"column":58}},"24":{"start":{"line":81,"column":4},"end":{"line":91,"column":5}},"25":{"start":{"line":82,"column":6},"end":{"line":90,"column":7}},"26":{"start":{"line":83,"column":36},"end":{"line":86,"column":9}},"27":{"start":{"line":87,"column":31},"end":{"line":87,"column":52}},"28":{"start":{"line":88,"column":8},"end":{"line":88,"column":87}},"29":{"start":{"line":89,"column":8},"end":{"line":89,"column":60}},"30":{"start":{"line":94,"column":103},"end":{"line":94,"column":114}},"31":{"start":{"line":96,"column":28},"end":{"line":114,"column":5}},"32":{"start":{"line":116,"column":29},"end":{"line":124,"column":5}},"33":{"start":{"line":126,"column":4},"end":{"line":126,"column":95}},"34":{"start":{"line":128,"column":4},"end":{"line":128,"column":54}},"35":{"start":{"line":130,"column":4},"end":{"line":130,"column":91}},"36":{"start":{"line":133,"column":4},"end":{"line":133,"column":81}},"37":{"start":{"line":134,"column":4},"end":{"line":134,"column":119}},"38":{"start":{"line":139,"column":2},"end":{"line":139,"column":64}},"39":{"start":{"line":140,"column":2},"end":{"line":240,"column":3}},"40":{"start":{"line":141,"column":4},"end":{"line":143,"column":5}},"41":{"start":{"line":142,"column":6},"end":{"line":142,"column":88}},"42":{"start":{"line":145,"column":27},"end":{"line":145,"column":35}},"43":{"start":{"line":157,"column":8},"end":{"line":157,"column":16}},"44":{"start":{"line":159,"column":4},"end":{"line":159,"column":70}},"45":{"start":{"line":161,"column":4},"end":{"line":163,"column":5}},"46":{"start":{"line":162,"column":6},"end":{"line":162,"column":89}},"47":{"start":{"line":165,"column":16},"end":{"line":165,"column":26}},"48":{"start":{"line":167,"column":18},"end":{"line":173,"column":5}},"49":{"start":{"line":175,"column":19},"end":{"line":177,"column":5}},"50":{"start":{"line":179,"column":4},"end":{"line":179,"column":72}},"51":{"start":{"line":181,"column":19},"end":{"line":181,"column":48}},"52":{"start":{"line":182,"column":22},"end":{"line":182,"column":39}},"53":{"start":{"line":185,"column":4},"end":{"line":185,"column":78}},"54":{"start":{"line":186,"column":4},"end":{"line":190,"column":5}},"55":{"start":{"line":187,"column":6},"end":{"line":189,"column":7}},"56":{"start":{"line":188,"column":8},"end":{"line":188,"column":134}},"57":{"start":{"line":193,"column":4},"end":{"line":193,"column":86}},"58":{"start":{"line":194,"column":4},"end":{"line":198,"column":5}},"59":{"start":{"line":195,"column":6},"end":{"line":197,"column":7}},"60":{"start":{"line":196,"column":8},"end":{"line":196,"column":117}},"61":{"start":{"line":200,"column":103},"end":{"line":200,"column":114}},"62":{"start":{"line":202,"column":28},"end":{"line":220,"column":5}},"63":{"start":{"line":222,"column":29},"end":{"line":230,"column":5}},"64":{"start":{"line":232,"column":4},"end":{"line":232,"column":86}},"65":{"start":{"line":233,"column":4},"end":{"line":233,"column":54}},"66":{"start":{"line":235,"column":4},"end":{"line":235,"column":89}},"67":{"start":{"line":238,"column":4},"end":{"line":238,"column":79}},"68":{"start":{"line":239,"column":4},"end":{"line":239,"column":115}},"69":{"start":{"line":244,"column":2},"end":{"line":244,"column":61}},"70":{"start":{"line":245,"column":2},"end":{"line":291,"column":3}},"71":{"start":{"line":246,"column":4},"end":{"line":248,"column":5}},"72":{"start":{"line":247,"column":6},"end":{"line":247,"column":88}},"73":{"start":{"line":250,"column":22},"end":{"line":250,"column":30}},"74":{"start":{"line":251,"column":4},"end":{"line":251,"column":95}},"75":{"start":{"line":253,"column":26},"end":{"line":253,"column":190}},"76":{"start":{"line":254,"column":4},"end":{"line":254,"column":118}},"77":{"start":{"line":256,"column":4},"end":{"line":258,"column":5}},"78":{"start":{"line":257,"column":6},"end":{"line":257,"column":75}},"79":{"start":{"line":259,"column":20},"end":{"line":259,"column":41}},"80":{"start":{"line":261,"column":27},"end":{"line":261,"column":114}},"81":{"start":{"line":262,"column":4},"end":{"line":262,"column":120}},"82":{"start":{"line":264,"column":28},"end":{"line":264,"column":119}},"83":{"start":{"line":265,"column":4},"end":{"line":265,"column":122}},"84":{"start":{"line":267,"column":30},"end":{"line":267,"column":117}},"85":{"start":{"line":268,"column":4},"end":{"line":268,"column":157}},"86":{"start":{"line":270,"column":20},"end":{"line":283,"column":5}},"87":{"start":{"line":273,"column":45},"end":{"line":273,"column":59}},"88":{"start":{"line":274,"column":47},"end":{"line":274,"column":57}},"89":{"start":{"line":284,"column":4},"end":{"line":284,"column":107}},"90":{"start":{"line":286,"column":4},"end":{"line":286,"column":34}},"91":{"start":{"line":289,"column":4},"end":{"line":289,"column":79}},"92":{"start":{"line":290,"column":4},"end":{"line":290,"column":110}},"93":{"start":{"line":296,"column":2},"end":{"line":296,"column":67}},"94":{"start":{"line":297,"column":2},"end":{"line":370,"column":3}},"95":{"start":{"line":298,"column":4},"end":{"line":301,"column":5}},"96":{"start":{"line":299,"column":6},"end":{"line":299,"column":109}},"97":{"start":{"line":300,"column":6},"end":{"line":300,"column":103}},"98":{"start":{"line":303,"column":49},"end":{"line":303,"column":57}},"99":{"start":{"line":319,"column":8},"end":{"line":319,"column":16}},"100":{"start":{"line":321,"column":4},"end":{"line":324,"column":5}},"101":{"start":{"line":322,"column":6},"end":{"line":322,"column":137}},"102":{"start":{"line":323,"column":6},"end":{"line":323,"column":90}},"103":{"start":{"line":326,"column":16},"end":{"line":326,"column":26}},"104":{"start":{"line":328,"column":18},"end":{"line":340,"column":5}},"105":{"start":{"line":342,"column":19},"end":{"line":361,"column":5}},"106":{"start":{"line":363,"column":4},"end":{"line":363,"column":34}},"107":{"start":{"line":365,"column":4},"end":{"line":365,"column":81}},"108":{"start":{"line":368,"column":4},"end":{"line":368,"column":82}},"109":{"start":{"line":369,"column":4},"end":{"line":369,"column":120}},"110":{"start":{"line":374,"column":2},"end":{"line":374,"column":65}},"111":{"start":{"line":375,"column":2},"end":{"line":440,"column":3}},"112":{"start":{"line":376,"column":4},"end":{"line":378,"column":5}},"113":{"start":{"line":377,"column":6},"end":{"line":377,"column":88}},"114":{"start":{"line":380,"column":27},"end":{"line":380,"column":35}},"115":{"start":{"line":396,"column":8},"end":{"line":396,"column":16}},"116":{"start":{"line":398,"column":4},"end":{"line":400,"column":5}},"117":{"start":{"line":399,"column":6},"end":{"line":399,"column":90}},"118":{"start":{"line":402,"column":16},"end":{"line":402,"column":26}},"119":{"start":{"line":404,"column":18},"end":{"line":412,"column":5}},"120":{"start":{"line":414,"column":19},"end":{"line":431,"column":5}},"121":{"start":{"line":433,"column":4},"end":{"line":433,"column":34}},"122":{"start":{"line":435,"column":4},"end":{"line":435,"column":79}},"123":{"start":{"line":438,"column":4},"end":{"line":438,"column":80}},"124":{"start":{"line":439,"column":4},"end":{"line":439,"column":116}},"125":{"start":{"line":444,"column":2},"end":{"line":444,"column":62}},"126":{"start":{"line":445,"column":2},"end":{"line":476,"column":3}},"127":{"start":{"line":446,"column":4},"end":{"line":448,"column":5}},"128":{"start":{"line":447,"column":6},"end":{"line":447,"column":88}},"129":{"start":{"line":450,"column":22},"end":{"line":450,"column":30}},"130":{"start":{"line":451,"column":4},"end":{"line":451,"column":96}},"131":{"start":{"line":453,"column":27},"end":{"line":453,"column":94}},"132":{"start":{"line":454,"column":4},"end":{"line":454,"column":121}},"133":{"start":{"line":456,"column":4},"end":{"line":458,"column":5}},"134":{"start":{"line":457,"column":6},"end":{"line":457,"column":76}},"135":{"start":{"line":459,"column":21},"end":{"line":459,"column":43}},"136":{"start":{"line":461,"column":20},"end":{"line":467,"column":5}},"137":{"start":{"line":463,"column":115},"end":{"line":463,"column":126}},"138":{"start":{"line":464,"column":88},"end":{"line":464,"column":99}},"139":{"start":{"line":465,"column":97},"end":{"line":465,"column":108}},"140":{"start":{"line":466,"column":88},"end":{"line":466,"column":99}},"141":{"start":{"line":468,"column":4},"end":{"line":468,"column":108}},"142":{"start":{"line":469,"column":4},"end":{"line":469,"column":97}},"143":{"start":{"line":471,"column":4},"end":{"line":471,"column":34}},"144":{"start":{"line":474,"column":4},"end":{"line":474,"column":80}},"145":{"start":{"line":475,"column":4},"end":{"line":475,"column":111}},"146":{"start":{"line":480,"column":2},"end":{"line":480,"column":62}},"147":{"start":{"line":481,"column":2},"end":{"line":514,"column":3}},"148":{"start":{"line":482,"column":4},"end":{"line":484,"column":5}},"149":{"start":{"line":483,"column":6},"end":{"line":483,"column":88}},"150":{"start":{"line":486,"column":53},"end":{"line":486,"column":61}},"151":{"start":{"line":487,"column":28},"end":{"line":487,"column":33}},"152":{"start":{"line":488,"column":27},"end":{"line":488,"column":32}},"153":{"start":{"line":489,"column":15},"end":{"line":489,"column":19}},"154":{"start":{"line":491,"column":4},"end":{"line":508,"column":5}},"155":{"start":{"line":492,"column":6},"end":{"line":492,"column":23}},"156":{"start":{"line":493,"column":6},"end":{"line":493,"column":94}},"157":{"start":{"line":494,"column":21},"end":{"line":494,"column":88}},"158":{"start":{"line":495,"column":6},"end":{"line":495,"column":114}},"159":{"start":{"line":496,"column":6},"end":{"line":496,"column":48}},"160":{"start":{"line":497,"column":6},"end":{"line":497,"column":43}},"161":{"start":{"line":498,"column":6},"end":{"line":498,"column":143}},"162":{"start":{"line":499,"column":11},"end":{"line":508,"column":5}},"163":{"start":{"line":500,"column":6},"end":{"line":500,"column":24}},"164":{"start":{"line":501,"column":6},"end":{"line":501,"column":95}},"165":{"start":{"line":502,"column":21},"end":{"line":502,"column":89}},"166":{"start":{"line":503,"column":6},"end":{"line":503,"column":48}},"167":{"start":{"line":504,"column":6},"end":{"line":504,"column":43}},"168":{"start":{"line":505,"column":6},"end":{"line":505,"column":144}},"169":{"start":{"line":507,"column":6},"end":{"line":507,"column":107}},"170":{"start":{"line":510,"column":4},"end":{"line":510,"column":72}},"171":{"start":{"line":512,"column":4},"end":{"line":512,"column":78}},"172":{"start":{"line":513,"column":4},"end":{"line":513,"column":109}},"173":{"start":{"line":518,"column":2},"end":{"line":518,"column":61}},"174":{"start":{"line":519,"column":2},"end":{"line":640,"column":3}},"175":{"start":{"line":520,"column":4},"end":{"line":522,"column":5}},"176":{"start":{"line":521,"column":6},"end":{"line":521,"column":79}},"177":{"start":{"line":524,"column":22},"end":{"line":524,"column":30}},"178":{"start":{"line":525,"column":4},"end":{"line":525,"column":73}},"179":{"start":{"line":528,"column":23},"end":{"line":528,"column":55}},"180":{"start":{"line":529,"column":22},"end":{"line":529,"column":53}},"181":{"start":{"line":530,"column":23},"end":{"line":530,"column":55}},"182":{"start":{"line":532,"column":4},"end":{"line":534,"column":5}},"183":{"start":{"line":533,"column":6},"end":{"line":533,"column":100}},"184":{"start":{"line":536,"column":22},"end":{"line":536,"column":23}},"185":{"start":{"line":538,"column":4},"end":{"line":623,"column":5}},"186":{"start":{"line":542,"column":27},"end":{"line":542,"column":94}},"187":{"start":{"line":544,"column":6},"end":{"line":546,"column":7}},"188":{"start":{"line":545,"column":8},"end":{"line":545,"column":88}},"189":{"start":{"line":548,"column":24},"end":{"line":548,"column":47}},"190":{"start":{"line":549,"column":6},"end":{"line":549,"column":69}},"191":{"start":{"line":552,"column":6},"end":{"line":552,"column":80}},"192":{"start":{"line":553,"column":6},"end":{"line":553,"column":88}},"193":{"start":{"line":554,"column":6},"end":{"line":554,"column":91}},"194":{"start":{"line":557,"column":31},"end":{"line":557,"column":124}},"195":{"start":{"line":558,"column":6},"end":{"line":560,"column":7}},"196":{"start":{"line":559,"column":8},"end":{"line":559,"column":119}},"197":{"start":{"line":561,"column":6},"end":{"line":561,"column":92}},"198":{"start":{"line":564,"column":6},"end":{"line":568,"column":7}},"199":{"start":{"line":565,"column":8},"end":{"line":565,"column":84}},"200":{"start":{"line":567,"column":8},"end":{"line":567,"column":90}},"201":{"start":{"line":571,"column":27},"end":{"line":571,"column":92}},"202":{"start":{"line":572,"column":6},"end":{"line":572,"column":42}},"203":{"start":{"line":574,"column":11},"end":{"line":623,"column":5}},"204":{"start":{"line":578,"column":28},"end":{"line":578,"column":96}},"205":{"start":{"line":580,"column":6},"end":{"line":582,"column":7}},"206":{"start":{"line":581,"column":8},"end":{"line":581,"column":89}},"207":{"start":{"line":584,"column":25},"end":{"line":584,"column":49}},"208":{"start":{"line":585,"column":6},"end":{"line":585,"column":71}},"209":{"start":{"line":588,"column":6},"end":{"line":592,"column":7}},"210":{"start":{"line":589,"column":8},"end":{"line":589,"column":100}},"211":{"start":{"line":591,"column":8},"end":{"line":591,"column":101}},"212":{"start":{"line":594,"column":6},"end":{"line":598,"column":7}},"213":{"start":{"line":595,"column":8},"end":{"line":595,"column":93}},"214":{"start":{"line":597,"column":8},"end":{"line":597,"column":94}},"215":{"start":{"line":600,"column":6},"end":{"line":604,"column":7}},"216":{"start":{"line":601,"column":8},"end":{"line":601,"column":97}},"217":{"start":{"line":603,"column":8},"end":{"line":603,"column":98}},"218":{"start":{"line":607,"column":31},"end":{"line":607,"column":125}},"219":{"start":{"line":608,"column":6},"end":{"line":610,"column":7}},"220":{"start":{"line":609,"column":8},"end":{"line":609,"column":120}},"221":{"start":{"line":611,"column":6},"end":{"line":611,"column":93}},"222":{"start":{"line":614,"column":6},"end":{"line":618,"column":7}},"223":{"start":{"line":615,"column":8},"end":{"line":615,"column":85}},"224":{"start":{"line":617,"column":8},"end":{"line":617,"column":90}},"225":{"start":{"line":621,"column":27},"end":{"line":621,"column":94}},"226":{"start":{"line":622,"column":6},"end":{"line":622,"column":42}},"227":{"start":{"line":625,"column":4},"end":{"line":625,"column":80}},"228":{"start":{"line":627,"column":4},"end":{"line":629,"column":5}},"229":{"start":{"line":628,"column":6},"end":{"line":628,"column":76}},"230":{"start":{"line":631,"column":4},"end":{"line":635,"column":7}},"231":{"start":{"line":638,"column":4},"end":{"line":638,"column":76}},"232":{"start":{"line":639,"column":4},"end":{"line":639,"column":109}},"233":{"start":{"line":643,"column":0},"end":{"line":652,"column":2}}},"fnMap":{"0":{"name":"completePatientProfile","decl":{"start":{"line":3,"column":15},"end":{"line":3,"column":37}},"loc":{"start":{"line":3,"column":48},"end":{"line":136,"column":1}},"line":3},"1":{"name":"updatePatientProfile","decl":{"start":{"line":138,"column":15},"end":{"line":138,"column":35}},"loc":{"start":{"line":138,"column":46},"end":{"line":241,"column":1}},"line":138},"2":{"name":"getPatientProfile","decl":{"start":{"line":243,"column":15},"end":{"line":243,"column":32}},"loc":{"start":{"line":243,"column":43},"end":{"line":292,"column":1}},"line":243},"3":{"name":"(anonymous_3)","decl":{"start":{"line":273,"column":40},"end":{"line":273,"column":41}},"loc":{"start":{"line":273,"column":45},"end":{"line":273,"column":59}},"line":273},"4":{"name":"(anonymous_4)","decl":{"start":{"line":274,"column":42},"end":{"line":274,"column":43}},"loc":{"start":{"line":274,"column":47},"end":{"line":274,"column":57}},"line":274},"5":{"name":"completeProviderProfile","decl":{"start":{"line":295,"column":15},"end":{"line":295,"column":38}},"loc":{"start":{"line":295,"column":49},"end":{"line":371,"column":1}},"line":295},"6":{"name":"updateProviderProfile","decl":{"start":{"line":373,"column":15},"end":{"line":373,"column":36}},"loc":{"start":{"line":373,"column":47},"end":{"line":441,"column":1}},"line":373},"7":{"name":"getProviderProfile","decl":{"start":{"line":443,"column":15},"end":{"line":443,"column":33}},"loc":{"start":{"line":443,"column":44},"end":{"line":477,"column":1}},"line":443},"8":{"name":"(anonymous_8)","decl":{"start":{"line":463,"column":107},"end":{"line":463,"column":108}},"loc":{"start":{"line":463,"column":115},"end":{"line":463,"column":126}},"line":463},"9":{"name":"(anonymous_9)","decl":{"start":{"line":464,"column":80},"end":{"line":464,"column":81}},"loc":{"start":{"line":464,"column":88},"end":{"line":464,"column":99}},"line":464},"10":{"name":"(anonymous_10)","decl":{"start":{"line":465,"column":89},"end":{"line":465,"column":90}},"loc":{"start":{"line":465,"column":97},"end":{"line":465,"column":108}},"line":465},"11":{"name":"(anonymous_11)","decl":{"start":{"line":466,"column":80},"end":{"line":466,"column":81}},"loc":{"start":{"line":466,"column":88},"end":{"line":466,"column":99}},"line":466},"12":{"name":"checkProfileStatus","decl":{"start":{"line":479,"column":15},"end":{"line":479,"column":33}},"loc":{"start":{"line":479,"column":44},"end":{"line":515,"column":1}},"line":479},"13":{"name":"deleteUserProfile","decl":{"start":{"line":517,"column":15},"end":{"line":517,"column":32}},"loc":{"start":{"line":517,"column":43},"end":{"line":641,"column":1}},"line":517}},"branchMap":{"0":{"loc":{"start":{"line":6,"column":4},"end":{"line":9,"column":5}},"type":"if","locations":[{"start":{"line":6,"column":4},"end":{"line":9,"column":5}},{"start":{},"end":{}}],"line":6},"1":{"loc":{"start":{"line":6,"column":8},"end":{"line":6,"column":34}},"type":"binary-expr","locations":[{"start":{"line":6,"column":8},"end":{"line":6,"column":17}},{"start":{"line":6,"column":21},"end":{"line":6,"column":34}}],"line":6},"2":{"loc":{"start":{"line":18,"column":6},"end":{"line":18,"column":22}},"type":"default-arg","locations":[{"start":{"line":18,"column":18},"end":{"line":18,"column":22}}],"line":18},"3":{"loc":{"start":{"line":19,"column":6},"end":{"line":19,"column":31}},"type":"default-arg","locations":[{"start":{"line":19,"column":27},"end":{"line":19,"column":31}}],"line":19},"4":{"loc":{"start":{"line":21,"column":6},"end":{"line":21,"column":19}},"type":"default-arg","locations":[{"start":{"line":21,"column":17},"end":{"line":21,"column":19}}],"line":21},"5":{"loc":{"start":{"line":22,"column":6},"end":{"line":22,"column":20}},"type":"default-arg","locations":[{"start":{"line":22,"column":18},"end":{"line":22,"column":20}}],"line":22},"6":{"loc":{"start":{"line":23,"column":6},"end":{"line":23,"column":22}},"type":"default-arg","locations":[{"start":{"line":23,"column":20},"end":{"line":23,"column":22}}],"line":23},"7":{"loc":{"start":{"line":29,"column":4},"end":{"line":32,"column":5}},"type":"if","locations":[{"start":{"line":29,"column":4},"end":{"line":32,"column":5}},{"start":{},"end":{}}],"line":29},"8":{"loc":{"start":{"line":29,"column":8},"end":{"line":29,"column":52}},"type":"binary-expr","locations":[{"start":{"line":29,"column":8},"end":{"line":29,"column":12}},{"start":{"line":29,"column":16},"end":{"line":29,"column":23}},{"start":{"line":29,"column":27},"end":{"line":29,"column":35}},{"start":{"line":29,"column":39},"end":{"line":29,"column":52}}],"line":29},"9":{"loc":{"start":{"line":55,"column":6},"end":{"line":55,"column":30}},"type":"binary-expr","locations":[{"start":{"line":55,"column":6},"end":{"line":55,"column":24}},{"start":{"line":55,"column":28},"end":{"line":55,"column":30}}],"line":55},"10":{"loc":{"start":{"line":68,"column":4},"end":{"line":78,"column":5}},"type":"if","locations":[{"start":{"line":68,"column":4},"end":{"line":78,"column":5}},{"start":{},"end":{}}],"line":68},"11":{"loc":{"start":{"line":68,"column":8},"end":{"line":68,"column":39}},"type":"binary-expr","locations":[{"start":{"line":68,"column":8},"end":{"line":68,"column":16}},{"start":{"line":68,"column":20},"end":{"line":68,"column":39}}],"line":68},"12":{"loc":{"start":{"line":81,"column":4},"end":{"line":91,"column":5}},"type":"if","locations":[{"start":{"line":81,"column":4},"end":{"line":91,"column":5}},{"start":{},"end":{}}],"line":81},"13":{"loc":{"start":{"line":81,"column":8},"end":{"line":81,"column":41}},"type":"binary-expr","locations":[{"start":{"line":81,"column":8},"end":{"line":81,"column":17}},{"start":{"line":81,"column":21},"end":{"line":81,"column":41}}],"line":81},"14":{"loc":{"start":{"line":118,"column":6},"end":{"line":118,"column":37}},"type":"binary-expr","locations":[{"start":{"line":118,"column":6},"end":{"line":118,"column":29}},{"start":{"line":118,"column":33},"end":{"line":118,"column":37}}],"line":118},"15":{"loc":{"start":{"line":119,"column":6},"end":{"line":119,"column":23}},"type":"binary-expr","locations":[{"start":{"line":119,"column":6},"end":{"line":119,"column":14}},{"start":{"line":119,"column":18},"end":{"line":119,"column":23}}],"line":119},"16":{"loc":{"start":{"line":120,"column":6},"end":{"line":120,"column":32}},"type":"binary-expr","locations":[{"start":{"line":120,"column":6},"end":{"line":120,"column":24}},{"start":{"line":120,"column":28},"end":{"line":120,"column":32}}],"line":120},"17":{"loc":{"start":{"line":121,"column":6},"end":{"line":121,"column":32}},"type":"binary-expr","locations":[{"start":{"line":121,"column":6},"end":{"line":121,"column":23}},{"start":{"line":121,"column":27},"end":{"line":121,"column":32}}],"line":121},"18":{"loc":{"start":{"line":122,"column":6},"end":{"line":122,"column":27}},"type":"binary-expr","locations":[{"start":{"line":122,"column":6},"end":{"line":122,"column":18}},{"start":{"line":122,"column":22},"end":{"line":122,"column":27}}],"line":122},"19":{"loc":{"start":{"line":141,"column":4},"end":{"line":143,"column":5}},"type":"if","locations":[{"start":{"line":141,"column":4},"end":{"line":143,"column":5}},{"start":{},"end":{}}],"line":141},"20":{"loc":{"start":{"line":141,"column":8},"end":{"line":141,"column":53}},"type":"binary-expr","locations":[{"start":{"line":141,"column":8},"end":{"line":141,"column":17}},{"start":{"line":141,"column":21},"end":{"line":141,"column":36}},{"start":{"line":141,"column":40},"end":{"line":141,"column":53}}],"line":141},"21":{"loc":{"start":{"line":161,"column":4},"end":{"line":163,"column":5}},"type":"if","locations":[{"start":{"line":161,"column":4},"end":{"line":163,"column":5}},{"start":{},"end":{}}],"line":161},"22":{"loc":{"start":{"line":161,"column":8},"end":{"line":161,"column":52}},"type":"binary-expr","locations":[{"start":{"line":161,"column":8},"end":{"line":161,"column":12}},{"start":{"line":161,"column":16},"end":{"line":161,"column":23}},{"start":{"line":161,"column":27},"end":{"line":161,"column":35}},{"start":{"line":161,"column":39},"end":{"line":161,"column":52}}],"line":161},"23":{"loc":{"start":{"line":176,"column":39},"end":{"line":176,"column":63}},"type":"binary-expr","locations":[{"start":{"line":176,"column":39},"end":{"line":176,"column":57}},{"start":{"line":176,"column":61},"end":{"line":176,"column":63}}],"line":176},"24":{"loc":{"start":{"line":186,"column":4},"end":{"line":190,"column":5}},"type":"if","locations":[{"start":{"line":186,"column":4},"end":{"line":190,"column":5}},{"start":{},"end":{}}],"line":186},"25":{"loc":{"start":{"line":186,"column":8},"end":{"line":186,"column":39}},"type":"binary-expr","locations":[{"start":{"line":186,"column":8},"end":{"line":186,"column":16}},{"start":{"line":186,"column":20},"end":{"line":186,"column":39}}],"line":186},"26":{"loc":{"start":{"line":194,"column":4},"end":{"line":198,"column":5}},"type":"if","locations":[{"start":{"line":194,"column":4},"end":{"line":198,"column":5}},{"start":{},"end":{}}],"line":194},"27":{"loc":{"start":{"line":194,"column":8},"end":{"line":194,"column":41}},"type":"binary-expr","locations":[{"start":{"line":194,"column":8},"end":{"line":194,"column":17}},{"start":{"line":194,"column":21},"end":{"line":194,"column":41}}],"line":194},"28":{"loc":{"start":{"line":224,"column":6},"end":{"line":224,"column":37}},"type":"binary-expr","locations":[{"start":{"line":224,"column":6},"end":{"line":224,"column":29}},{"start":{"line":224,"column":33},"end":{"line":224,"column":37}}],"line":224},"29":{"loc":{"start":{"line":225,"column":6},"end":{"line":225,"column":23}},"type":"binary-expr","locations":[{"start":{"line":225,"column":6},"end":{"line":225,"column":14}},{"start":{"line":225,"column":18},"end":{"line":225,"column":23}}],"line":225},"30":{"loc":{"start":{"line":226,"column":6},"end":{"line":226,"column":32}},"type":"binary-expr","locations":[{"start":{"line":226,"column":6},"end":{"line":226,"column":24}},{"start":{"line":226,"column":28},"end":{"line":226,"column":32}}],"line":226},"31":{"loc":{"start":{"line":227,"column":6},"end":{"line":227,"column":32}},"type":"binary-expr","locations":[{"start":{"line":227,"column":6},"end":{"line":227,"column":23}},{"start":{"line":227,"column":27},"end":{"line":227,"column":32}}],"line":227},"32":{"loc":{"start":{"line":228,"column":6},"end":{"line":228,"column":27}},"type":"binary-expr","locations":[{"start":{"line":228,"column":6},"end":{"line":228,"column":18}},{"start":{"line":228,"column":22},"end":{"line":228,"column":27}}],"line":228},"33":{"loc":{"start":{"line":246,"column":4},"end":{"line":248,"column":5}},"type":"if","locations":[{"start":{"line":246,"column":4},"end":{"line":248,"column":5}},{"start":{},"end":{}}],"line":246},"34":{"loc":{"start":{"line":246,"column":8},"end":{"line":246,"column":36}},"type":"binary-expr","locations":[{"start":{"line":246,"column":8},"end":{"line":246,"column":17}},{"start":{"line":246,"column":21},"end":{"line":246,"column":36}}],"line":246},"35":{"loc":{"start":{"line":256,"column":4},"end":{"line":258,"column":5}},"type":"if","locations":[{"start":{"line":256,"column":4},"end":{"line":258,"column":5}},{"start":{},"end":{}}],"line":256},"36":{"loc":{"start":{"line":272,"column":11},"end":{"line":272,"column":69}},"type":"cond-expr","locations":[{"start":{"line":272,"column":25},"end":{"line":272,"column":64}},{"start":{"line":272,"column":67},"end":{"line":272,"column":69}}],"line":272},"37":{"loc":{"start":{"line":275,"column":19},"end":{"line":281,"column":12}},"type":"cond-expr","locations":[{"start":{"line":275,"column":55},"end":{"line":281,"column":7}},{"start":{"line":281,"column":10},"end":{"line":281,"column":12}}],"line":275},"38":{"loc":{"start":{"line":282,"column":25},"end":{"line":282,"column":57}},"type":"binary-expr","locations":[{"start":{"line":282,"column":25},"end":{"line":282,"column":51}},{"start":{"line":282,"column":55},"end":{"line":282,"column":57}}],"line":282},"39":{"loc":{"start":{"line":298,"column":4},"end":{"line":301,"column":5}},"type":"if","locations":[{"start":{"line":298,"column":4},"end":{"line":301,"column":5}},{"start":{},"end":{}}],"line":298},"40":{"loc":{"start":{"line":298,"column":8},"end":{"line":298,"column":36}},"type":"binary-expr","locations":[{"start":{"line":298,"column":8},"end":{"line":298,"column":17}},{"start":{"line":298,"column":21},"end":{"line":298,"column":36}}],"line":298},"41":{"loc":{"start":{"line":306,"column":6},"end":{"line":306,"column":29}},"type":"default-arg","locations":[{"start":{"line":306,"column":27},"end":{"line":306,"column":29}}],"line":306},"42":{"loc":{"start":{"line":308,"column":6},"end":{"line":308,"column":20}},"type":"default-arg","locations":[{"start":{"line":308,"column":18},"end":{"line":308,"column":20}}],"line":308},"43":{"loc":{"start":{"line":312,"column":6},"end":{"line":312,"column":23}},"type":"default-arg","locations":[{"start":{"line":312,"column":21},"end":{"line":312,"column":23}}],"line":312},"44":{"loc":{"start":{"line":314,"column":6},"end":{"line":314,"column":20}},"type":"default-arg","locations":[{"start":{"line":314,"column":18},"end":{"line":314,"column":20}}],"line":314},"45":{"loc":{"start":{"line":321,"column":4},"end":{"line":324,"column":5}},"type":"if","locations":[{"start":{"line":321,"column":4},"end":{"line":324,"column":5}},{"start":{},"end":{}}],"line":321},"46":{"loc":{"start":{"line":321,"column":8},"end":{"line":321,"column":76}},"type":"binary-expr","locations":[{"start":{"line":321,"column":8},"end":{"line":321,"column":17}},{"start":{"line":321,"column":21},"end":{"line":321,"column":28}},{"start":{"line":321,"column":32},"end":{"line":321,"column":49}},{"start":{"line":321,"column":53},"end":{"line":321,"column":63}},{"start":{"line":321,"column":67},"end":{"line":321,"column":76}}],"line":321},"47":{"loc":{"start":{"line":376,"column":4},"end":{"line":378,"column":5}},"type":"if","locations":[{"start":{"line":376,"column":4},"end":{"line":378,"column":5}},{"start":{},"end":{}}],"line":376},"48":{"loc":{"start":{"line":376,"column":8},"end":{"line":376,"column":53}},"type":"binary-expr","locations":[{"start":{"line":376,"column":8},"end":{"line":376,"column":17}},{"start":{"line":376,"column":21},"end":{"line":376,"column":36}},{"start":{"line":376,"column":40},"end":{"line":376,"column":53}}],"line":376},"49":{"loc":{"start":{"line":383,"column":6},"end":{"line":383,"column":29}},"type":"default-arg","locations":[{"start":{"line":383,"column":27},"end":{"line":383,"column":29}}],"line":383},"50":{"loc":{"start":{"line":385,"column":6},"end":{"line":385,"column":20}},"type":"default-arg","locations":[{"start":{"line":385,"column":18},"end":{"line":385,"column":20}}],"line":385},"51":{"loc":{"start":{"line":389,"column":6},"end":{"line":389,"column":23}},"type":"default-arg","locations":[{"start":{"line":389,"column":21},"end":{"line":389,"column":23}}],"line":389},"52":{"loc":{"start":{"line":391,"column":6},"end":{"line":391,"column":20}},"type":"default-arg","locations":[{"start":{"line":391,"column":18},"end":{"line":391,"column":20}}],"line":391},"53":{"loc":{"start":{"line":398,"column":4},"end":{"line":400,"column":5}},"type":"if","locations":[{"start":{"line":398,"column":4},"end":{"line":400,"column":5}},{"start":{},"end":{}}],"line":398},"54":{"loc":{"start":{"line":398,"column":8},"end":{"line":398,"column":76}},"type":"binary-expr","locations":[{"start":{"line":398,"column":8},"end":{"line":398,"column":17}},{"start":{"line":398,"column":21},"end":{"line":398,"column":28}},{"start":{"line":398,"column":32},"end":{"line":398,"column":49}},{"start":{"line":398,"column":53},"end":{"line":398,"column":63}},{"start":{"line":398,"column":67},"end":{"line":398,"column":76}}],"line":398},"55":{"loc":{"start":{"line":446,"column":4},"end":{"line":448,"column":5}},"type":"if","locations":[{"start":{"line":446,"column":4},"end":{"line":448,"column":5}},{"start":{},"end":{}}],"line":446},"56":{"loc":{"start":{"line":446,"column":8},"end":{"line":446,"column":36}},"type":"binary-expr","locations":[{"start":{"line":446,"column":8},"end":{"line":446,"column":17}},{"start":{"line":446,"column":21},"end":{"line":446,"column":36}}],"line":446},"57":{"loc":{"start":{"line":456,"column":4},"end":{"line":458,"column":5}},"type":"if","locations":[{"start":{"line":456,"column":4},"end":{"line":458,"column":5}},{"start":{},"end":{}}],"line":456},"58":{"loc":{"start":{"line":463,"column":26},"end":{"line":463,"column":132}},"type":"cond-expr","locations":[{"start":{"line":463,"column":56},"end":{"line":463,"column":127}},{"start":{"line":463,"column":130},"end":{"line":463,"column":132}}],"line":463},"59":{"loc":{"start":{"line":464,"column":17},"end":{"line":464,"column":105}},"type":"cond-expr","locations":[{"start":{"line":464,"column":38},"end":{"line":464,"column":100}},{"start":{"line":464,"column":103},"end":{"line":464,"column":105}}],"line":464},"60":{"loc":{"start":{"line":465,"column":20},"end":{"line":465,"column":114}},"type":"cond-expr","locations":[{"start":{"line":465,"column":44},"end":{"line":465,"column":109}},{"start":{"line":465,"column":112},"end":{"line":465,"column":114}}],"line":465},"61":{"loc":{"start":{"line":466,"column":17},"end":{"line":466,"column":105}},"type":"cond-expr","locations":[{"start":{"line":466,"column":38},"end":{"line":466,"column":100}},{"start":{"line":466,"column":103},"end":{"line":466,"column":105}}],"line":466},"62":{"loc":{"start":{"line":482,"column":4},"end":{"line":484,"column":5}},"type":"if","locations":[{"start":{"line":482,"column":4},"end":{"line":484,"column":5}},{"start":{},"end":{}}],"line":482},"63":{"loc":{"start":{"line":482,"column":8},"end":{"line":482,"column":34}},"type":"binary-expr","locations":[{"start":{"line":482,"column":8},"end":{"line":482,"column":17}},{"start":{"line":482,"column":21},"end":{"line":482,"column":34}}],"line":482},"64":{"loc":{"start":{"line":486,"column":37},"end":{"line":486,"column":48}},"type":"default-arg","locations":[{"start":{"line":486,"column":46},"end":{"line":486,"column":48}}],"line":486},"65":{"loc":{"start":{"line":491,"column":4},"end":{"line":508,"column":5}},"type":"if","locations":[{"start":{"line":491,"column":4},"end":{"line":508,"column":5}},{"start":{"line":499,"column":11},"end":{"line":508,"column":5}}],"line":491},"66":{"loc":{"start":{"line":499,"column":11},"end":{"line":508,"column":5}},"type":"if","locations":[{"start":{"line":499,"column":11},"end":{"line":508,"column":5}},{"start":{"line":506,"column":11},"end":{"line":508,"column":5}}],"line":499},"67":{"loc":{"start":{"line":520,"column":4},"end":{"line":522,"column":5}},"type":"if","locations":[{"start":{"line":520,"column":4},"end":{"line":522,"column":5}},{"start":{},"end":{}}],"line":520},"68":{"loc":{"start":{"line":520,"column":8},"end":{"line":520,"column":36}},"type":"binary-expr","locations":[{"start":{"line":520,"column":8},"end":{"line":520,"column":17}},{"start":{"line":520,"column":21},"end":{"line":520,"column":36}}],"line":520},"69":{"loc":{"start":{"line":528,"column":23},"end":{"line":528,"column":55}},"type":"binary-expr","locations":[{"start":{"line":528,"column":23},"end":{"line":528,"column":49}},{"start":{"line":528,"column":53},"end":{"line":528,"column":55}}],"line":528},"70":{"loc":{"start":{"line":532,"column":4},"end":{"line":534,"column":5}},"type":"if","locations":[{"start":{"line":532,"column":4},"end":{"line":534,"column":5}},{"start":{},"end":{}}],"line":532},"71":{"loc":{"start":{"line":532,"column":8},"end":{"line":532,"column":33}},"type":"binary-expr","locations":[{"start":{"line":532,"column":8},"end":{"line":532,"column":18}},{"start":{"line":532,"column":22},"end":{"line":532,"column":33}}],"line":532},"72":{"loc":{"start":{"line":538,"column":4},"end":{"line":623,"column":5}},"type":"if","locations":[{"start":{"line":538,"column":4},"end":{"line":623,"column":5}},{"start":{"line":574,"column":11},"end":{"line":623,"column":5}}],"line":538},"73":{"loc":{"start":{"line":544,"column":6},"end":{"line":546,"column":7}},"type":"if","locations":[{"start":{"line":544,"column":6},"end":{"line":546,"column":7}},{"start":{},"end":{}}],"line":544},"74":{"loc":{"start":{"line":574,"column":11},"end":{"line":623,"column":5}},"type":"if","locations":[{"start":{"line":574,"column":11},"end":{"line":623,"column":5}},{"start":{},"end":{}}],"line":574},"75":{"loc":{"start":{"line":580,"column":6},"end":{"line":582,"column":7}},"type":"if","locations":[{"start":{"line":580,"column":6},"end":{"line":582,"column":7}},{"start":{},"end":{}}],"line":580},"76":{"loc":{"start":{"line":627,"column":4},"end":{"line":629,"column":5}},"type":"if","locations":[{"start":{"line":627,"column":4},"end":{"line":629,"column":5}},{"start":{},"end":{}}],"line":627},"77":{"loc":{"start":{"line":634,"column":19},"end":{"line":634,"column":53}},"type":"cond-expr","locations":[{"start":{"line":634,"column":31},"end":{"line":634,"column":40}},{"start":{"line":634,"column":43},"end":{"line":634,"column":53}}],"line":634}},"s":{"0":1,"1":0,"2":0,"3":0,"4":0,"5":0,"6":0,"7":0,"8":0,"9":0,"10":0,"11":0,"12":0,"13":0,"14":0,"15":0,"16":0,"17":0,"18":0,"19":0,"20":0,"21":0,"22":0,"23":0,"24":0,"25":0,"26":0,"27":0,"28":0,"29":0,"30":0,"31":0,"32":0,"33":0,"34":0,"35":0,"36":0,"37":0,"38":0,"39":0,"40":0,"41":0,"42":0,"43":0,"44":0,"45":0,"46":0,"47":0,"48":0,"49":0,"50":0,"51":0,"52":0,"53":0,"54":0,"55":0,"56":0,"57":0,"58":0,"59":0,"60":0,"61":0,"62":0,"63":0,"64":0,"65":0,"66":0,"67":0,"68":0,"69":0,"70":0,"71":0,"72":0,"73":0,"74":0,"75":0,"76":0,"77":0,"78":0,"79":0,"80":0,"81":0,"82":0,"83":0,"84":0,"85":0,"86":0,"87":0,"88":0,"89":0,"90":0,"91":0,"92":0,"93":0,"94":0,"95":0,"96":0,"97":0,"98":0,"99":0,"100":0,"101":0,"102":0,"103":0,"104":0,"105":0,"106":0,"107":0,"108":0,"109":0,"110":0,"111":0,"112":0,"113":0,"114":0,"115":0,"116":0,"117":0,"118":0,"119":0,"120":0,"121":0,"122":0,"123":0,"124":0,"125":0,"126":0,"127":0,"128":0,"129":0,"130":0,"131":0,"132":0,"133":0,"134":0,"135":0,"136":0,"137":0,"138":0,"139":0,"140":0,"141":0,"142":0,"143":0,"144":0,"145":0,"146":0,"147":0,"148":0,"149":0,"150":0,"151":0,"152":0,"153":0,"154":0,"155":0,"156":0,"157":0,"158":0,"159":0,"160":0,"161":0,"162":0,"163":0,"164":0,"165":0,"166":0,"167":0,"168":0,"169":0,"170":0,"171":0,"172":0,"173":0,"174":0,"175":0,"176":0,"177":0,"178":0,"179":0,"180":0,"181":0,"182":0,"183":0,"184":0,"185":0,"186":0,"187":0,"188":0,"189":0,"190":0,"191":0,"192":0,"193":0,"194":0,"195":0,"196":0,"197":0,"198":0,"199":0,"200":0,"201":0,"202":0,"203":0,"204":0,"205":0,"206":0,"207":0,"208":0,"209":0,"210":0,"211":0,"212":0,"213":0,"214":0,"215":0,"216":0,"217":0,"218":0,"219":0,"220":0,"221":0,"222":0,"223":0,"224":0,"225":0,"226":0,"227":0,"228":0,"229":0,"230":0,"231":0,"232":0,"233":1},"f":{"0":0,"1":0,"2":0,"3":0,"4":0,"5":0,"6":0,"7":0,"8":0,"9":0,"10":0,"11":0,"12":0,"13":0},"b":{"0":[0,0],"1":[0,0],"2":[0],"3":[0],"4":[0],"5":[0],"6":[0],"7":[0,0],"8":[0,0,0,0],"9":[0,0],"10":[0,0],"11":[0,0],"12":[0,0],"13":[0,0],"14":[0,0],"15":[0,0],"16":[0,0],"17":[0,0],"18":[0,0],"19":[0,0],"20":[0,0,0],"21":[0,0],"22":[0,0,0,0],"23":[0,0],"24":[0,0],"25":[0,0],"26":[0,0],"27":[0,0],"28":[0,0],"29":[0,0],"30":[0,0],"31":[0,0],"32":[0,0],"33":[0,0],"34":[0,0],"35":[0,0],"36":[0,0],"37":[0,0],"38":[0,0],"39":[0,0],"40":[0,0],"41":[0],"42":[0],"43":[0],"44":[0],"45":[0,0],"46":[0,0,0,0,0],"47":[0,0],"48":[0,0,0],"49":[0],"50":[0],"51":[0],"52":[0],"53":[0,0],"54":[0,0,0,0,0],"55":[0,0],"56":[0,0],"57":[0,0],"58":[0,0],"59":[0,0],"60":[0,0],"61":[0,0],"62":[0,0],"63":[0,0],"64":[0],"65":[0,0],"66":[0,0],"67":[0,0],"68":[0,0],"69":[0,0],"70":[0,0],"71":[0,0],"72":[0,0],"73":[0,0],"74":[0,0],"75":[0,0],"76":[0,0],"77":[0,0]},"_coverageSchema":"1a1c01bbd47fc00a2c39e90264f33305004495a9","hash":"f4607d56c86804cedc5f20b0722e3807b31eabfb"}
,"/Users/lillywu/Altheros-Capital/server/controllers/providerController.js": {"path":"/Users/lillywu/Altheros-Capital/server/controllers/providerController.js","statementMap":{"0":{"start":{"line":1,"column":24},"end":{"line":1,"column":62}},"1":{"start":{"line":15,"column":2},"end":{"line":47,"column":3}},"2":{"start":{"line":25,"column":8},"end":{"line":25,"column":17}},"3":{"start":{"line":27,"column":19},"end":{"line":27,"column":65}},"4":{"start":{"line":29,"column":4},"end":{"line":41,"column":7}},"5":{"start":{"line":45,"column":4},"end":{"line":45,"column":36}},"6":{"start":{"line":46,"column":4},"end":{"line":46,"column":84}},"7":{"start":{"line":53,"column":21},"end":{"line":53,"column":34}},"8":{"start":{"line":54,"column":2},"end":{"line":65,"column":3}},"9":{"start":{"line":55,"column":19},"end":{"line":55,"column":64}},"10":{"start":{"line":57,"column":4},"end":{"line":59,"column":5}},"11":{"start":{"line":58,"column":6},"end":{"line":58,"column":67}},"12":{"start":{"line":60,"column":4},"end":{"line":60,"column":21}},"13":{"start":{"line":63,"column":4},"end":{"line":63,"column":36}},"14":{"start":{"line":64,"column":4},"end":{"line":64,"column":84}},"15":{"start":{"line":70,"column":21},"end":{"line":70,"column":34}},"16":{"start":{"line":72,"column":2},"end":{"line":93,"column":3}},"17":{"start":{"line":73,"column":25},"end":{"line":73,"column":81}},"18":{"start":{"line":75,"column":4},"end":{"line":79,"column":7}},"19":{"start":{"line":82,"column":4},"end":{"line":82,"column":58}},"20":{"start":{"line":84,"column":4},"end":{"line":86,"column":5}},"21":{"start":{"line":85,"column":6},"end":{"line":85,"column":67}},"22":{"start":{"line":88,"column":4},"end":{"line":90,"column":5}},"23":{"start":{"line":89,"column":6},"end":{"line":89,"column":91}},"24":{"start":{"line":92,"column":4},"end":{"line":92,"column":93}},"25":{"start":{"line":97,"column":2},"end":{"line":109,"column":3}},"26":{"start":{"line":98,"column":23},"end":{"line":98,"column":35}},"27":{"start":{"line":99,"column":28},"end":{"line":99,"column":92}},"28":{"start":{"line":101,"column":4},"end":{"line":103,"column":5}},"29":{"start":{"line":102,"column":6},"end":{"line":102,"column":76}},"30":{"start":{"line":105,"column":4},"end":{"line":105,"column":30}},"31":{"start":{"line":107,"column":4},"end":{"line":107,"column":75}},"32":{"start":{"line":108,"column":4},"end":{"line":108,"column":96}},"33":{"start":{"line":112,"column":0},"end":{"line":117,"column":2}}},"fnMap":{"0":{"name":"listProviders","decl":{"start":{"line":14,"column":15},"end":{"line":14,"column":28}},"loc":{"start":{"line":14,"column":39},"end":{"line":48,"column":1}},"line":14},"1":{"name":"getProvider","decl":{"start":{"line":52,"column":15},"end":{"line":52,"column":26}},"loc":{"start":{"line":52,"column":37},"end":{"line":67,"column":1}},"line":52},"2":{"name":"getProviderHeadshot","decl":{"start":{"line":69,"column":15},"end":{"line":69,"column":34}},"loc":{"start":{"l
[...]
rt":{"line":78,"column":25},"end":{"line":78,"column":45}},"21":{"start":{"line":79,"column":8},"end":{"line":84,"column":9}},"22":{"start":{"line":80,"column":21},"end":{"line":80,"column":43}},"23":{"start":{"line":81,"column":8},"end":{"line":81,"column":25}},"24":{"start":{"line":83,"column":8},"end":{"line":83,"column":35}},"25":{"start":{"line":86,"column":4},"end":{"line":86,"column":36}},"26":{"start":{"line":90,"column":22},"end":{"line":93,"column":9}},"27":{"start":{"line":94,"column":8},"end":{"line":94,"column":49}},"28":{"start":{"line":98,"column":22},"end":{"line":101,"column":9}},"29":{"start":{"line":102,"column":8},"end":{"line":102,"column":39}},"30":{"start":{"line":105,"column":4},"end":{"line":105,"column":67}}},"fnMap":{"0":{"name":"cvHandler","decl":{"start":{"line":6,"column":19},"end":{"line":6,"column":28}},"loc":{"start":{"line":6,"column":38},"end":{"line":74,"column":5}},"line":6},"1":{"name":"(anonymous_1)","decl":{"start":{"line":54,"column":18},"end":{"line":54,"column":19}},"loc":{"start":{"line":55,"column":8},"end":{"line":55,"column":73}},"line":55},"2":{"name":"(anonymous_2)","decl":{"start":{"line":55,"column":34},"end":{"line":55,"column":35}},"loc":{"start":{"line":55,"column":58},"end":{"line":55,"column":72}},"line":55},"3":{"name":"bufferToString","decl":{"start":{"line":76,"column":19},"end":{"line":76,"column":33}},"loc":{"start":{"line":76,"column":42},"end":{"line":87,"column":5}},"line":76},"4":{"name":"addToApplicants","decl":{"start":{"line":89,"column":19},"end":{"line":89,"column":34}},"loc":{"start":{"line":89,"column":51},"end":{"line":95,"column":5}},"line":89},"5":{"name":"deleteApplicant","decl":{"start":{"line":97,"column":19},"end":{"line":97,"column":34}},"loc":{"start":{"line":97,"column":41},"end":{"line":103,"column":5}},"line":97}},"branchMap":{"0":{"loc":{"start":{"line":57,"column":4},"end":{"line":57,"column":60}},"type":"if","locations":[{"start":{"line":57,"column":4},"end":{"line":57,"column":60}},{"start":{},"end":{}}],"line":57},"1":{"loc":{"start":{"line":72,"column":4},"end":{"line":72,"column":60}},"type":"if","locations":[{"start":{"line":72,"column":4},"end":{"line":72,"column":60}},{"start":{},"end":{}}],"line":72},"2":{"loc":{"start":{"line":77,"column":4},"end":{"line":85,"column":5}},"type":"if","locations":[{"start":{"line":77,"column":4},"end":{"line":85,"column":5}},{"start":{},"end":{}}],"line":77}},"s":{"0":1,"1":1,"2":1,"3":1,"4":0,"5":0,"6":0,"7":0,"8":0,"9":0,"10":0,"11":0,"12":0,"13":0,"14":0,"15":0,"16":0,"17":0,"18":0,"19":0,"20":0,"21":0,"22":0,"23":0,"24":0,"25":0,"26":0,"27":0,"28":0,"29":0,"30":1},"f":{"0":0,"1":0,"2":0,"3":0,"4":0,"5":0},"b":{"0":[0,0],"1":[0,0],"2":[0,0]},"_coverageSchema":"1a1c01bbd47fc00a2c39e90264f33305004495a9","hash":"95c1b46258a1f890c02d24de7e6e5a015857aa13"}
,"/Users/lillywu/Altheros-Capital/server/services/s3Service.js": {"path":"/Users/lillywu/Altheros-Capital/server/services/s3Service.js","statementMap":{"0":{"start":{"line":6,"column":4},"end":{"line":6,"column":33}},"1":{"start":{"line":8,"column":25},"end":{"line":8,"column":65}},"2":{"start":{"line":9,"column":0},"end":{"line":9,"column":27}},"3":{"start":{"line":11,"column":11},"end":{"line":17,"column":2}},"4":{"start":{"line":19,"column":19},"end":{"line":30,"column":1}},"5":{"start":{"line":20,"column":27},"end":{"line":25,"column":4}},"6":{"start":{"line":27,"column":2},"end":{"line":27,"column":34}},"7":{"start":{"line":29,"column":2},"end":{"line":29,"column":57}},"8":{"start":{"line":32,"column":18},"end":{"line":41,"column":1}},"9":{"start":{"line":33,"column":27},"end":{"line":36,"column":4}},"10":{"start":{"line":38,"column":2},"end":{"line":40,"column":5}},"11":{"start":{"line":43,"column":21},"end":{"line":50,"column":1}},"12":{"start":{"line":44,"column":30},"end":{"line":47,"column":4}},"13":{"start":{"line":49,"column":2},"end":{"line":49,"column":37}},"14":{"start":{"line":52,"column":0},"end":{"line":52,"column":61}}},"fnMap":{"0":{"name":"(anonymous_0)","decl":{"start":{"line":19,"column":19},"end":{"line":19,"column":20}},"loc":{"start":{"line":19,"column":72},"end":{"line":30,"column":1}},"line":19},"1":{"name":"(anonymous_1)","decl":{"start":{"line":32,"column":18},"end":{"line":32,"column":19}},"loc":{"start":{"line":32,"column":49},"end":{"line":41,"column":1}},"line":32},"2":{"name":"(anonymous_2)","decl":{"start":{"line":43,"column":21},"end":{"line":43,"column":22}},"loc":{"start":{"line":43,"column":52},"end":{"line":50,"column":1}},"line":43}},"branchMap":{},"s":{"0":1,"1":1,"2":1,"3":1,"4":1,"5":1,"6":1,"7":1,"8":1,"9":0,"10":0,"11":1,"12":0,"13":0,"14":1},"f":{"0":1,"1":0,"2":0},"b":{},"_coverageSchema":"1a1c01bbd47fc00a2c39e90264f33305004495a9","hash":"3fb993ed8a58a5fa46852025ef1fda0a9a5f31e9"}
,"/Users/lillywu/Altheros-Capital/server/services/socketService.js": {"path":"/Users/lillywu/Altheros-Capital/server/services/socketService.js","statementMap":{"0":{"start":{"line":1,"column":19},"end":{"line":1,"column":39}},"1":{"start":{"line":2,"column":18},"end":{"line":2,"column":47}},"2":{"start":{"line":3,"column":23},"end":{"line":3,"column":66}},"3":{"start":{"line":6,"column":23},"end":{"line":6,"column":32}},"4":{"start":{"line":9,"column":25},"end":{"line":9,"column":34}},"5":{"start":{"line":16,"column":13},"end":{"line":21,"column":4}},"6":{"start":{"line":27,"column":2},"end":{"line":51,"column":5}},"7":{"start":{"line":28,"column":18},"end":{"line":28,"column":45}},"8":{"start":{"line":30,"column":4},"end":{"line":32,"column":5}},"9":{"start":{"line":31,"column":6},"end":{"line":31,"column":54}},"10":{"start":{"line":34,"column":4},"end":{"line":50,"column":5}},"11":{"start":{"line":35,"column":22},"end":{"line":35,"column":44}},"12":{"start":{"line":38,"column":6},"end":{"line":44,"column":8}},"13":{"start":{"line":46,"column":6},"end":{"line":46,"column":13}},"14":{"start":{"line":48,"column":6},"end":{"line":48,"column":55}},"15":{"start":{"line":49,"column":6},"end":{"line":49,"column":39}},"16":{"start":{"line":56,"column":2},"end":{"line":91,"column":5}},"17":{"start":{"line":57,"column":28},"end":{"line":57,"column":39}},"18":{"start":{"line":60,"column":4},"end":{"line":60,"column":41}},"19":{"start":{"line":61,"column":4},"end":{"line":61,"column":38}},"20":{"start":{"line":63,"column":4},"end":{"line":63,"column":63}},"21":{"start":{"line":71,"column":4},"end":{"line":73,"column":7}},"22":{"start":{"line":72,"column":6},"end":{"line":72,"column":62}},"23":{"start":{"line":78,"column":4},"end":{"line":80,"column":7}},"24":{"start":{"line":79,"column":6},"end":{"line":79,"column":53}},"25":{"start":{"line":85,"column":4},"end":{"line":90,"column":7}},"26":{"start":{"line":86,"column":6},"end":{"line":86,"column":26}},"27":{"start":{"line":87,"column":6},"end":{"line":87,"column":35}},"28":{"start":{"line":88,"column":6},"end":{"line":88,"column":37}},"29":{"start":{"line":89,"column":6},"end":{"line":89,"column":50}},"30":{"start":{"line":93,"column":2},"end":{"line":93,"column":12}},"31":{"start":{"line":96,"column":0},"end":{"line":96,"column":72}}},"fnMap":{"0":{"name":"initializeSocket","decl":{"start":{"line":15,"column":9},"end":{"line":15,"column":25}},"loc":{"start":{"line":15,"column":34},"end":{"line":94,"column":1}},"line":15},"1":{"name":"(anonymous_1)","decl":{"start":{"line":27,"column":9},"end":{"line":27,"column":10}},"loc":{"start":{"line":27,"column":33},"end":{"line":51,"column":3}},"line":27},"2":{"name":"(anonymous_2)","decl":{"start":{"line":56,"column":22},"end":{"line":56,"column":23}},"loc":{"start":{"line":56,"column":34},"end":{"line":91,"column":3}},"line":56},"3":{"name":"(anonymous_3)","decl":{"start":{"line":71,"column":27},"end":{"line":71,"column":28}},"loc":{"start":{"line":71,"column":37},"end":{"line":73,"column":5}},"line":71},"4":{"name":"(anonymous_4)","decl":{"start":{"line":78,"column":30},"end":{"line":78,"column":31}},"loc":{"start":{"line":78,"column":40},"end":{"line":80,"column":5}},"line":78},"5":{"name":"(anonymous_5)","decl":{"start":{"line":85,"column":28},"end":{"line":85,"column":29}},"loc":{"start":{"line":85,"column":40},"end":{"line":90,"column":5}},"line":85}},"branchMap":{"0":{"loc":{"start":{"line":30,"column":4},"end":{"line":32,"column":5}},"type":"if","locations":[{"start":{"line":30,"column":4},"end":{"line":32,"column":5}},{"start":{},"end":{}}],"line":30},"1":{"loc":{"start":{"line":40,"column":14},"end":{"line":40,"column":96}},"type":"binary-expr","locations":[{"start":{"line":40,"column":14},"end":{"line":40,"column":79}},{"start":{"line":40,"column":83},"end":{"line":40,"column":96}}],"line":40},"2":{"loc":{"start":{"line":40,"column":17},"end":{"line":40,"column":41}},"type":"binary-expr","locations":[{"start":{"line":40,"column":17},"end":{"line":40,"column":35}},{"start":{"line":40,"column":39},"end":{"line":40,"column":41}}],"line":40},"3":{"loc":{"start":{"line":40,"column":45},"end":{"line":40,"column":70}},"type":"binary-expr","locations":[{"start":{"line":40,"column":45},"end":{"line":40,"column":64}},{"start":{"line":40,"column":68},"end":{"line":40,"column":70}}],"line":40},"4":{"loc":{"start":{"line":42,"column":14},"end":{"line":42,"column":71}},"type":"binary-expr","locations":[{"start":{"line":42,"column":14},"end":{"line":42,"column":39}},{"start":{"line":42,"column":43},"end":{"line":42,"column":71}}],"line":42}},"s":{"0":1,"1":1,"2":1,"3":1,"4":1,"5":1,"6":1,"7":0,"8":0,"9":0,"10":0,"11":0,"12":0,"13":0,"14":0,"15":0,"16":1,"17":0,"18":0,"19":0,"20":0,"21":0,"22":0,"23":0,"24":0,"25":0,"26":0,"27":0,"28":0,"29":0,"30":1,"31":1},"f":{"0":1,"1":0,"2":0,"3":0,"4":0,"5":0},"b":{"0":[0,0],"1":[0,0],"2":[0,0],"3":[0,0],"4":[0,0]},"_coverageSchema":"1a1c01bbd47fc00a2c39e90264f33305004495a9","hash":"936dbc397d88473d171df73388bbd0f428441e06"}
,"/Users/lillywu/Altheros-Capital/server/services/symptomsService.js": {"path":"/Users/lillywu/Altheros-Capital/server/services/symptomsService.js","statementMap":{"0":{"start":{"line":1,"column":17},"end":{"line":1,"column":61}},"1":{"start":{"line":4,"column":2},"end":{"line":4,"column":38}},"2":{"start":{"line":7,"column":0},"end":{"line":7,"column":34}}},"fnMap":{"0":{"name":"listSymptoms","decl":{"start":{"line":3,"column":15},"end":{"line":3,"column":27}},"loc":{"start":{"line":3,"column":30},"end":{"line":5,"column":1}},"line":3}},"branchMap":{},"s":{"0":1,"1":0,"2":1},"f":{"0":0},"b":{},"_coverageSchema":"1a1c01bbd47fc00a2c39e90264f33305004495a9","hash":"1508f10d8e248c9fdebbd8a008c347515288c9cd"}
,"/Users/lillywu/Altheros-Capital/server/utils/dbUtils.js": {"path":"/Users/lillywu/Altheros-Capital/server/utils/dbUtils.js","statementMap":{"0":{"start":{"line":1,"column":11},"end":{"line":1,"column":35}},"1":{"start":{"line":4,"column":18},"end":{"line":4,"column":25}},"2":{"start":{"line":5,"column":17},"end":{"line":5,"column":42}},"3":{"start":{"line":6,"column":15},"end":{"line":6,"column":34}},"4":{"start":{"line":7,"column":2},"end":{"line":7,"column":58}},"5":{"start":{"line":8,"column":2},"end":{"line":8,"column":52}},"6":{"start":{"line":10,"column":2},"end":{"line":12,"column":3}},"7":{"start":{"line":11,"column":4},"end":{"line":11,"column":39}},"8":{"start":{"line":13,"column":16},"end":{"line":15,"column":112}},"9":{"start":{"line":16,"column":17},"end":{"line":16,"column":45}},"10":{"start":{"line":17,"column":2},"end":{"line":17,"column":27}},"11":{"start":{"line":20,"column":0},"end":{"line":20,"column":33}}},"fnMap":{"0":{"name":"getUserDbId","decl":{"start":{"line":3,"column":15},"end":{"line":3,"column":26}},"loc":{"start":{"line":3,"column":36},"end":{"line":18,"column":1}},"line":3}},"branchMap":{"0":{"loc":{"start":{"line":6,"column":15},"end":{"line":6,"column":34}},"type":"binary-expr","locations":[{"start":{"line":6,"column":15},"end":{"line":6,"column":21}},{"start":{"line":6,"column":25},"end":{"line":6,"column":34}}],"line":6},"1":{"loc":{"start":{"line":10,"column":2},"end":{"line":12,"column":3}},"type":"if","locations":[{"start":{"line":10,"column":2},"end":{"line":12,"column":3}},{"start":{},"end":{}}],"line":10},"2":{"loc":{"start":{"line":13,"column":16},"end":{"line":15,"column":112}},"type":"cond-expr","locations":[{"start":{"line":14,"column":6},"end":{"line":14,"column":53}},{"start":{"line":15,"column":6},"end":{"line":15,"column":112}}],"line":13}},"s":{"0":1,"1":10,"2":10,"3":10,"4":10,"5":10,"6":10,"7":0,"8":10,"9":10,"10":10,"11":1},"f":{"0":10},"b":{"0":[10,10],"1":[0,10],"2":[10,0]},"_coverageSchema":"1a1c01bbd47fc00a2c39e90264f33305004495a9","hash":"9a5d5416b8699c4a12468342eeaaab60b7a4f8ba"}
,"/Users/lillywu/Altheros-Capital/server/utils/hashUtils.js": {"path":"/Users/lillywu/Altheros-Capital/server/utils/hashUtils.js","statementMap":{"0":{"start":{"line":1,"column":15},"end":{"line":1,"column":32}},"1":{"start":{"line":4,"column":4},"end":{"line":7,"column":26}},"2":{"start":{"line":10,"column":0},"end":{"line":10,"column":35}}},"fnMap":{"0":{"name":"getSecretHash","decl":{"start":{"line":3,"column":9},"end":{"line":3,"column":22}},"loc":{"start":{"line":3,"column":57},"end":{"line":8,"column":1}},"line":3}},"branchMap":{},"s":{"0":1,"1":1,"2":1},"f":{"0":1},"b":{},"_coverageSchema":"1a1c01bbd47fc00a2c39e90264f33305004495a9","hash":"66f6614371c24c3152c82e47bd7459f6ea588222"}
,"/Users/lillywu/Altheros-Capital/server/utils/parseUtils.js": {"path":"/Users/lillywu/Altheros-Capital/server/utils/parseUtils.js","statementMap":{"0":{"start":{"line":1,"column":18},"end":{"line":1,"column":39}},"1":{"start":{"line":2,"column":19},"end":{"line":2,"column":41}},"2":{"start":{"line":6,"column":2},"end":{"line":6,"column":34}},"3":{"start":{"line":11,"column":2},"end":{"line":28,"column":4}},"4":{"start":{"line":12,"column":19},"end":{"line":12,"column":37}},"5":{"start":{"line":13,"column":19},"end":{"line":13,"column":37}},"6":{"start":{"line":15,"column":4},"end":{"line":25,"column":5}},"7":{"start":{"line":15,"column":17},"end":{"line":15,"column":18}},"8":{"start":{"line":16,"column":6},"end":{"line":24,"column":7}},"9":{"start":{"line":17,"column":8},"end":{"line":23,"column":9}},"10":{"start":{"line":18,"column":10},"end":{"line":18,"column":39}},"11":{"start":{"line":19,"column":15},"end":{"line":23,"column":9}},"12":{"start":{"line":20,"column":10},"end":{"line":20,"column":39}},"13":{"start":{"line":22,"column":10},"end":{"line":22,"column":59}},"14":{"start":{"line":27,"column":4},"end":{"line":27,"column":13}},"15":{"start":{"line":31,"column":0},"end":{"line":31,"column":47}}},"fnMap":{"0":{"name":"uuidToBytes","decl":{"start":{"line":5,"column":9},"end":{"line":5,"column":20}},"loc":{"start":{"line":5,"column":27},"end":{"line":7,"column":1}},"line":5},"1":{"name":"compareUUIDs","decl":{"start":{"line":10,"column":9},"end":{"line":10,"column":21}},"loc":{"start":{"line":10,"column":37},"end":{"line":29,"column":1}},"line":10},"2":{"name":"(anonymous_2)","decl":{"start":{"line":11,"column":9},"end":{"line":11,"column":10}},"loc":{"start":{"line":11,"column":33},"end":{"line":28,"column":3}},"line":11}},"branchMap":{"0":{"loc":{"start":{"line":10,"column":22},"end":{"line":10,"column":35}},"type":"default-arg","locations":[{"start":{"line":10,"column":30},"end":{"line":10,"column":35}}],"line":10},"1":{"loc":{"start":{"line":16,"column":6},"end":{"line":24,"column":7}},"type":"if","locations":[{"start":{"line":16,"column":6},"end":{"line":24,"column":7}},{"start":{},"end":{}}],"line":16},"2":{"loc":{"start":{"line":17,"column":8},"end":{"line":23,"column":9}},"type":"if","locations":[{"start":{"line":17,"column":8},"end":{"line":23,"column":9}},{"start":{"line":19,"column":15},"end":{"line":23,"column":9}}],"line":17},"3":{"loc":{"start":{"line":19,"column":15},"end":{"line":23,"column":9}},"type":"if","locations":[{"start":{"line":19,"column":15},"end":{"line":23,"column":9}},{"start":{"line":21,"column":15},"end":{"line":23,"column":9}}],"line":19}},"s":{"0":1,"1":1,"2":8,"3":1,"4":4,"5":4,"6":4,"7":4,"8":4,"9":4,"10":4,"11":0,"12":0,"13":0,"14":0,"15":1},"f":{"0":8,"1":1,"2":4},"b":{"0":[0],"1":[4,0],"2":[4,0],"3":[0,0]},"_coverageSchema":"1a1c01bbd47fc00a2c39e90264f33305004495a9","hash":"3443eb4c48272b9849a9c7ff0f06e085078d0001"}
,"/Users/lillywu/Altheros-Capital/server/utils/verifyJwt.js": {"path":"/Users/lillywu/Altheros-Capital/server/utils/verifyJwt.js","statementMap":{"0":{"start":{"line":1,"column":13},"end":{"line":1,"column":28}},"1":{"start":{"line":2,"column":0},"end":{"line":2,"column":71}},"2":{"start":{"line":4,"column":12},"end":{"line":4,"column":35}},"3":{"start":{"line":5,"column":19},"end":{"line":5,"column":38}},"4":{"start":{"line":7,"column":15},"end":{"line":7,"column":41}},"5":{"start":{"line":8,"column":19},"end":{"line":8,"column":51}},"6":{"start":{"line":10,"column":15},"end":{"line":12,"column":2}},"7":{"start":{"line":16,"column":2},"end":{"line":21,"column":5}},"8":{"start":{"line":17,"column":4},"end":{"line":20,"column":7}},"9":{"start":{"line":18,"column":6},"end":{"line":18,"column":34}},"10":{"start":{"line":18,"column":15},"end":{"line":18,"column":34}},"11":{"start":{"line":19,"column":6},"end":{"line":19,"column":34}},"12":{"start":{"line":26,"column":24},"end":{"line":26,"column":61}},"13":{"start":{"line":27,"column":2},"end":{"line":27,"column":60}},"14":{"start":{"line":27,"column":22},"end":{"line":27,"column":60}},"15":{"start":{"line":29,"column":14},"end":{"line":29,"column":38}},"16":{"start":{"line":30,"column":14},"end":{"line":30,"column":38}},"17":{"start":{"line":32,"column":2},"end":{"line":45,"column":5}},"18":{"start":{"line":33,"column":4},"end":{"line":44,"column":6}},"19":{"start":{"line":41,"column":8},"end":{"line":42,"column":30}},"20":{"start":{"line":41,"column":17},"end":{"line":41,"column":29}},"21":{"start":{"line":42,"column":13},"end":{"line":42,"column":30}},"22":{"start":{"line":48,"column":0},"end":{"line":48,"column":27}}},"fnMap":{"0":{"name":"getSigningKey","decl":{"start":{"line":15,"column":9},"end":{"line":15,"column":22}},"loc":{"start":{"line":15,"column":28},"end":{"line":22,"column":1}},"line":15},"1":{"name":"(anonymous_1)","decl":{"start":{"line":16,"column":21},"end":{"line":16,"column":22}},"loc":{"start":{"line":16,"column":42},"end":{"line":21,"column":3}},"line":16},"2":{"name":"(anonymous_2)","decl":{"start":{"line":17,"column":30},"end":{"line":17,"column":31}},"loc":{"start":{"line":17,"column":44},"end":{"line":20,"column":5}},"line":17},"3":{"name":"verifyJwt","decl":{"start":{"line":25,"column":15},"end":{"line":25,"column":24}},"loc":{"start":{"line":25,"column":32},"end":{"line":46,"column":1}},"line":25},"4":{"name":"(anonymous_4)","decl":{"start":{"line":32,"column":21},"end":{"line":32,"column":22}},"loc":{"start":{"line":32,"column":42},"end":{"line":45,"column":3}},"line":32},"5":{"name":"(anonymous_5)","decl":{"start":{"line":40,"column":6},"end":{"line":40,"column":7}},"loc":{"start":{"line":40,"column":24},"end":{"line":43,"column":7}},"line":40}},"branchMap":{"0":{"loc":{"start":{"line":18,"column":6},"end":{"line":18,"column":34}},"type":"if","locations":[{"start":{"line":18,"column":6},"end":{"line":18,"column":34}},{"start":{},"end":{}}],"line":18},"1":{"loc":{"start":{"line":27,"column":2},"end":{"line":27,"column":60}},"type":"if","locations":[{"start":{"line":27,"column":2},"end":{"line":27,"column":60}},{"start":{},"end":{}}],"line":27},"2":{"loc":{"start":{"line":41,"column":8},"end":{"line":42,"column":30}},"type":"if","locations":[{"start":{"line":41,"column":8},"end":{"line":42,"column":30}},{"start":{"line":42,"column":13},"end":{"line":42,"column":30}}],"line":41}},"s":{"0":1,"1":1,"2":1,"3":1,"4":1,"5":1,"6":1,"7":1,"8":1,"9":1,"10":0,"11":1,"12":1,"13":1,"14":0,"15":1,"16":1,"17":1,"18":1,"19":1,"20":0,"21":1,"22":1},"f":{"0":1,"1":1,"2":1,"3":1,"4":1,"5":1},"b":{"0":[0,1],"1":[0,1],"2":[0,1]},"_coverageSchema":"1a1c01bbd47fc00a2c39e90264f33305004495a9","hash":"c6d6e71ae1c1dca49953d5e992399e38bd3b9ff3"}
}
