TN:
SF:index.js
FN:84,(anonymous_0)
FN:110,(anonymous_1)
FN:111,(anonymous_2)
FN:116,(anonymous_3)
FN:121,(anonymous_4)
FNF:5
FNH:0
FNDA:0,(anonymous_0)
FNDA:0,(anonymous_1)
FNDA:0,(anonymous_2)
FNDA:0,(anonymous_3)
FNDA:0,(anonymous_4)
DA:3,1
DA:4,1
DA:5,1
DA:6,1
DA:7,1
DA:8,1
DA:9,1
DA:10,1
DA:11,1
DA:12,1
DA:13,1
DA:14,1
DA:15,1
DA:16,1
DA:17,1
DA:18,1
DA:19,1
DA:20,1
DA:21,1
DA:23,1
DA:27,1
DA:30,1
DA:32,1
DA:35,1
DA:39,1
DA:42,1
DA:45,1
DA:46,1
DA:47,1
DA:48,1
DA:50,1
DA:51,1
DA:53,1
DA:54,1
DA:57,1
DA:58,1
DA:61,1
DA:64,1
DA:66,1
DA:68,1
DA:70,1
DA:72,1
DA:74,1
DA:76,1
DA:78,1
DA:80,1
DA:81,1
DA:82,1
DA:84,1
DA:85,0
DA:86,0
DA:102,1
DA:105,1
DA:108,1
DA:109,0
DA:111,0
DA:113,0
DA:117,0
DA:118,0
DA:120,1
DA:121,0
DA:122,0
DA:126,1
LF:63
LH:54
BRDA:35,0,0,1
BRDA:35,0,1,1
BRDA:108,1,0,0
BRDA:108,1,1,1
BRDA:108,2,0,1
BRDA:108,2,1,0
BRDA:120,3,0,0
BRDA:120,3,1,1
BRF:8
BRH:5
end_of_record
TN:
SF:controllers/aiController.js
FN:3,postAI
FNF:1
FNH:0
FNDA:0,postAI
DA:1,1
DA:4,0
DA:5,0
DA:6,0
DA:7,0
DA:10,0
DA:11,0
DA:14,0
DA:15,0
DA:20,1
LF:10
LH:2
BRDA:6,0,0,0
BRDA:6,0,1,0
BRF:2
BRH:0
end_of_record
TN:
SF:controllers/authController.js
FN:3,addToGroup
FNF:1
FNH:0
FNDA:0,addToGroup
DA:1,1
DA:4,0
DA:5,0
DA:7,0
DA:8,0
DA:9,0
DA:13,0
DA:14,0
DA:15,0
DA:16,0
DA:18,0
DA:19,0
DA:23,0
DA:24,0
DA:26,0
DA:28,0
DA:29,0
DA:30,0
DA:32,0
DA:33,0
DA:37,1
LF:21
LH:2
BRDA:13,0,0,0
BRDA:13,0,1,0
BRDA:15,1,0,0
BRDA:15,1,1,0
BRDA:23,2,0,0
BRDA:23,2,1,0
BRF:6
BRH:0
end_of_record
TN:
SF:controllers/calendlyController.js
FN:1,getCalendlyEvents
FNF:1
FNH:0
FNDA:0,getCalendlyEvents
DA:2,0
DA:3,0
DA:4,0
DA:5,0
DA:6,0
DA:7,0
DA:8,0
DA:9,0
DA:10,0
DA:11,0
DA:12,0
DA:14,0
DA:15,0
DA:16,0
DA:17,0
DA:18,0
DA:19,0
DA:21,0
DA:24,1
LF:19
LH:1
BRDA:5,0,0,0
BRDA:5,0,1,0
BRDA:14,1,0,0
BRDA:14,1,1,0
BRF:4
BRH:0
end_of_record
TN:
SF:controllers/chatController.js
FN:16,handleJoin
FN:89,handleMessage
FN:107,(anonymous_2)
FN:128,handleDisconnect
FN:154,createOrGetChat
FN:188,getChatMessagesByChatId
FN:194,deleteChat
FN:200,getChatIds
FN:206,createMessage
FN:235,deleteMessage
FN:243,updateParticipantState
FN:254,(anonymous_11)
FN:266,updateMessage
FN:275,(anonymous_13)
FNF:14
FNH:8
FNDA:0,handleJoin
FNDA:0,handleMessage
FNDA:0,(anonymous_2)
FNDA:0,handleDisconnect
FNDA:1,createOrGetChat
FNDA:1,getChatMessagesByChatId
FNDA:0,deleteChat
FNDA:1,getChatIds
FNDA:2,createMessage
FNDA:0,deleteMessage
FNDA:1,updateParticipantState
FNDA:2,(anonymous_11)
FNDA:1,updateMessage
FNDA:1,(anonymous_13)
DA:1,1
DA:2,1
DA:3,1
DA:4,1
DA:5,1
DA:17,0
DA:18,0
DA:19,0
DA:21,0
DA:24,0
DA:26,0
DA:29,0
DA:30,0
DA:33,0
DA:37,0
DA:38,0
DA:41,0
DA:43,0
DA:45,0
DA:48,0
DA:52,0
DA:53,0
DA:56,0
DA:59,0
DA:62,0
DA:65,0
DA:67,0
DA:73,0
DA:74,0
DA:76,0
DA:90,0
DA:91,0
DA:94,0
DA:103,0
DA:106,0
DA:107,0
DA:108,0
DA:109,0
DA:129,0
DA:140,0
DA:147,0
DA:148,0
DA:151,0
DA:155,1
DA:156,1
DA:157,0
DA:159,1
DA:160,1
DA:161,1
DA:189,1
DA:190,1
DA:191,1
DA:195,0
DA:196,0
DA:197,0
DA:201,1
DA:202,1
DA:203,1
DA:207,2
DA:208,2
DA:209,2
DA:210,0
DA:211,2
DA:212,1
DA:213,1
DA:214,1
DA:215,1
DA:218,1
DA:219,1
DA:221,1
DA:222,1
DA:225,2
DA:232,2
DA:236,0
DA:237,0
DA:240,0
DA:244,1
DA:245,1
DA:246,1
DA:248,1
DA:253,1
DA:254,2
DA:257,1
DA:258,0
DA:261,1
DA:263,1
DA:267,1
DA:268,1
DA:270,1
DA:274,1
DA:275,1
DA:278,1
DA:279,0
DA:282,1
DA:284,1
DA:287,1
LF:96
LH:48
BRDA:24,0,0,0
BRDA:24,0,1,0
BRDA:37,1,0,0
BRDA:37,1,1,0
BRDA:43,2,0,0
BRDA:43,2,1,0
BRDA:52,3,0,0
BRDA:52,3,1,0
BRDA:94,4,0,0
BRDA:94,4,1,0
BRDA:108,5,0,0
BRDA:108,5,1,0
BRDA:113,6,0,0
BRDA:113,6,1,0
BRDA:156,7,0,0
BRDA:156,7,1,1
BRDA:156,8,0,1
BRDA:156,8,1,1
BRDA:209,9,0,0
BRDA:209,9,1,2
BRDA:209,10,0,2
BRDA:209,10,1,1
BRDA:211,11,0,1
BRDA:211,11,1,1
BRDA:257,12,0,0
BRDA:257,12,1,1
BRDA:278,13,0,0
BRDA:278,13,1,1
BRF:28
BRH:10
end_of_record
TN:
SF:controllers/headshotController.js
FN:4,(anonymous_0)
FNF:1
FNH:0
FNDA:0,(anonymous_0)
DA:1,1
DA:2,1
DA:4,1
DA:5,0
DA:6,0
DA:7,0
DA:8,0
DA:9,0
DA:11,0
DA:12,0
DA:15,0
DA:16,0
DA:18,0
DA:24,0
DA:26,0
DA:28,0
DA:29,0
DA:33,1
LF:18
LH:4
BRDA:11,0,0,0
BRDA:11,0,1,0
BRF:2
BRH:0
end_of_record
TN:
SF:controllers/languagesController.js
FN:2,getLanguages
FNF:1
FNH:0
FNDA:0,getLanguages
DA:1,1
DA:3,0
DA:4,0
DA:7,1
LF:4
LH:2
BRF:0
BRH:0
end_of_record
TN:
SF:controllers/notificationController.js
FN:7,getNotifications
FN:28,getUnreadCount
FN:44,markAsRead
FN:65,markAllAsRead
FN:80,deleteNotification
FN:101,createTestNotification
FNF:6
FNH:0
FNDA:0,getNotifications
FNDA:0,getUnreadCount
FNDA:0,markAsRead
FNDA:0,markAllAsRead
FNDA:0,deleteNotification
FNDA:0,createTestNotification
DA:1,1
DA:2,1
DA:8,0
DA:9,0
DA:10,0
DA:12,0
DA:18,0
DA:20,0
DA:21,0
DA:29,0
DA:30,0
DA:32,0
DA:34,0
DA:36,0
DA:37,0
DA:45,0
DA:46,0
DA:47,0
DA:49,0
DA:51,0
DA:52,0
DA:54,0
DA:57,0
DA:58,0
DA:66,0
DA:67,0
DA:68,0
DA:70,0
DA:72,0
DA:73,0
DA:81,0
DA:82,0
DA:83,0
DA:85,0
DA:87,0
DA:88,0
DA:90,0
DA:93,0
DA:94,0
DA:102,0
DA:103,0
DA:104,0
DA:106,0
DA:114,0
DA:116,0
DA:117,0
DA:121,1
LF:47
LH:3
BRDA:10,0,0,0
BRDA:10,1,0,0
BRDA:51,2,0,0
BRDA:51,2,1,0
BRDA:87,3,0,0
BRDA:87,3,1,0
BRDA:104,4,0,0
BRDA:108,5,0,0
BRDA:108,5,1,0
BRDA:109,6,0,0
BRDA:109,6,1,0
BRF:11
BRH:0
end_of_record
TN:
SF:controllers/profileController.js
FN:3,completePatientProfile
FN:138,updatePatientProfile
FN:243,getPatientProfile
FN:273,(anonymous_3)
FN:274,(anonymous_4)
FN:295,completeProviderProfile
FN:373,updateProviderProfile
FN:443,getProviderProfile
FN:463,(anonymous_8)
FN:464,(anonymous_9)
FN:465,(anonymous_10)
FN:466,(anonymous_11)
FN:479,checkProfileStatus
FN:517,deleteUserProfile
FNF:14
FNH:0
FNDA:0,completePatientProfile
FNDA:0,updatePatientProfile
FNDA:0,getPatientProfile
FNDA:0,(anonymous_3)
FNDA:0,(anonymous_4)
FNDA:0,completeProviderProfile
FNDA:0,updateProviderProfile
FNDA:0,getProviderProfile
FNDA:0,(anonymous_8)
FNDA:0,(anonymous_9)
FNDA:0,(anonymous_10)
FNDA:0,(anonymous_11)
FNDA:0,checkProfileStatus
FNDA:0,deleteUserProfile
DA:1,1
DA:4,0
DA:5,0
DA:6,0
DA:7,0
DA:8,0
DA:11,0
DA:25,0
DA:27,0
DA:29,0
DA:30,0
DA:31,0
DA:34,0
DA:36,0
DA:45,0
DA:62,0
DA:64,0
DA:65,0
DA:68,0
DA:69,0
DA:70,0
DA:74,0
DA:75,0
DA:76,0
DA:81,0
DA:82,0
DA:83,0
DA:87,0
DA:88,0
DA:89,0
DA:94,0
DA:96,0
DA:116,0
DA:126,0
DA:128,0
DA:130,0
DA:133,0
DA:134,0
DA:139,0
DA:140,0
DA:141,0
DA:142,0
DA:145,0
DA:157,0
DA:159,0
DA:161,0
DA:162,0
DA:165,0
DA:167,0
DA:175,0
DA:179,0
DA:181,0
DA:182,0
DA:185,0
DA:186,0
DA:187,0
DA:188,0
DA:193,0
DA:194,0
DA:195,0
DA:196,0
DA:200,0
DA:202,0
DA:222,0
DA:232,0
DA:233,0
DA:235,0
DA:238,0
DA:239,0
DA:244,0
DA:245,0
DA:246,0
DA:247,0
DA:250,0
DA:251,0
DA:253,0
DA:254,0
DA:256,0
DA:257,0
DA:259,0
DA:261,0
DA:262,0
DA:264,0
DA:265,0
DA:267,0
DA:268,0
DA:270,0
DA:273,0
DA:274,0
DA:284,0
DA:286,0
DA:289,0
DA:290,0
DA:296,0
DA:297,0
DA:298,0
DA:299,0
DA:300,0
DA:303,0
DA:319,0
DA:321,0
DA:322,0
DA:323,0
DA:326,0
DA:328,0
DA:342,0
DA:363,0
DA:365,0
DA:368,0
DA:369,0
DA:374,0
DA:375,0
DA:376,0
DA:377,0
DA:380,0
DA:396,0
DA:398,0
DA:399,0
DA:402,0
DA:404,0
DA:414,0
DA:433,0
DA:435,0
DA:438,0
DA:439,0
DA:444,0
DA:445,0
DA:446,0
DA:447,0
DA:450,0
DA:451,0
DA:453,0
DA:454,0
DA:456,0
DA:457,0
DA:459,0
DA:461,0
DA:463,0
DA:464,0
DA:465,0
DA:466,0
DA:468,0
DA:469,0
DA:471,0
DA:474,0
DA:475,0
DA:480,0
DA:481,0
DA:482,0
DA:483,0
DA:486,0
DA:487,0
DA:488,0
DA:489,0
DA:491,0
DA:492,0
DA:493,0
DA:494,0
DA:495,0
DA:496,0
DA:497,0
DA:498,0
DA:499,0
DA:500,0
DA:501,0
DA:502,0
DA:503,0
DA:504,0
DA:505,0
DA:507,0
DA:510,0
DA:512,0
DA:513,0
DA:518,0
DA:519,0
DA:520,0
DA:521,0
DA:524,0
DA:525,0
DA:528,0
DA:529,0
DA:530,0
DA:532,0
DA:533,0
DA:536,0
DA:538,0
DA:542,0
DA:544,0
DA:545,0
DA:548,0
DA:549,0
DA:552,0
DA:553,0
DA:554,0
DA:557,0
DA:558,0
DA:559,0
DA:561,0
DA:564,0
DA:565,0
DA:567,0
DA:571,0
DA:572,0
DA:574,0
DA:578,0
DA:580,0
DA:581,0
DA:584,0
DA:585,0
DA:588,0
DA:589,0
DA:591,0
DA:594,0
DA:595,0
DA:597,0
DA:600,0
DA:601,0
DA:603,0
DA:607,0
DA:608,0
DA:609,0
DA:611,0
DA:614,0
DA:615,0
DA:617,0
DA:621,0
DA:622,0
DA:625,0
DA:627,0
DA:628,0
DA:631,0
DA:638,0
DA:639,0
DA:643,1
LF:234
LH:2
BRDA:6,0,0,0
BRDA:6,0,1,0
BRDA:6,1,0,0
BRDA:6,1,1,0
BRDA:18,2,0,0
BRDA:19,3,0,0
BRDA:21,4,0,0
BRDA:22,5,0,0
BRDA:23,6,0,0
BRDA:29,7,0,0
BRDA:29,7,1,0
BRDA:29,8,0,0
BRDA:29,8,1,0
BRDA:29,8,2,0
BRDA:29,8,3,0
BRDA:55,9,0,0
BRDA:55,9,1,0
BRDA:68,10,0,0
BRDA:68,10,1,0
BRDA:68,11,0,0
BRDA:68,11,1,0
BRDA:81,12,0,0
BRDA:81,12,1,0
BRDA:81,13,0,0
BRDA:81,13,1,0
BRDA:118,14,0,0
BRDA:118,14,1,0
BRDA:119,15,0,0
BRDA:119,15,1,0
BRDA:120,16,0,0
BRDA:120,16,1,0
BRDA:121,17,0,0
BRDA:121,17,1,0
BRDA:122,18,0,0
BRDA:122,18,1,0
BRDA:141,19,0,0
BRDA:141,19,1,0
BRDA:141,20,0,0
BRDA:141,20,1,0
BRDA:141,20,2,0
BRDA:161,21,0,0
BRDA:161,21,1,0
BRDA:161,22,0,0
BRDA:161,22,1,0
BRDA:161,22,2,0
BRDA:161,22,3,0
BRDA:176,23,0,0
BRDA:176,23,1,0
BRDA:186,24,0,0
BRDA:186,24,1,0
BRDA:186,25,0,0
BRDA:186,25,1,0
BRDA:194,26,0,0
BRDA:194,26,1,0
BRDA:194,27,0,0
BRDA:194,27,1,0
BRDA:224,28,0,0
BRDA:224,28,1,0
BRDA:225,29,0,0
BRDA:225,29,1,0
BRDA:226,30,0,0
BRDA:226,30,1,0
BRDA:227,31,0,0
BRDA:227,31,1,0
BRDA:228,32,0,0
BRDA:228,32,1,0
BRDA:246,33,0,0
BRDA:246,33,1,0
BRDA:246,34,0,0
BRDA:246,34,1,0
BRDA:256,35,0,0
BRDA:256,35,1,0
BRDA:272,36,0,0
BRDA:272,36,1,0
BRDA:275,37,0,0
BRDA:275,37,1,0
BRDA:282,38,0,0
BRDA:282,38,1,0
BRDA:298,39,0,0
BRDA:298,39,1,0
BRDA:298,40,0,0
BRDA:298,40,1,0
BRDA:306,41,0,0
BRDA:308,42,0,0
BRDA:312,43,0,0
BRDA:314,44,0,0
BRDA:321,45,0,0
BRDA:321,45,1,0
BRDA:321,46,0,0
BRDA:321,46,1,0
BRDA:321,46,2,0
BRDA:321,46,3,0
BRDA:321,46,4,0
BRDA:376,47,0,0
BRDA:376,47,1,0
BRDA:376,48,0,0
BRDA:376,48,1,0
BRDA:376,48,2,0
BRDA:383,49,0,0
BRDA:385,50,0,0
BRDA:389,51,0,0
BRDA:391,52,0,0
BRDA:398,53,0,0
BRDA:398,53,1,0
BRDA:398,54,0,0
BRDA:398,54,1,0
BRDA:398,54,2,0
BRDA:398,54,3,0
BRDA:398,54,4,0
BRDA:446,55,0,0
BRDA:446,55,1,0
BRDA:446,56,0,0
BRDA:446,56,1,0
BRDA:456,57,0,0
BRDA:456,57,1,0
BRDA:463,58,0,0
BRDA:463,58,1,0
BRDA:464,59,0,0
BRDA:464,59,1,0
BRDA:465,60,0,0
BRDA:465,60,1,0
BRDA:466,61,0,0
BRDA:466,61,1,0
BRDA:482,62,0,0
BRDA:482,62,1,0
BRDA:482,63,0,0
BRDA:482,63,1,0
BRDA:486,64,0,0
BRDA:491,65,0,0
BRDA:491,65,1,0
BRDA:499,66,0,0
BRDA:499,66,1,0
BRDA:520,67,0,0
BRDA:520,67,1,0
BRDA:520,68,0,0
BRDA:520,68,1,0
BRDA:528,69,0,0
BRDA:528,69,1,0
BRDA:532,70,0,0
BRDA:532,70,1,0
BRDA:532,71,0,0
BRDA:532,71,1,0
BRDA:538,72,0,0
BRDA:538,72,1,0
BRDA:544,73,0,0
BRDA:544,73,1,0
BRDA:574,74,0,0
BRDA:574,74,1,0
BRDA:580,75,0,0
BRDA:580,75,1,0
BRDA:627,76,0,0
BRDA:627,76,1,0
BRDA:634,77,0,0
BRDA:634,77,1,0
BRF:154
BRH:0
end_of_record
TN:
SF:controllers/providerController.js
FN:14,listProviders
FN:52,getProvider
FN:69,getProviderHeadshot
FN:96,getAuthenticatedProviderProfile
FNF:4
FNH:0
FNDA:0,listProviders
FNDA:0,getProvider
FNDA:0,getProviderHeadshot
FNDA:0,getAuthenticatedProviderProfile
DA:1,1
DA:15,0
DA:25,0
DA:27,0
DA:29,0
DA:45,0
DA:46,0
DA:53,0
DA:54,0
DA:55,0
DA:57,0
DA:58,0
DA:60,0
DA:63,0
DA:64,0
DA:70,0
DA:72,0
DA:73,0
DA:75,0
DA:82,0
DA:84,0
DA:85,0
DA:88,0
DA:89,0
DA:92,0
DA:97,0
DA:98,0
DA:99,0
DA:101,0
DA:102,0
DA:105,0
DA:107,0
DA:108,0
DA:112,1
LF:34
LH:2
BRDA:57,0,0,0
BRDA:57,0,1,0
BRDA:84,1,0,0
BRDA:84,1,1,0
BRDA:88,2,0,0
BRDA:88,2,1,0
BRDA:101,3,0,0
BRDA:101,3,1,0
BRF:8
BRH:0
end_of_record
TN:
SF:controllers/publicController.js
FN:3,getPublicProviders
FNF:1
FNH:0
FNDA:0,getPublicProviders
DA:1,1
DA:4,0
DA:5,0
DA:6,0
DA:11,0
DA:12,0
DA:16,1
LF:7
LH:2
BRF:0
BRH:0
end_of_record
TN:
SF:controllers/resumeController.js
FN:3,resumeHandler
FN:18,newApplicant
FN:31,rejectApplicant
FNF:3
FNH:0
FNDA:0,resumeHandler
FNDA:0,newApplicant
FNDA:0,rejectApplicant
DA:1,1
DA:4,0
DA:5,0
DA:6,0
DA:7,0
DA:9,0
DA:10,0
DA:11,0
DA:14,0
DA:19,0
DA:20,0
DA:21,0
DA:23,0
DA:24,0
DA:25,0
DA:27,0
DA:32,0
DA:33,0
DA:34,0
DA:36,0
DA:37,0
DA:38,0
DA:40,0
DA:44,1
LF:24
LH:2
BRDA:6,0,0,0
BRDA:6,0,1,0
BRDA:20,1,0,0
BRDA:20,1,1,0
BRDA:20,2,0,0
BRDA:20,2,1,0
BRDA:33,3,0,0
BRDA:33,3,1,0
BRF:8
BRH:0
end_of_record
TN:
SF:controllers/scheduleController.js
FN:3,getSchedule
FN:9,updateSchedule
FNF:2
FNH:0
FNDA:0,getSchedule
FNDA:0,updateSchedule
DA:1,1
DA:4,0
DA:6,0
DA:10,0
DA:12,0
DA:15,1
LF:6
LH:2
BRF:0
BRH:0
end_of_record
TN:
SF:controllers/symptomsController.js
FN:3,getSymptoms
FNF:1
FNH:0
FNDA:0,getSymptoms
DA:4,0
DA:7,0
DA:10,1
LF:3
LH:1
BRF:0
BRH:0
end_of_record
TN:
SF:db/pool.js
FNF:0
FNH:0
DA:1,1
DA:2,1
DA:4,1
DA:13,1
LF:4
LH:4
BRF:0
BRH:0
end_of_record
TN:
SF:middleware/verifyToken.js
FN:11,getKey
FN:12,(anonymous_1)
FN:22,(anonymous_2)
FN:29,(anonymous_3)
FN:62,(anonymous_4)
FNF:5
FNH:4
FNDA:7,getKey
FNDA:7,(anonymous_1)
FNDA:7,(anonymous_2)
FNDA:7,(anonymous_3)
FNDA:0,(anonymous_4)
DA:1,1
DA:2,1
DA:3,1
DA:5,1
DA:9,1
DA:12,7
DA:13,7
DA:14,0
DA:15,0
DA:17,7
DA:18,7
DA:22,1
DA:23,7
DA:24,7
DA:25,0
DA:27,7
DA:29,7
DA:30,7
DA:31,0
DA:32,0
DA:36,7
DA:37,7
DA:40,7
DA:41,0
DA:42,0
DA:43,7
DA:44,0
DA:45,7
DA:46,0
DA:48,7
DA:50,7
DA:53,7
DA:57,7
DA:58,0
DA:59,0
DA:60,0
DA:61,0
DA:62,0
DA:64,0
DA:65,0
DA:67,0
DA:70,0
DA:77,7
DA:80,7
DA:84,1
LF:45
LH:27
BRDA:13,0,0,0
BRDA:13,0,1,7
BRDA:17,1,0,7
BRDA:17,1,1,0
BRDA:24,2,0,0
BRDA:24,2,1,7
BRDA:24,3,0,7
BRDA:24,3,1,7
BRDA:30,4,0,0
BRDA:30,4,1,7
BRDA:40,5,0,0
BRDA:40,5,1,7
BRDA:40,6,0,7
BRDA:40,6,1,0
BRDA:41,7,0,0
BRDA:41,7,1,0
BRDA:42,8,0,0
BRDA:42,8,1,0
BRDA:43,9,0,0
BRDA:43,9,1,7
BRDA:45,10,0,0
BRDA:45,10,1,7
BRDA:48,11,0,7
BRDA:48,11,1,0
BRDA:57,12,0,0
BRDA:57,12,1,7
BRDA:64,13,0,0
BRDA:64,13,1,0
BRF:28
BRH:12
end_of_record
TN:
SF:routes/aiRoutes.js
FNF:0
FNH:0
DA:1,1
DA:2,1
DA:4,1
DA:6,1
DA:12,1
LF:5
LH:5
BRF:0
BRH:0
end_of_record
TN:
SF:routes/authRoutes.js
FN:8,(anonymous_0)
FNF:1
FNH:0
FNDA:0,(anonymous_0)
DA:1,1
DA:2,1
DA:3,1
DA:4,1
DA:6,1
DA:8,1
DA:9,0
DA:12,1
LF:8
LH:7
BRF:0
BRH:0
end_of_record
TN:
SF:routes/calendlyRoute.js
FNF:0
FNH:0
DA:1,1
DA:2,1
DA:3,1
DA:5,1
DA:7,1
LF:5
LH:5
BRF:0
BRH:0
end_of_record
TN:
SF:routes/chatRoutes.js
FN:11,(anonymous_0)
FNF:1
FNH:1
FNDA:1,(anonymous_0)
DA:1,1
DA:2,1
DA:3,1
DA:4,1
DA:5,1
DA:6,1
DA:7,1
DA:9,1
DA:12,1
DA:13,1
DA:18,1
DA:20,0
DA:27,1
DA:35,1
DA:39,1
DA:41,1
DA:67,1
DA:74,1
DA:81,1
LF:19
LH:18
BRDA:13,0,0,1
BRDA:13,0,1,0
BRDA:14,1,0,1
BRDA:14,1,1,1
BRDA:14,1,2,0
BRF:5
BRH:3
end_of_record
TN:
SF:routes/headshotRoutes.js
FN:10,(anonymous_0)
FNF:1
FNH:0
FNDA:0,(anonymous_0)
DA:1,1
DA:2,1
DA:3,1
DA:4,1
DA:6,1
DA:8,1
DA:11,0
DA:12,0
DA:13,0
DA:15,0
DA:20,1
DA:27,1
LF:12
LH:8
BRDA:12,0,0,0
BRDA:12,0,1,0
BRF:2
BRH:0
end_of_record
TN:
SF:routes/languagesRoutes.js
FN:5,(anonymous_0)
FNF:1
FNH:0
FNDA:0,(anonymous_0)
DA:1,1
DA:2,1
DA:3,1
DA:5,1
DA:6,0
DA:7,0
DA:8,0
DA:10,0
DA:14,1
LF:9
LH:5
BRF:0
BRH:0
end_of_record
TN:
SF:routes/me.js
FN:14,(anonymous_0)
FNF:1
FNH:0
FNDA:0,(anonymous_0)
DA:1,1
DA:2,1
DA:4,1
DA:5,1
DA:14,1
DA:16,0
DA:17,0
DA:19,0
DA:21,0
DA:23,0
DA:24,0
DA:28,0
DA:29,0
DA:30,0
DA:34,0
DA:36,0
DA:39,0
DA:40,0
DA:43,0
DA:44,0
DA:45,0
DA:46,0
DA:48,0
DA:51,0
DA:52,0
DA:57,1
LF:26
LH:6
BRDA:23,0,0,0
BRDA:23,0,1,0
BRDA:29,1,0,0
BRDA:29,1,1,0
BRDA:39,2,0,0
BRDA:39,2,1,0
BRF:6
BRH:0
end_of_record
TN:
SF:routes/notificationRoutes.js
FNF:0
FNH:0
DA:1,1
DA:2,1
DA:3,1
DA:4,1
DA:5,1
DA:8,1
DA:11,1
DA:14,1
DA:17,1
DA:20,1
DA:23,1
DA:25,1
LF:12
LH:12
BRF:0
BRH:0
end_of_record
TN:
SF:routes/profileRoutes.js
FNF:0
FNH:0
DA:1,1
DA:2,1
DA:3,1
DA:4,1
DA:7,1
DA:10,1
DA:13,1
DA:16,1
DA:19,1
DA:22,1
DA:25,1
DA:28,1
DA:30,1
LF:13
LH:13
BRF:0
BRH:0
end_of_record
TN:
SF:routes/providerRoutes.js
FNF:0
FNH:0
DA:1,1
DA:2,1
DA:4,1
DA:5,1
DA:7,1
DA:8,1
DA:9,1
DA:10,1
DA:12,1
LF:9
LH:9
BRF:0
BRH:0
end_of_record
TN:
SF:routes/publicRoutes.js
FNF:0
FNH:0
DA:1,1
DA:2,1
DA:3,1
DA:5,1
DA:7,1
LF:5
LH:5
BRF:0
BRH:0
end_of_record
TN:
SF:routes/resumeRoute.js
FN:8,(anonymous_0)
FN:19,(anonymous_1)
FN:30,(anonymous_2)
FNF:3
FNH:0
FNDA:0,(anonymous_0)
FNDA:0,(anonymous_1)
FNDA:0,(anonymous_2)
DA:1,1
DA:2,1
DA:4,1
DA:6,1
DA:9,0
DA:10,0
DA:12,0
DA:17,1
DA:20,0
DA:21,0
DA:23,0
DA:28,1
DA:31,0
DA:32,0
DA:34,0
DA:39,1
LF:16
LH:7
BRF:0
BRH:0
end_of_record
TN:
SF:routes/scheduleRoutes.js
FNF:0
FNH:0
DA:1,1
DA:2,1
DA:3,1
DA:4,1
DA:7,1
DA:10,1
DA:12,1
LF:7
LH:7
BRF:0
BRH:0
end_of_record
TN:
SF:routes/symptomsRoute.js
FN:5,(anonymous_0)
FNF:1
FNH:0
FNDA:0,(anonymous_0)
DA:1,1
DA:2,1
DA:3,1
DA:5,1
DA:6,0
DA:7,0
DA:8,0
DA:10,0
DA:14,1
LF:9
LH:5
BRF:0
BRH:0
end_of_record
TN:
SF:routes/webhookRoutes.js
FN:10,(anonymous_0)
FN:93,getAttendeeEmail
FN:105,handleBookingCreated
FN:189,handleBookingCancelled
FN:233,handleBookingRescheduled
FN:278,(anonymous_5)
FNF:6
FNH:0
FNDA:0,(anonymous_0)
FNDA:0,getAttendeeEmail
FNDA:0,handleBookingCreated
FNDA:0,handleBookingCancelled
FNDA:0,handleBookingRescheduled
FNDA:0,(anonymous_5)
DA:1,1
DA:2,1
DA:3,1
DA:4,1
DA:7,1
DA:10,1
DA:11,0
DA:12,0
DA:15,0
DA:22,0
DA:34,0
DA:36,0
DA:38,0
DA:39,0
DA:41,0
DA:42,0
DA:44,0
DA:45,0
DA:47,0
DA:51,0
DA:58,0
DA:59,0
DA:94,0
DA:95,0
DA:96,0
DA:97,0
DA:98,0
DA:101,0
DA:107,0
DA:109,0
DA:110,0
DA:111,0
DA:112,0
DA:113,0
DA:114,0
DA:115,0
DA:116,0
DA:118,0
DA:119,0
DA:121,0
DA:122,0
DA:125,0
DA:128,0
DA:132,0
DA:133,0
DA:135,0
DA:138,0
DA:142,0
DA:143,0
DA:145,0
DA:148,0
DA:151,0
DA:152,0
DA:169,0
DA:172,0
DA:176,0
DA:177,0
DA:179,0
DA:182,0
DA:183,0
DA:185,0
DA:190,0
DA:192,0
DA:193,0
DA:194,0
DA:195,0
DA:197,0
DA:199,0
DA:200,0
DA:201,0
DA:202,0
DA:203,0
DA:204,0
DA:207,0
DA:211,0
DA:212,0
DA:214,0
DA:217,0
DA:221,0
DA:222,0
DA:224,0
DA:227,0
DA:229,0
DA:234,0
DA:236,0
DA:237,0
DA:238,0
DA:239,0
DA:240,0
DA:241,0
DA:242,0
DA:243,0
DA:245,0
DA:247,0
DA:248,0
DA:249,0
DA:251,0
DA:252,0
DA:254,0
DA:255,0
DA:256,0
DA:258,0
DA:261,0
DA:265,0
DA:266,0
DA:268,0
DA:271,0
DA:273,0
DA:278,1
DA:279,0
DA:286,1
LF:111
LH:8
BRDA:22,0,0,0
BRDA:22,0,1,0
BRDA:22,0,2,0
BRDA:36,1,0,0
BRDA:36,1,1,0
BRDA:36,1,2,0
BRDA:36,1,3,0
BRDA:94,2,0,0
BRDA:94,2,1,0
BRDA:94,3,0,0
BRDA:94,3,1,0
BRDA:94,3,2,0
BRDA:95,4,0,0
BRDA:95,4,1,0
BRDA:97,5,0,0
BRDA:97,5,1,0
BRDA:114,6,0,0
BRDA:114,6,1,0
BRDA:115,7,0,0
BRDA:115,7,1,0
BRDA:118,8,0,0
BRDA:118,8,1,0
BRDA:121,9,0,0
BRDA:121,9,1,0
BRDA:121,10,0,0
BRDA:121,10,1,0
BRDA:121,10,2,0
BRDA:121,10,3,0
BRDA:132,11,0,0
BRDA:132,11,1,0
BRDA:142,12,0,0
BRDA:142,12,1,0
BRDA:176,13,0,0
BRDA:176,13,1,0
BRDA:185,14,0,0
BRDA:185,14,1,0
BRDA:194,15,0,0
BRDA:194,15,1,0
BRDA:199,16,0,0
BRDA:199,16,1,0
BRDA:202,17,0,0
BRDA:202,17,1,0
BRDA:211,18,0,0
BRDA:211,18,1,0
BRDA:221,19,0,0
BRDA:221,19,1,0
BRDA:229,20,0,0
BRDA:229,20,1,0
BRDA:241,21,0,0
BRDA:241,21,1,0
BRDA:242,22,0,0
BRDA:242,22,1,0
BRDA:242,23,0,0
BRDA:242,23,1,0
BRDA:242,23,2,0
BRDA:242,23,3,0
BRDA:247,24,0,0
BRDA:247,24,1,0
BRDA:255,25,0,0
BRDA:255,25,1,0
BRDA:265,26,0,0
BRDA:265,26,1,0
BRDA:273,27,0,0
BRDA:273,27,1,0
BRF:64
BRH:0
end_of_record
TN:
SF:services/aiService.js
FN:4,getResearchAnswer
FNF:1
FNH:0
FNDA:0,getResearchAnswer
DA:6,0
DA:17,1
LF:2
LH:1
BRF:0
BRH:0
end_of_record
TN:
SF:services/chatService.js
FN:9,formatMessage
FN:22,verifyChatMembership
FN:46,getMessagesByChatId
FN:54,(anonymous_3)
FN:64,createOrGetChat
FN:98,(anonymous_5)
FN:118,getChatIds
FN:131,uploadFileToS3
FN:150,saveMessageToDb
FN:172,deleteMessageById
FN:186,deleteChat
FN:190,verifyMessageOwnership
FN:199,leaveChat
FN:206,updateParticipantById
FN:210,(anonymous_14)
FN:221,updateMessageById
FN:225,(anonymous_16)
FNF:17
FNH:12
FNDA:0,formatMessage
FNDA:4,verifyChatMembership
FNDA:1,getMessagesByChatId
FNDA:10,(anonymous_3)
FNDA:1,createOrGetChat
FNDA:0,(anonymous_5)
FNDA:1,getChatIds
FNDA:1,uploadFileToS3
FNDA:2,saveMessageToDb
FNDA:0,deleteMessageById
FNDA:0,deleteChat
FNDA:1,verifyMessageOwnership
FNDA:0,leaveChat
FNDA:1,updateParticipantById
FNDA:1,(anonymous_14)
FNDA:1,updateMessageById
FNDA:1,(anonymous_16)
DA:1,1
DA:2,1
DA:3,1
DA:4,1
DA:5,1
DA:6,1
DA:7,1
DA:10,0
DA:23,4
DA:24,4
DA:25,4
DA:26,4
DA:47,1
DA:53,1
DA:54,1
DA:55,10
DA:56,5
DA:61,1
DA:65,1
DA:67,1
DA:77,1
DA:78,1
DA:79,1
DA:88,1
DA:91,0
DA:96,0
DA:98,0
DA:100,0
DA:108,0
DA:119,1
DA:120,1
DA:124,1
DA:132,1
DA:133,1
DA:134,1
DA:135,0
DA:138,1
DA:145,0
DA:146,0
DA:151,2
DA:160,2
DA:169,2
DA:173,0
DA:176,0
DA:177,0
DA:181,0
DA:183,0
DA:187,0
DA:191,1
DA:192,1
DA:193,1
DA:194,1
DA:200,0
DA:207,1
DA:208,1
DA:210,1
DA:212,1
DA:218,1
DA:222,1
DA:223,1
DA:225,1
DA:227,1
DA:233,1
DA:236,1
LF:64
LH:48
BRDA:26,0,0,4
BRDA:26,0,1,0
BRDA:55,1,0,5
BRDA:55,1,1,5
BRDA:77,2,0,1
BRDA:77,2,1,0
BRDA:134,3,0,0
BRDA:134,3,1,1
BRDA:176,4,0,0
BRDA:176,4,1,0
BRDA:194,5,0,1
BRDA:194,5,1,0
BRF:12
BRH:6
end_of_record
TN:
SF:services/cloudfrontService.js
FN:17,createInvalidation
FN:31,getPrivateKeySignedUrl
FNF:2
FNH:1
FNDA:0,createInvalidation
FNDA:5,getPrivateKeySignedUrl
DA:4,1
DA:6,1
DA:7,1
DA:9,1
DA:18,0
DA:28,0
DA:32,5
DA:40,1
LF:8
LH:6
BRF:0
BRH:0
end_of_record
TN:
SF:services/cognitoService.js
FN:13,signUpUser
FN:32,addUserToGroup
FN:57,(anonymous_2)
FN:67,listGroupsForUser
FN:74,(anonymous_4)
FNF:5
FNH:0
FNDA:0,signUpUser
FNDA:0,addUserToGroup
FNDA:0,(anonymous_2)
FNDA:0,listGroupsForUser
FNDA:0,(anonymous_4)
DA:6,1
DA:7,1
DA:9,1
DA:14,0
DA:15,0
DA:17,0
DA:29,0
DA:33,0
DA:36,0
DA:37,0
DA:39,0
DA:40,0
DA:41,0
DA:47,0
DA:48,0
DA:49,0
DA:50,0
DA:53,0
DA:55,0
DA:56,0
DA:57,0
DA:58,0
DA:62,0
DA:68,0
DA:69,0
DA:73,0
DA:74,0
DA:77,1
LF:28
LH:4
BRDA:55,0,0,0
BRDA:55,0,1,0
BRDA:55,1,0,0
BRDA:55,1,1,0
BRF:4
BRH:0
end_of_record
TN:
SF:services/languagesService.js
FN:3,listLanguages
FNF:1
FNH:0
FNDA:0,listLanguages
DA:1,1
DA:4,0
DA:7,1
LF:3
LH:2
BRF:0
BRH:0
end_of_record
TN:
SF:services/notificationService.js
FN:17,createNotification
FN:37,getUserNotifications
FN:57,(anonymous_2)
FN:76,getUnreadCount
FN:96,markAsRead
FN:113,markAllAsRead
FN:131,deleteNotification
FN:147,createAndEmitNotification
FN:167,getUserEmailById
FNF:9
FNH:0
FNDA:0,createNotification
FNDA:0,getUserNotifications
FNDA:0,(anonymous_2)
FNDA:0,getUnreadCount
FNDA:0,markAsRead
FNDA:0,markAllAsRead
FNDA:0,deleteNotification
FNDA:0,createAndEmitNotification
FNDA:0,getUserEmailById
DA:1,1
DA:18,0
DA:20,0
DA:26,0
DA:27,0
DA:38,0
DA:54,0
DA:57,0
DA:77,0
DA:86,0
DA:87,0
DA:97,0
DA:104,0
DA:105,0
DA:114,0
DA:121,0
DA:122,0
DA:132,0
DA:137,0
DA:138,0
DA:148,0
DA:151,0
DA:152,0
DA:154,0
DA:156,0
DA:159,0
DA:168,0
DA:172,0
DA:173,0
DA:176,1
LF:30
LH:2
BRDA:18,0,0,0
BRDA:18,1,0,0
BRDA:37,2,0,0
BRDA:37,3,0,0
BRDA:61,4,0,0
BRDA:61,4,1,0
BRDA:154,5,0,0
BRDA:154,5,1,0
BRF:8
BRH:0
end_of_record
TN:
SF:services/providerService.js
FN:4,(anonymous_0)
FN:22,listProviders
FN:106,getProvider
FN:116,getProviderHeadshotUrl
FN:150,getProviderProfileByCognitoSub
FNF:5
FNH:0
FNDA:0,(anonymous_0)
FNDA:0,listProviders
FNDA:0,getProvider
FNDA:0,getProviderHeadshotUrl
FNDA:0,getProviderProfileByCognitoSub
DA:1,1
DA:2,1
DA:4,1
DA:5,0
DA:10,0
DA:11,0
DA:14,0
DA:16,0
DA:24,0
DA:34,0
DA:35,0
DA:36,0
DA:37,0
DA:38,0
DA:44,0
DA:45,0
DA:46,0
DA:48,0
DA:49,0
DA:51,0
DA:52,0
DA:53,0
DA:56,0
DA:57,0
DA:58,0
DA:61,0
DA:62,0
DA:63,0
DA:67,0
DA:69,0
DA:70,0
DA:71,0
DA:76,0
DA:79,0
DA:80,0
DA:81,0
DA:83,0
DA:86,0
DA:87,0
DA:88,0
DA:90,0
DA:91,0
DA:93,0
DA:107,0
DA:113,0
DA:118,0
DA:123,0
DA:124,0
DA:127,0
DA:129,0
DA:130,0
DA:135,0
DA:136,0
DA:139,0
DA:145,0
DA:147,0
DA:151,0
DA:155,0
DA:158,1
LF:59
LH:4
BRDA:10,0,0,0
BRDA:10,0,1,0
BRDA:38,1,0,0
BRDA:38,1,1,0
BRDA:44,2,0,0
BRDA:44,2,1,0
BRDA:45,3,0,0
BRDA:45,3,1,0
BRDA:51,4,0,0
BRDA:51,4,1,0
BRDA:56,5,0,0
BRDA:56,5,1,0
BRDA:61,6,0,0
BRDA:61,6,1,0
BRDA:67,7,0,0
BRDA:67,7,1,0
BRDA:70,8,0,0
BRDA:70,8,1,0
BRDA:70,9,0,0
BRDA:70,9,1,0
BRDA:72,10,0,0
BRDA:72,10,1,0
BRDA:123,11,0,0
BRDA:123,11,1,0
BRDA:129,12,0,0
BRDA:129,12,1,0
BRF:26
BRH:0
end_of_record
TN:
SF:services/resumeService.js
FN:6,cvHandler
FN:54,(anonymous_1)
FN:55,(anonymous_2)
FN:76,bufferToString
FN:89,addToApplicants
FN:97,deleteApplicant
FNF:6
FNH:0
FNDA:0,cvHandler
FNDA:0,(anonymous_1)
FNDA:0,(anonymous_2)
FNDA:0,bufferToString
FNDA:0,addToApplicants
FNDA:0,deleteApplicant
DA:1,1
DA:2,1
DA:3,1
DA:4,1
DA:7,0
DA:8,0
DA:54,0
DA:55,0
DA:56,0
DA:57,0
DA:58,0
DA:59,0
DA:61,0
DA:71,0
DA:72,0
DA:73,0
DA:77,0
DA:78,0
DA:79,0
DA:80,0
DA:81,0
DA:83,0
DA:86,0
DA:90,0
DA:94,0
DA:98,0
DA:102,0
DA:105,1
LF:28
LH:5
BRDA:57,0,0,0
BRDA:57,0,1,0
BRDA:72,1,0,0
BRDA:72,1,1,0
BRDA:77,2,0,0
BRDA:77,2,1,0
BRF:6
BRH:0
end_of_record
TN:
SF:services/s3Service.js
FN:19,(anonymous_0)
FN:32,(anonymous_1)
FN:43,(anonymous_2)
FNF:3
FNH:1
FNDA:1,(anonymous_0)
FNDA:0,(anonymous_1)
FNDA:0,(anonymous_2)
DA:6,1
DA:8,1
DA:9,1
DA:11,1
DA:19,1
DA:20,1
DA:27,1
DA:29,1
DA:32,1
DA:33,0
DA:38,0
DA:43,1
DA:44,0
DA:49,0
DA:52,1
LF:15
LH:11
BRF:0
BRH:0
end_of_record
TN:
SF:services/socketService.js
FN:15,initializeSocket
FN:27,(anonymous_1)
FN:56,(anonymous_2)
FN:71,(anonymous_3)
FN:78,(anonymous_4)
FN:85,(anonymous_5)
FNF:6
FNH:1
FNDA:1,initializeSocket
FNDA:0,(anonymous_1)
FNDA:0,(anonymous_2)
FNDA:0,(anonymous_3)
FNDA:0,(anonymous_4)
FNDA:0,(anonymous_5)
DA:1,1
DA:2,1
DA:3,1
DA:6,1
DA:9,1
DA:16,1
DA:27,1
DA:28,0
DA:30,0
DA:31,0
DA:34,0
DA:35,0
DA:38,0
DA:46,0
DA:48,0
DA:49,0
DA:56,1
DA:57,0
DA:60,0
DA:61,0
DA:63,0
DA:71,0
DA:72,0
DA:78,0
DA:79,0
DA:85,0
DA:86,0
DA:87,0
DA:88,0
DA:89,0
DA:93,1
DA:96,1
LF:32
LH:10
BRDA:30,0,0,0
BRDA:30,0,1,0
BRDA:40,1,0,0
BRDA:40,1,1,0
BRDA:40,2,0,0
BRDA:40,2,1,0
BRDA:40,3,0,0
BRDA:40,3,1,0
BRDA:42,4,0,0
BRDA:42,4,1,0
BRF:10
BRH:0
end_of_record
TN:
SF:services/symptomsService.js
FN:3,listSymptoms
FNF:1
FNH:0
FNDA:0,listSymptoms
DA:1,1
DA:4,0
DA:7,1
LF:3
LH:2
BRF:0
BRH:0
end_of_record
TN:
SF:utils/dbUtils.js
FN:3,getUserDbId
FNF:1
FNH:1
FNDA:10,getUserDbId
DA:1,1
DA:4,10
DA:5,10
DA:6,10
DA:7,10
DA:8,10
DA:10,10
DA:11,0
DA:13,10
DA:16,10
DA:17,10
DA:20,1
LF:12
LH:11
BRDA:6,0,0,10
BRDA:6,0,1,10
BRDA:10,1,0,0
BRDA:10,1,1,10
BRDA:13,2,0,10
BRDA:13,2,1,0
BRF:6
BRH:4
end_of_record
TN:
SF:utils/hashUtils.js
FN:3,getSecretHash
FNF:1
FNH:1
FNDA:1,getSecretHash
DA:1,1
DA:4,1
DA:10,1
LF:3
LH:3
BRF:0
BRH:0
end_of_record
TN:
SF:utils/parseUtils.js
FN:5,uuidToBytes
FN:10,compareUUIDs
FN:11,(anonymous_2)
FNF:3
FNH:3
FNDA:8,uuidToBytes
FNDA:1,compareUUIDs
FNDA:4,(anonymous_2)
DA:1,1
DA:2,1
DA:6,8
DA:11,1
DA:12,4
DA:13,4
DA:15,4
DA:16,4
DA:17,4
DA:18,4
DA:19,0
DA:20,0
DA:22,0
DA:27,0
DA:31,1
LF:15
LH:11
BRDA:10,0,0,0
BRDA:16,1,0,4
BRDA:16,1,1,0
BRDA:17,2,0,4
BRDA:17,2,1,0
BRDA:19,3,0,0
BRDA:19,3,1,0
BRF:7
BRH:2
end_of_record
TN:
SF:utils/verifyJwt.js
FN:15,getSigningKey
FN:16,(anonymous_1)
FN:17,(anonymous_2)
FN:25,verifyJwt
FN:32,(anonymous_4)
FN:40,(anonymous_5)
FNF:6
FNH:6
FNDA:1,getSigningKey
FNDA:1,(anonymous_1)
FNDA:1,(anonymous_2)
FNDA:1,verifyJwt
FNDA:1,(anonymous_4)
FNDA:1,(anonymous_5)
DA:1,1
DA:2,1
DA:4,1
DA:5,1
DA:7,1
DA:8,1
DA:10,1
DA:16,1
DA:17,1
DA:18,1
DA:19,1
DA:26,1
DA:27,1
DA:29,1
DA:30,1
DA:32,1
DA:33,1
DA:41,1
DA:42,1
DA:48,1
LF:20
LH:20
BRDA:18,0,0,0
BRDA:18,0,1,1
BRDA:27,1,0,0
BRDA:27,1,1,1
BRDA:41,2,0,0
BRDA:41,2,1,1
BRF:6
BRH:3
end_of_record
