TN:
SF:index.js
FN:44,(anonymous_0)
FN:51,(anonymous_1)
FNF:2
FNH:2
FNDA:1,(anonymous_0)
FNDA:1,(anonymous_1)
DA:3,1
DA:4,1
DA:5,1
DA:6,1
DA:7,1
DA:8,1
DA:9,1
DA:10,1
DA:11,1
DA:12,1
DA:13,1
DA:16,1
DA:19,1
DA:22,1
DA:25,1
DA:26,1
DA:29,1
DA:31,1
DA:35,1
DA:38,1
DA:40,1
DA:42,1
DA:44,1
DA:45,1
DA:49,1
DA:51,1
DA:52,1
DA:55,1
LF:28
LH:28
BRDA:22,0,0,1
BRDA:22,0,1,1
BRF:2
BRH:2
end_of_record
TN:
SF:controllers/aiController.js
FN:3,postAI
FNF:1
FNH:0
FNDA:0,postAI
DA:1,1
DA:4,0
DA:5,0
DA:6,0
DA:7,0
DA:10,0
DA:11,0
DA:14,0
DA:15,0
DA:20,1
LF:10
LH:2
BRDA:6,0,0,0
BRDA:6,0,1,0
BRF:2
BRH:0
end_of_record
TN:
SF:controllers/authController.js
FN:8,cognito_signup
FN:24,signUpHelper
FN:208,addToGroup
FNF:3
FNH:0
FNDA:0,cognito_signup
FNDA:0,signUpHelper
FNDA:0,addToGroup
DA:1,1
DA:2,1
DA:3,1
DA:4,1
DA:5,1
DA:9,0
DA:10,0
DA:11,0
DA:17,0
DA:19,0
DA:20,0
DA:26,0
DA:27,0
DA:28,0
DA:30,0
DA:48,0
DA:49,0
DA:56,0
DA:58,0
DA:61,0
DA:70,0
DA:88,0
DA:89,0
DA:92,0
DA:93,0
DA:97,0
DA:98,0
DA:102,0
DA:103,0
DA:107,0
DA:108,0
DA:111,0
DA:124,0
DA:134,0
DA:136,0
DA:137,0
DA:154,0
DA:156,0
DA:157,0
DA:159,0
DA:173,0
DA:196,0
DA:198,0
DA:201,0
DA:203,0
DA:204,0
DA:209,0
DA:210,0
DA:211,0
DA:212,0
DA:213,0
DA:216,1
LF:52
LH:6
BRDA:30,0,0,0
BRDA:30,0,1,0
BRDA:39,1,0,0
BRDA:40,2,0,0
BRDA:44,3,0,0
BRDA:45,4,0,0
BRDA:46,5,0,0
BRDA:47,6,0,0
BRDA:51,7,0,0
BRDA:52,8,0,0
BRDA:53,9,0,0
BRDA:54,10,0,0
BRDA:55,11,0,0
BRDA:137,12,0,0
BRDA:137,12,1,0
BRDA:139,13,0,0
BRDA:141,14,0,0
BRDA:145,15,0,0
BRDA:147,16,0,0
BRDA:153,17,0,0
BRDA:211,18,0,0
BRDA:211,18,1,0
BRF:22
BRH:0
end_of_record
TN:
SF:controllers/calendlyController.js
FN:1,getCalendlyEvents
FNF:1
FNH:0
FNDA:0,getCalendlyEvents
DA:2,0
DA:3,0
DA:4,0
DA:5,0
DA:6,0
DA:7,0
DA:8,0
DA:9,0
DA:10,0
DA:11,0
DA:12,0
DA:14,0
DA:15,0
DA:16,0
DA:17,0
DA:18,0
DA:19,0
DA:21,0
DA:24,1
LF:19
LH:1
BRDA:5,0,0,0
BRDA:5,0,1,0
BRDA:14,1,0,0
BRDA:14,1,1,0
BRF:4
BRH:0
end_of_record
TN:
SF:controllers/chatController.js
FN:13,handleJoin
FN:34,handleMessage
FN:54,handleDisconnect
FN:79,createOrGetChat
FN:86,getChatMessages
FN:92,deleteChat
FN:99,getChatIds
FN:105,createMessage
FN:131,deleteMessage
FNF:9
FNH:1
FNDA:0,handleJoin
FNDA:0,handleMessage
FNDA:0,handleDisconnect
FNDA:1,createOrGetChat
FNDA:0,getChatMessages
FNDA:0,deleteChat
FNDA:0,getChatIds
FNDA:0,createMessage
FNDA:0,deleteMessage
DA:1,1
DA:2,1
DA:3,1
DA:14,0
DA:16,0
DA:21,0
DA:22,0
DA:35,0
DA:36,0
DA:39,0
DA:48,0
DA:55,0
DA:66,0
DA:72,0
DA:73,0
DA:76,0
DA:80,1
DA:81,1
DA:82,1
DA:83,0
DA:87,0
DA:88,0
DA:89,0
DA:93,0
DA:94,0
DA:95,0
DA:96,0
DA:100,0
DA:101,0
DA:102,0
DA:106,0
DA:107,0
DA:108,0
DA:109,0
DA:110,0
DA:111,0
DA:112,0
DA:113,0
DA:117,0
DA:118,0
DA:121,0
DA:128,0
DA:132,0
DA:133,0
DA:134,0
DA:138,0
DA:141,1
LF:47
LH:7
BRDA:39,0,0,0
BRDA:39,0,1,0
BRDA:108,1,0,0
BRDA:108,1,1,0
BRDA:108,2,0,0
BRDA:108,2,1,0
BRDA:110,3,0,0
BRDA:110,3,1,0
BRF:8
BRH:0
end_of_record
TN:
SF:controllers/headshotController.js
FN:4,(anonymous_0)
FNF:1
FNH:0
FNDA:0,(anonymous_0)
DA:1,1
DA:2,1
DA:4,1
DA:5,0
DA:6,0
DA:7,0
DA:9,0
DA:10,0
DA:13,0
DA:14,0
DA:16,0
DA:22,0
DA:24,0
DA:26,0
DA:27,0
DA:31,1
LF:16
LH:4
BRDA:9,0,0,0
BRDA:9,0,1,0
BRF:2
BRH:0
end_of_record
TN:
SF:controllers/providerController.js
FN:14,listProviders
FN:60,getProvider
FNF:2
FNH:0
FNDA:0,listProviders
FNDA:0,getProvider
DA:1,1
DA:15,0
DA:25,0
DA:27,0
DA:37,0
DA:53,0
DA:54,0
DA:61,0
DA:62,0
DA:63,0
DA:65,0
DA:66,0
DA:68,0
DA:71,0
DA:72,0
DA:78,1
LF:16
LH:2
BRDA:65,0,0,0
BRDA:65,0,1,0
BRF:2
BRH:0
end_of_record
TN:
SF:db/pool.js
FNF:0
FNH:0
DA:1,1
DA:2,1
DA:4,1
DA:13,1
LF:4
LH:4
BRF:0
BRH:0
end_of_record
TN:
SF:middleware/verifyToken.js
FN:3,(anonymous_0)
FNF:1
FNH:1
FNDA:1,(anonymous_0)
DA:1,1
DA:3,1
DA:4,1
DA:6,1
DA:7,0
DA:10,1
DA:11,1
DA:14,1
DA:16,1
DA:18,0
DA:19,0
LF:11
LH:8
BRDA:6,0,0,0
BRDA:6,0,1,1
BRF:2
BRH:1
end_of_record
TN:
SF:routes/aiRoutes.js
FNF:0
FNH:0
DA:1,1
DA:2,1
DA:4,1
DA:6,1
DA:12,1
LF:5
LH:5
BRF:0
BRH:0
end_of_record
TN:
SF:routes/authRoutes.js
FN:10,(anonymous_0)
FNF:1
FNH:0
FNDA:0,(anonymous_0)
DA:1,1
DA:2,1
DA:7,1
DA:8,1
DA:10,1
DA:11,0
DA:17,1
DA:18,1
DA:19,1
DA:21,1
LF:10
LH:9
BRF:0
BRH:0
end_of_record
TN:
SF:routes/calendlyRoute.js
FNF:0
FNH:0
DA:1,1
DA:2,1
DA:3,1
DA:5,1
DA:7,1
LF:5
LH:5
BRF:0
BRH:0
end_of_record
TN:
SF:routes/chatRoutes.js
FN:11,(anonymous_0)
FNF:1
FNH:0
FNDA:0,(anonymous_0)
DA:1,1
DA:2,1
DA:3,1
DA:4,1
DA:5,1
DA:6,1
DA:7,1
DA:9,1
DA:12,0
DA:13,0
DA:18,0
DA:20,0
DA:25,1
DA:33,1
DA:41,1
DA:48,1
DA:50,1
DA:57,1
DA:59,1
LF:19
LH:15
BRDA:13,0,0,0
BRDA:13,0,1,0
BRDA:14,1,0,0
BRDA:14,1,1,0
BRDA:14,1,2,0
BRF:5
BRH:0
end_of_record
TN:
SF:routes/headshotRoutes.js
FN:10,(anonymous_0)
FNF:1
FNH:0
FNDA:0,(anonymous_0)
DA:1,1
DA:2,1
DA:3,1
DA:4,1
DA:6,1
DA:8,1
DA:11,0
DA:12,0
DA:13,0
DA:15,0
DA:20,1
DA:27,1
LF:12
LH:8
BRDA:12,0,0,0
BRDA:12,0,1,0
BRF:2
BRH:0
end_of_record
TN:
SF:routes/providerRoutes.js
FNF:0
FNH:0
DA:1,1
DA:2,1
DA:4,1
DA:5,1
DA:6,1
DA:7,1
DA:10,1
LF:7
LH:7
BRF:0
BRH:0
end_of_record
TN:
SF:services/aiService.js
FN:4,getResearchAnswer
FNF:1
FNH:0
FNDA:0,getResearchAnswer
DA:6,0
DA:17,1
LF:2
LH:1
BRF:0
BRH:0
end_of_record
TN:
SF:services/chatService.js
FN:10,formatMessage
FN:18,verifyChatMembership
FN:42,getMessagesByChatId
FN:50,(anonymous_3)
FN:58,createOrGetChat
FN:85,(anonymous_5)
FN:98,removeChatMemberShip
FN:105,getChatIds
FN:117,uploadFileToS3
FN:140,saveMessageToDb
FN:162,deleteMessageById
FN:169,verifyMessageOwnership
FNF:12
FNH:1
FNDA:0,formatMessage
FNDA:0,verifyChatMembership
FNDA:0,getMessagesByChatId
FNDA:0,(anonymous_3)
FNDA:1,createOrGetChat
FNDA:0,(anonymous_5)
FNDA:0,removeChatMemberShip
FNDA:0,getChatIds
FNDA:0,uploadFileToS3
FNDA:0,saveMessageToDb
FNDA:0,deleteMessageById
FNDA:0,verifyMessageOwnership
DA:1,1
DA:2,1
DA:3,1
DA:4,1
DA:5,1
DA:6,1
DA:8,1
DA:11,0
DA:19,0
DA:20,0
DA:21,0
DA:22,0
DA:43,0
DA:49,0
DA:50,0
DA:51,0
DA:52,0
DA:55,0
DA:60,1
DA:62,1
DA:64,1
DA:74,0
DA:75,0
DA:78,0
DA:83,0
DA:85,0
DA:87,0
DA:95,0
DA:99,0
DA:106,0
DA:110,0
DA:118,0
DA:119,0
DA:120,0
DA:121,0
DA:124,0
DA:127,0
DA:135,0
DA:136,0
DA:141,0
DA:150,0
DA:159,0
DA:163,0
DA:170,0
DA:171,0
DA:172,0
DA:173,0
DA:178,1
LF:48
LH:11
BRDA:22,0,0,0
BRDA:22,0,1,0
BRDA:51,1,0,0
BRDA:51,1,1,0
BRDA:58,2,0,1
BRDA:62,3,0,1
BRDA:62,3,1,0
BRDA:62,4,0,1
BRDA:62,4,1,0
BRDA:74,5,0,0
BRDA:74,5,1,0
BRDA:120,6,0,0
BRDA:120,6,1,0
BRDA:173,7,0,0
BRDA:173,7,1,0
BRF:15
BRH:3
end_of_record
TN:
SF:services/cognitoService.js
FN:12,signUpUser
FN:31,addUserToGroup
FNF:2
FNH:0
FNDA:0,signUpUser
FNDA:0,addUserToGroup
DA:5,1
DA:6,1
DA:8,1
DA:13,0
DA:14,0
DA:16,0
DA:28,0
DA:32,0
DA:33,0
DA:38,0
DA:42,1
LF:11
LH:4
BRF:0
BRH:0
end_of_record
TN:
SF:services/providerService.js
FN:4,(anonymous_0)
FN:22,listProviders
FN:110,getProvider
FNF:3
FNH:0
FNDA:0,(anonymous_0)
FNDA:0,listProviders
FNDA:0,getProvider
DA:1,1
DA:2,1
DA:4,1
DA:5,0
DA:10,0
DA:11,0
DA:14,0
DA:16,0
DA:24,0
DA:34,0
DA:35,0
DA:36,0
DA:37,0
DA:38,0
DA:44,0
DA:45,0
DA:46,0
DA:48,0
DA:49,0
DA:51,0
DA:52,0
DA:53,0
DA:56,0
DA:57,0
DA:58,0
DA:61,0
DA:62,0
DA:63,0
DA:67,0
DA:69,0
DA:70,0
DA:71,0
DA:76,0
DA:79,0
DA:80,0
DA:81,0
DA:83,0
DA:86,0
DA:87,0
DA:88,0
DA:90,0
DA:91,0
DA:93,0
DA:111,0
DA:117,0
DA:120,1
LF:46
LH:4
BRDA:10,0,0,0
BRDA:10,0,1,0
BRDA:38,1,0,0
BRDA:38,1,1,0
BRDA:44,2,0,0
BRDA:44,2,1,0
BRDA:45,3,0,0
BRDA:45,3,1,0
BRDA:51,4,0,0
BRDA:51,4,1,0
BRDA:56,5,0,0
BRDA:56,5,1,0
BRDA:61,6,0,0
BRDA:61,6,1,0
BRDA:67,7,0,0
BRDA:67,7,1,0
BRDA:70,8,0,0
BRDA:70,8,1,0
BRDA:70,9,0,0
BRDA:70,9,1,0
BRDA:72,10,0,0
BRDA:72,10,1,0
BRDA:101,11,0,0
BRDA:101,11,1,0
BRDA:104,12,0,0
BRDA:104,12,1,0
BRF:26
BRH:0
end_of_record
TN:
SF:services/s3Service.js
FN:18,(anonymous_0)
FN:31,(anonymous_1)
FNF:2
FNH:0
FNDA:0,(anonymous_0)
FNDA:0,(anonymous_1)
DA:5,1
DA:7,1
DA:8,1
DA:10,1
DA:18,1
DA:19,0
DA:26,0
DA:28,0
DA:31,1
DA:32,0
DA:37,0
DA:41,1
LF:12
LH:7
BRF:0
BRH:0
end_of_record
TN:
SF:services/socketService.js
FN:15,initializeSocket
FN:27,(anonymous_1)
FN:53,(anonymous_2)
FN:67,(anonymous_3)
FN:74,(anonymous_4)
FN:81,(anonymous_5)
FNF:6
FNH:1
FNDA:1,initializeSocket
FNDA:0,(anonymous_1)
FNDA:0,(anonymous_2)
FNDA:0,(anonymous_3)
FNDA:0,(anonymous_4)
FNDA:0,(anonymous_5)
DA:1,1
DA:2,1
DA:3,1
DA:6,1
DA:9,1
DA:16,1
DA:27,1
DA:28,0
DA:30,0
DA:31,0
DA:34,0
DA:35,0
DA:38,0
DA:43,0
DA:45,0
DA:46,0
DA:53,1
DA:54,0
DA:57,0
DA:58,0
DA:60,0
DA:67,0
DA:68,0
DA:74,0
DA:75,0
DA:81,0
DA:82,0
DA:83,0
DA:84,0
DA:85,0
DA:89,1
DA:92,1
LF:32
LH:10
BRDA:30,0,0,0
BRDA:30,0,1,0
BRF:2
BRH:0
end_of_record
TN:
SF:utils/dbUtils.js
FN:3,getUserDbId
FNF:1
FNH:1
FNDA:1,getUserDbId
DA:1,1
DA:4,1
DA:5,1
DA:6,1
DA:7,1
DA:8,0
DA:10,1
DA:13,1
DA:14,1
DA:17,1
LF:10
LH:9
BRDA:6,0,0,1
BRDA:6,0,1,1
BRDA:7,1,0,0
BRDA:7,1,1,1
BRDA:10,2,0,1
BRDA:10,2,1,0
BRF:6
BRH:4
end_of_record
TN:
SF:utils/hashUtils.js
FN:3,getSecretHash
FNF:1
FNH:1
FNDA:2,getSecretHash
DA:1,1
DA:4,2
DA:10,1
LF:3
LH:3
BRF:0
BRH:0
end_of_record
TN:
SF:utils/parseUtils.js
FN:5,uuidToBytes
FN:10,compareUUIDs
FN:11,(anonymous_2)
FNF:3
FNH:3
FNDA:8,uuidToBytes
FNDA:1,compareUUIDs
FNDA:4,(anonymous_2)
DA:1,2
DA:2,2
DA:6,8
DA:11,1
DA:12,4
DA:13,4
DA:15,4
DA:16,4
DA:17,4
DA:18,4
DA:19,0
DA:20,0
DA:22,0
DA:27,0
DA:31,2
LF:15
LH:11
BRDA:10,0,0,0
BRDA:16,1,0,4
BRDA:16,1,1,0
BRDA:17,2,0,4
BRDA:17,2,1,0
BRDA:19,3,0,0
BRDA:19,3,1,0
BRF:7
BRH:2
end_of_record
TN:
SF:utils/verifyJwt.js
FN:15,getSigningKey
FN:16,(anonymous_1)
FN:17,(anonymous_2)
FN:25,verifyJwt
FN:32,(anonymous_4)
FN:40,(anonymous_5)
FNF:6
FNH:6
FNDA:1,getSigningKey
FNDA:1,(anonymous_1)
FNDA:1,(anonymous_2)
FNDA:1,verifyJwt
FNDA:1,(anonymous_4)
FNDA:1,(anonymous_5)
DA:1,1
DA:2,1
DA:4,1
DA:5,1
DA:7,1
DA:8,1
DA:10,1
DA:16,1
DA:17,1
DA:18,1
DA:19,1
DA:26,1
DA:27,1
DA:29,1
DA:30,1
DA:32,1
DA:33,1
DA:41,1
DA:42,1
DA:48,1
LF:20
LH:20
BRDA:18,0,0,0
BRDA:18,0,1,1
BRDA:27,1,0,0
BRDA:27,1,1,1
BRDA:41,2,0,0
BRDA:41,2,1,1
BRF:6
BRH:3
end_of_record
